# JRE version: OpenJDK Runtime Environment Temurin-21.0.8+9 (21.0.8+9) (build 21.0.8+9-LTS)
# Java VM: OpenJDK 64-Bit Server VM Temurin-21.0.8+9 (21.0.8+9-LTS, mixed mode, sharing, tiered, compressed oops, compressed class ptrs, parallel gc, windows-amd64)
GC Precious Log:
 CardTable entry size: 512
 CPUs: 12 total, 12 available
 Memory: 5989M
 Large Page Support: Disabled
 NUMA Support: Disabled
 Compressed Oops: Enabled (32-bit)
 Alignments: Space 512K, Generation 512K, Heap 2M
 Heap Min Capacity: 100M
 Heap Initial Capacity: 100M
 Heap Max Capacity: 2G
 Pre-touch: Disabled
 Parallel Workers: 10
Heap:
 PSYoungGen      total 1536K, used 1215K [0x00000000d5580000, 0x00000000d5980000, 0x0000000100000000)
  eden space 1024K, 99% used [0x00000000d5580000,0x00000000d567fff0,0x00000000d5680000)
  from space 512K, 37% used [0x00000000d5900000,0x00000000d5930000,0x00000000d5980000)
  to   space 512K, 0% used [0x00000000d5880000,0x00000000d5880000,0x00000000d5900000)
 ParOldGen       total 621568K, used 621487K [0x0000000080000000, 0x00000000a5f00000, 0x00000000d5580000)
  object space 621568K, 99% used [0x0000000080000000,0x00000000a5eebd00,0x00000000a5f00000)
 Metaspace       used 86044K, committed 87808K, reserved 1179648K
  class space    used 10031K, committed 10816K, reserved 1048576K
GC Heap History (20 events):
Event: 238.193 GC heap before
{Heap before GC invocations=1579 (full 4):
 PSYoungGen      total 2560K, used 2534K [0x00000000d5580000, 0x00000000d6200000, 0x0000000100000000)
  eden space 1024K, 100% used [0x00000000d5580000,0x00000000d5680000,0x00000000d5680000)
  from space 1536K, 98% used [0x00000000d5b80000,0x00000000d5cf99f0,0x00000000d5d00000)
  to   space 5120K, 0% used [0x00000000d5680000,0x00000000d5680000,0x00000000d5b80000)
 ParOldGen       total 617472K, used 616978K [0x0000000080000000, 0x00000000a5b00000, 0x00000000d5580000)
  object space 617472K, 99% used [0x0000000080000000,0x00000000a5a84958,0x00000000a5b00000)
 Metaspace       used 85957K, committed 87744K, reserved 1179648K
  class space    used 10021K, committed 10816K, reserved 1048576K
}
Event: 238.203 GC heap after
{Heap after GC invocations=1579 (full 4):
 PSYoungGen      total 2560K, used 1120K [0x00000000d5580000, 0x00000000d5c00000, 0x0000000100000000)
  eden space 1024K, 0% used [0x00000000d5580000,0x00000000d5580000,0x00000000d5680000)
  from space 1536K, 72% used [0x00000000d5680000,0x00000000d5798000,0x00000000d5800000)
  to   space 2560K, 0% used [0x00000000d5980000,0x00000000d5980000,0x00000000d5c00000)
 ParOldGen       total 619008K, used 618544K [0x0000000080000000, 0x00000000a5c80000, 0x00000000d5580000)
  object space 619008K, 99% used [0x0000000080000000,0x00000000a5c0c348,0x00000000a5c80000)
 Metaspace       used 85957K, committed 87744K, reserved 1179648K
  class space    used 10021K, committed 10816K, reserved 1048576K
}
Event: 238.386 GC heap before
{Heap before GC invocations=1580 (full 4):
 PSYoungGen      total 2560K, used 2143K [0x00000000d5580000, 0x00000000d5c00000, 0x0000000100000000)
  eden space 1024K, 99% used [0x00000000d5580000,0x00000000d567fff0,0x00000000d5680000)
  from space 1536K, 72% used [0x00000000d5680000,0x00000000d5798000,0x00000000d5800000)
  to   space 2560K, 0% used [0x00000000d5980000,0x00000000d5980000,0x00000000d5c00000)
 ParOldGen       total 619008K, used 618544K [0x0000000080000000, 0x00000000a5c80000, 0x00000000d5580000)
  object space 619008K, 99% used [0x0000000080000000,0x00000000a5c0c348,0x00000000a5c80000)
 Metaspace       used 85957K, committed 87744K, reserved 1179648K
  class space    used 10021K, committed 10816K, reserved 1048576K
}
Event: 238.392 GC heap after
{Heap after GC invocations=1580 (full 4):
 PSYoungGen      total 2048K, used 576K [0x00000000d5580000, 0x00000000d5a80000, 0x0000000100000000)
  eden space 1024K, 0% used [0x00000000d5580000,0x00000000d5580000,0x00000000d5680000)
  from space 1024K, 56% used [0x00000000d5980000,0x00000000d5a10000,0x00000000d5a80000)
  to   space 1024K, 0% used [0x00000000d5880000,0x00000000d5880000,0x00000000d5980000)
 ParOldGen       total 619520K, used 619496K [0x0000000080000000, 0x00000000a5d00000, 0x00000000d5580000)
  object space 619520K, 99% used [0x0000000080000000,0x00000000a5cfa348,0x00000000a5d00000)
 Metaspace       used 85957K, committed 87744K, reserved 1179648K
  class space    used 10021K, committed 10816K, reserved 1048576K
}
Event: 238.532 GC heap before
{Heap before GC invocations=1581 (full 4):
 PSYoungGen      total 2048K, used 1600K [0x00000000d5580000, 0x00000000d5a80000, 0x0000000100000000)
  eden space 1024K, 100% used [0x00000000d5580000,0x00000000d5680000,0x00000000d5680000)
  from space 1024K, 56% used [0x00000000d5980000,0x00000000d5a10000,0x00000000d5a80000)
  to   space 1024K, 0% used [0x00000000d5880000,0x00000000d5880000,0x00000000d5980000)
 ParOldGen       total 619520K, used 619496K [0x0000000080000000, 0x00000000a5d00000, 0x00000000d5580000)
  object space 619520K, 99% used [0x0000000080000000,0x00000000a5cfa348,0x00000000a5d00000)
 Metaspace       used 85957K, committed 87744K, reserved 1179648K
  class space    used 10021K, committed 10816K, reserved 1048576K
}
Event: 238.537 GC heap after
{Heap after GC invocations=1581 (full 4):
 PSYoungGen      total 1536K, used 416K [0x00000000d5580000, 0x00000000d5a00000, 0x0000000100000000)
  eden space 1024K, 0% used [0x00000000d5580000,0x00000000d5580000,0x00000000d5680000)
  from space 512K, 81% used [0x00000000d5880000,0x00000000d58e8020,0x00000000d5900000)
  to   space 1024K, 0% used [0x00000000d5900000,0x00000000d5900000,0x00000000d5a00000)
 ParOldGen       total 620032K, used 619880K [0x0000000080000000, 0x00000000a5d80000, 0x00000000d5580000)
  object space 620032K, 99% used [0x0000000080000000,0x00000000a5d5a348,0x00000000a5d80000)
 Metaspace       used 85957K, committed 87744K, reserved 1179648K
  class space    used 10021K, committed 10816K, reserved 1048576K
}
Event: 238.607 GC heap before
{Heap before GC invocations=1582 (full 4):
 PSYoungGen      total 1536K, used 1440K [0x00000000d5580000, 0x00000000d5a00000, 0x0000000100000000)
  eden space 1024K, 100% used [0x00000000d5580000,0x00000000d5680000,0x00000000d5680000)
  from space 512K, 81% used [0x00000000d5880000,0x00000000d58e8020,0x00000000d5900000)
  to   space 1024K, 0% used [0x00000000d5900000,0x00000000d5900000,0x00000000d5a00000)
 ParOldGen       total 620032K, used 619880K [0x0000000080000000, 0x00000000a5d80000, 0x00000000d5580000)
  object space 620032K, 99% used [0x0000000080000000,0x00000000a5d5a348,0x00000000a5d80000)
 Metaspace       used 85958K, committed 87744K, reserved 1179648K
  class space    used 10021K, committed 10816K, reserved 1048576K
}
Event: 238.611 GC heap after
{Heap after GC invocations=1582 (full 4):
 PSYoungGen      total 1536K, used 480K [0x00000000d5580000, 0x00000000d5980000, 0x0000000100000000)
  eden space 1024K, 0% used [0x00000000d5580000,0x00000000d5580000,0x00000000d5680000)
  from space 512K, 93% used [0x00000000d5900000,0x00000000d5978000,0x00000000d5980000)
  to   space 512K, 0% used [0x00000000d5880000,0x00000000d5880000,0x00000000d5900000)
 ParOldGen       total 620544K, used 620220K [0x0000000080000000, 0x00000000a5e00000, 0x00000000d5580000)
  object space 620544K, 99% used [0x0000000080000000,0x00000000a5daf2a0,0x00000000a5e00000)
 Metaspace       used 85958K, committed 87744K, reserved 1179648K
  class space    used 10021K, committed 10816K, reserved 1048576K
}
Event: 238.646 GC heap before
{Heap before GC invocations=1583 (full 4):
 PSYoungGen      total 1536K, used 1504K [0x00000000d5580000, 0x00000000d5980000, 0x0000000100000000)
  eden space 1024K, 100% used [0x00000000d5580000,0x00000000d5680000,0x00000000d5680000)
  from space 512K, 93% used [0x00000000d5900000,0x00000000d5978000,0x00000000d5980000)
  to   space 512K, 0% used [0x00000000d5880000,0x00000000d5880000,0x00000000d5900000)
 ParOldGen       total 620544K, used 620220K [0x0000000080000000, 0x00000000a5e00000, 0x00000000d5580000)
  object space 620544K, 99% used [0x0000000080000000,0x00000000a5daf2a0,0x00000000a5e00000)
 Metaspace       used 85960K, committed 87744K, reserved 1179648K
  class space    used 10021K, committed 10816K, reserved 1048576K
}
Event: 238.650 GC heap after
{Heap after GC invocations=1583 (full 4):
 PSYoungGen      total 1536K, used 416K [0x00000000d5580000, 0x00000000d5980000, 0x0000000100000000)
  eden space 1024K, 0% used [0x00000000d5580000,0x00000000d5580000,0x00000000d5680000)
  from space 512K, 81% used [0x00000000d5880000,0x00000000d58e8000,0x00000000d5900000)
  to   space 512K, 0% used [0x00000000d5900000,0x00000000d5900000,0x00000000d5980000)
 ParOldGen       total 620544K, used 620491K [0x0000000080000000, 0x00000000a5e00000, 0x00000000d5580000)
  object space 620544K, 99% used [0x0000000080000000,0x00000000a5df2da8,0x00000000a5e00000)
 Metaspace       used 85960K, committed 87744K, reserved 1179648K
  class space    used 10021K, committed 10816K, reserved 1048576K
}
Event: 238.671 GC heap before
{Heap before GC invocations=1584 (full 4):
 PSYoungGen      total 1536K, used 1439K [0x00000000d5580000, 0x00000000d5980000, 0x0000000100000000)
  eden space 1024K, 99% used [0x00000000d5580000,0x00000000d567ffd8,0x00000000d5680000)
  from space 512K, 81% used [0x00000000d5880000,0x00000000d58e8000,0x00000000d5900000)
  to   space 512K, 0% used [0x00000000d5900000,0x00000000d5900000,0x00000000d5980000)
 ParOldGen       total 620544K, used 620491K [0x0000000080000000, 0x00000000a5e00000, 0x00000000d5580000)
  object space 620544K, 99% used [0x0000000080000000,0x00000000a5df2da8,0x00000000a5e00000)
 Metaspace       used 85960K, committed 87744K, reserved 1179648K
  class space    used 10021K, committed 10816K, reserved 1048576K
}
Event: 238.676 GC heap after
{Heap after GC invocations=1584 (full 4):
 PSYoungGen      total 1536K, used 416K [0x00000000d5580000, 0x00000000d5980000, 0x0000000100000000)
  eden space 1024K, 0% used [0x00000000d5580000,0x00000000d5580000,0x00000000d5680000)
  from space 512K, 81% used [0x00000000d5900000,0x00000000d5968000,0x00000000d5980000)
  to   space 512K, 0% used [0x00000000d5880000,0x00000000d5880000,0x00000000d5900000)
 ParOldGen       total 621056K, used 620723K [0x0000000080000000, 0x00000000a5e80000, 0x00000000d5580000)
  object space 621056K, 99% used [0x0000000080000000,0x00000000a5e2cda8,0x00000000a5e80000)
 Metaspace       used 85960K, committed 87744K, reserved 1179648K
  class space    used 10021K, committed 10816K, reserved 1048576K
}
Event: 238.778 GC heap before
{Heap before GC invocations=1585 (full 4):
 PSYoungGen      total 1536K, used 1439K [0x00000000d5580000, 0x00000000d5980000, 0x0000000100000000)
  eden space 1024K, 99% used [0x00000000d5580000,0x00000000d567ff98,0x00000000d5680000)
  from space 512K, 81% used [0x00000000d5900000,0x00000000d5968000,0x00000000d5980000)
  to   space 512K, 0% used [0x00000000d5880000,0x00000000d5880000,0x00000000d5900000)
 ParOldGen       total 621056K, used 620723K [0x0000000080000000, 0x00000000a5e80000, 0x00000000d5580000)
  object space 621056K, 99% used [0x0000000080000000,0x00000000a5e2cda8,0x00000000a5e80000)
 Metaspace       used 85961K, committed 87744K, reserved 1179648K
  class space    used 10021K, committed 10816K, reserved 1048576K
}
Event: 238.785 GC heap after
{Heap after GC invocations=1585 (full 4):
 PSYoungGen      total 1536K, used 448K [0x00000000d5580000, 0x00000000d5980000, 0x0000000100000000)
  eden space 1024K, 0% used [0x00000000d5580000,0x00000000d5580000,0x00000000d5680000)
  from space 512K, 87% used [0x00000000d5880000,0x00000000d58f0000,0x00000000d5900000)
  to   space 512K, 0% used [0x00000000d5900000,0x00000000d5900000,0x00000000d5980000)
 ParOldGen       total 621056K, used 620994K [0x0000000080000000, 0x00000000a5e80000, 0x00000000d5580000)
  object space 621056K, 99% used [0x0000000080000000,0x00000000a5e70840,0x00000000a5e80000)
 Metaspace       used 85961K, committed 87744K, reserved 1179648K
  class space    used 10021K, committed 10816K, reserved 1048576K
}
Event: 238.807 GC heap before
{Heap before GC invocations=1586 (full 4):
 PSYoungGen      total 1536K, used 1472K [0x00000000d5580000, 0x00000000d5980000, 0x0000000100000000)
  eden space 1024K, 100% used [0x00000000d5580000,0x00000000d5680000,0x00000000d5680000)
  from space 512K, 87% used [0x00000000d5880000,0x00000000d58f0000,0x00000000d5900000)
  to   space 512K, 0% used [0x00000000d5900000,0x00000000d5900000,0x00000000d5980000)
 ParOldGen       total 621056K, used 620994K [0x0000000080000000, 0x00000000a5e80000, 0x00000000d5580000)
  object space 621056K, 99% used [0x0000000080000000,0x00000000a5e70840,0x00000000a5e80000)
 Metaspace       used 85963K, committed 87744K, reserved 1179648K
  class space    used 10021K, committed 10816K, reserved 1048576K
}
Event: 238.811 GC heap after
{Heap after GC invocations=1586 (full 4):
 PSYoungGen      total 1536K, used 352K [0x00000000d5580000, 0x00000000d5980000, 0x0000000100000000)
  eden space 1024K, 0% used [0x00000000d5580000,0x00000000d5580000,0x00000000d5680000)
  from space 512K, 68% used [0x00000000d5900000,0x00000000d5958000,0x00000000d5980000)
  to   space 512K, 0% used [0x00000000d5880000,0x00000000d5880000,0x00000000d5900000)
 ParOldGen       total 621568K, used 621166K [0x0000000080000000, 0x00000000a5f00000, 0x00000000d5580000)
  object space 621568K, 99% used [0x0000000080000000,0x00000000a5e9b850,0x00000000a5f00000)
 Metaspace       used 85963K, committed 87744K, reserved 1179648K
  class space    used 10021K, committed 10816K, reserved 1048576K
}
Event: 239.040 GC heap before
{Heap before GC invocations=1587 (full 4):
 PSYoungGen      total 1536K, used 1376K [0x00000000d5580000, 0x00000000d5980000, 0x0000000100000000)
  eden space 1024K, 100% used [0x00000000d5580000,0x00000000d5680000,0x00000000d5680000)
  from space 512K, 68% used [0x00000000d5900000,0x00000000d5958000,0x00000000d5980000)
  to   space 512K, 0% used [0x00000000d5880000,0x00000000d5880000,0x00000000d5900000)
 ParOldGen       total 621568K, used 621166K [0x0000000080000000, 0x00000000a5f00000, 0x00000000d5580000)
  object space 621568K, 99% used [0x0000000080000000,0x00000000a5e9b850,0x00000000a5f00000)
 Metaspace       used 85989K, committed 87808K, reserved 1179648K
  class space    used 10025K, committed 10816K, reserved 1048576K
}
Event: 239.046 GC heap after
{Heap after GC invocations=1587 (full 4):
 PSYoungGen      total 1536K, used 288K [0x00000000d5580000, 0x00000000d5980000, 0x0000000100000000)
  eden space 1024K, 0% used [0x00000000d5580000,0x00000000d5580000,0x00000000d5680000)
  from space 512K, 56% used [0x00000000d5880000,0x00000000d58c8000,0x00000000d5900000)
  to   space 512K, 0% used [0x00000000d5900000,0x00000000d5900000,0x00000000d5980000)
 ParOldGen       total 621568K, used 621356K [0x0000000080000000, 0x00000000a5f00000, 0x00000000d5580000)
  object space 621568K, 99% used [0x0000000080000000,0x00000000a5ecb240,0x00000000a5f00000)
 Metaspace       used 85989K, committed 87808K, reserved 1179648K
  class space    used 10025K, committed 10816K, reserved 1048576K
}
Event: 239.205 GC heap before
{Heap before GC invocations=1588 (full 4):
 PSYoungGen      total 1536K, used 1278K [0x00000000d5580000, 0x00000000d5980000, 0x0000000100000000)
  eden space 1024K, 96% used [0x00000000d5580000,0x00000000d5677a88,0x00000000d5680000)
  from space 512K, 56% used [0x00000000d5880000,0x00000000d58c8000,0x00000000d5900000)
  to   space 512K, 0% used [0x00000000d5900000,0x00000000d5900000,0x00000000d5980000)
 ParOldGen       total 621568K, used 621356K [0x0000000080000000, 0x00000000a5f00000, 0x00000000d5580000)
  object space 621568K, 99% used [0x0000000080000000,0x00000000a5ecb240,0x00000000a5f00000)
 Metaspace       used 86030K, committed 87808K, reserved 1179648K
  class space    used 10031K, committed 10816K, reserved 1048576K
}
Event: 239.209 GC heap after
{Heap after GC invocations=1588 (full 4):
 PSYoungGen      total 1536K, used 192K [0x00000000d5580000, 0x00000000d5980000, 0x0000000100000000)
  eden space 1024K, 0% used [0x00000000d5580000,0x00000000d5580000,0x00000000d5680000)
  from space 512K, 37% used [0x00000000d5900000,0x00000000d5930000,0x00000000d5980000)
  to   space 512K, 0% used [0x00000000d5880000,0x00000000d5880000,0x00000000d5900000)
 ParOldGen       total 621568K, used 621487K [0x0000000080000000, 0x00000000a5f00000, 0x00000000d5580000)
  object space 621568K, 99% used [0x0000000080000000,0x00000000a5eebd00,0x00000000a5f00000)
 Metaspace       used 86030K, committed 87808K, reserved 1179648K
  class space    used 10031K, committed 10816K, reserved 1048576K
}

