# JRE version: OpenJDK Runtime Environment Temurin-21.0.8+9 (21.0.8+9) (build 21.0.8+9-LTS)
# Java VM: OpenJDK 64-Bit Server VM Temurin-21.0.8+9 (21.0.8+9-LTS, mixed mode, sharing, tiered, compressed oops, compressed class ptrs, parallel gc, windows-amd64)
GC Precious Log:
 CardTable entry size: 512
 CPUs: 12 total, 12 available
 Memory: 5989M
 Large Page Support: Disabled
 NUMA Support: Disabled
 Compressed Oops: Enabled (32-bit)
 Alignments: Space 512K, Generation 512K, Heap 2M
 Heap Min Capacity: 100M
 Heap Initial Capacity: 100M
 Heap Max Capacity: 2G
 Pre-touch: Disabled
 Parallel Workers: 10
Heap:
 PSYoungGen      total 5632K, used 5079K [0x00000000d5580000, 0x00000000d5c00000, 0x0000000100000000)
  eden space 4608K, 99% used [0x00000000d5580000,0x00000000d59fadd0,0x00000000d5a00000)
  from space 1024K, 48% used [0x00000000d5b00000,0x00000000d5b7b170,0x00000000d5c00000)
  to   space 1024K, 0% used [0x00000000d5a00000,0x00000000d5a00000,0x00000000d5b00000)
 ParOldGen       total 757248K, used 207318K [0x0000000080000000, 0x00000000ae380000, 0x00000000d5580000)
  object space 757248K, 27% used [0x0000000080000000,0x000000008ca75b28,0x00000000ae380000)
 Metaspace       used 65017K, committed 66240K, reserved 1114112K
  class space    used 8021K, committed 8576K, reserved 1048576K
GC Heap History (20 events):
Event: 99.608 GC heap before
{Heap before GC invocations=1599 (full 3):
 PSYoungGen      total 5120K, used 5102K [0x00000000d5580000, 0x00000000d5c00000, 0x0000000100000000)
  eden space 4608K, 99% used [0x00000000d5580000,0x00000000d59fffa0,0x00000000d5a00000)
  from space 512K, 96% used [0x00000000d5a80000,0x00000000d5afbba0,0x00000000d5b00000)
  to   space 1024K, 0% used [0x00000000d5b00000,0x00000000d5b00000,0x00000000d5c00000)
 ParOldGen       total 757248K, used 203637K [0x0000000080000000, 0x00000000ae380000, 0x00000000d5580000)
  object space 757248K, 26% used [0x0000000080000000,0x000000008c6dd750,0x00000000ae380000)
 Metaspace       used 65017K, committed 66240K, reserved 1114112K
  class space    used 8021K, committed 8576K, reserved 1048576K
}
Event: 99.611 GC heap after
{Heap after GC invocations=1599 (full 3):
 PSYoungGen      total 5632K, used 591K [0x00000000d5580000, 0x00000000d5c00000, 0x0000000100000000)
  eden space 4608K, 0% used [0x00000000d5580000,0x00000000d5580000,0x00000000d5a00000)
  from space 1024K, 57% used [0x00000000d5b00000,0x00000000d5b93eb0,0x00000000d5c00000)
  to   space 1024K, 0% used [0x00000000d5a00000,0x00000000d5a00000,0x00000000d5b00000)
 ParOldGen       total 757248K, used 204135K [0x0000000080000000, 0x00000000ae380000, 0x00000000d5580000)
  object space 757248K, 26% used [0x0000000080000000,0x000000008c759cb0,0x00000000ae380000)
 Metaspace       used 65017K, committed 66240K, reserved 1114112K
  class space    used 8021K, committed 8576K, reserved 1048576K
}
Event: 99.643 GC heap before
{Heap before GC invocations=1600 (full 3):
 PSYoungGen      total 5632K, used 5199K [0x00000000d5580000, 0x00000000d5c00000, 0x0000000100000000)
  eden space 4608K, 100% used [0x00000000d5580000,0x00000000d5a00000,0x00000000d5a00000)
  from space 1024K, 57% used [0x00000000d5b00000,0x00000000d5b93eb0,0x00000000d5c00000)
  to   space 1024K, 0% used [0x00000000d5a00000,0x00000000d5a00000,0x00000000d5b00000)
 ParOldGen       total 757248K, used 204135K [0x0000000080000000, 0x00000000ae380000, 0x00000000d5580000)
  object space 757248K, 26% used [0x0000000080000000,0x000000008c759cb0,0x00000000ae380000)
 Metaspace       used 65017K, committed 66240K, reserved 1114112K
  class space    used 8021K, committed 8576K, reserved 1048576K
}
Event: 99.646 GC heap after
{Heap after GC invocations=1600 (full 3):
 PSYoungGen      total 5632K, used 192K [0x00000000d5580000, 0x00000000d5b80000, 0x0000000100000000)
  eden space 4608K, 0% used [0x00000000d5580000,0x00000000d5580000,0x00000000d5a00000)
  from space 1024K, 18% used [0x00000000d5a00000,0x00000000d5a30000,0x00000000d5b00000)
  to   space 512K, 0% used [0x00000000d5b00000,0x00000000d5b00000,0x00000000d5b80000)
 ParOldGen       total 757248K, used 204686K [0x0000000080000000, 0x00000000ae380000, 0x00000000d5580000)
  object space 757248K, 27% used [0x0000000080000000,0x000000008c7e39b8,0x00000000ae380000)
 Metaspace       used 65017K, committed 66240K, reserved 1114112K
  class space    used 8021K, committed 8576K, reserved 1048576K
}
Event: 99.684 GC heap before
{Heap before GC invocations=1601 (full 3):
 PSYoungGen      total 5632K, used 4800K [0x00000000d5580000, 0x00000000d5b80000, 0x0000000100000000)
  eden space 4608K, 100% used [0x00000000d5580000,0x00000000d5a00000,0x00000000d5a00000)
  from space 1024K, 18% used [0x00000000d5a00000,0x00000000d5a30000,0x00000000d5b00000)
  to   space 512K, 0% used [0x00000000d5b00000,0x00000000d5b00000,0x00000000d5b80000)
 ParOldGen       total 757248K, used 204686K [0x0000000080000000, 0x00000000ae380000, 0x00000000d5580000)
  object space 757248K, 27% used [0x0000000080000000,0x000000008c7e39b8,0x00000000ae380000)
 Metaspace       used 65017K, committed 66240K, reserved 1114112K
  class space    used 8021K, committed 8576K, reserved 1048576K
}
Event: 99.686 GC heap after
{Heap after GC invocations=1601 (full 3):
 PSYoungGen      total 5120K, used 320K [0x00000000d5580000, 0x00000000d5b80000, 0x0000000100000000)
  eden space 4608K, 0% used [0x00000000d5580000,0x00000000d5580000,0x00000000d5a00000)
  from space 512K, 62% used [0x00000000d5b00000,0x00000000d5b50000,0x00000000d5b80000)
  to   space 512K, 0% used [0x00000000d5a80000,0x00000000d5a80000,0x00000000d5b00000)
 ParOldGen       total 757248K, used 204758K [0x0000000080000000, 0x00000000ae380000, 0x00000000d5580000)
  object space 757248K, 27% used [0x0000000080000000,0x000000008c7f59b8,0x00000000ae380000)
 Metaspace       used 65017K, committed 66240K, reserved 1114112K
  class space    used 8021K, committed 8576K, reserved 1048576K
}
Event: 99.747 GC heap before
{Heap before GC invocations=1602 (full 3):
 PSYoungGen      total 5120K, used 4920K [0x00000000d5580000, 0x00000000d5b80000, 0x0000000100000000)
  eden space 4608K, 99% used [0x00000000d5580000,0x00000000d59fe2b8,0x00000000d5a00000)
  from space 512K, 62% used [0x00000000d5b00000,0x00000000d5b50000,0x00000000d5b80000)
  to   space 512K, 0% used [0x00000000d5a80000,0x00000000d5a80000,0x00000000d5b00000)
 ParOldGen       total 757248K, used 204758K [0x0000000080000000, 0x00000000ae380000, 0x00000000d5580000)
  object space 757248K, 27% used [0x0000000080000000,0x000000008c7f59b8,0x00000000ae380000)
 Metaspace       used 65017K, committed 66240K, reserved 1114112K
  class space    used 8021K, committed 8576K, reserved 1048576K
}
Event: 99.749 GC heap after
{Heap after GC invocations=1602 (full 3):
 PSYoungGen      total 5120K, used 330K [0x00000000d5580000, 0x00000000d5b80000, 0x0000000100000000)
  eden space 4608K, 0% used [0x00000000d5580000,0x00000000d5580000,0x00000000d5a00000)
  from space 512K, 64% used [0x00000000d5a80000,0x00000000d5ad29a0,0x00000000d5b00000)
  to   space 512K, 0% used [0x00000000d5b00000,0x00000000d5b00000,0x00000000d5b80000)
 ParOldGen       total 757248K, used 204862K [0x0000000080000000, 0x00000000ae380000, 0x00000000d5580000)
  object space 757248K, 27% used [0x0000000080000000,0x000000008c80f9c8,0x00000000ae380000)
 Metaspace       used 65017K, committed 66240K, reserved 1114112K
  class space    used 8021K, committed 8576K, reserved 1048576K
}
Event: 99.789 GC heap before
{Heap before GC invocations=1603 (full 3):
 PSYoungGen      total 5120K, used 4938K [0x00000000d5580000, 0x00000000d5b80000, 0x0000000100000000)
  eden space 4608K, 100% used [0x00000000d5580000,0x00000000d5a00000,0x00000000d5a00000)
  from space 512K, 64% used [0x00000000d5a80000,0x00000000d5ad29a0,0x00000000d5b00000)
  to   space 512K, 0% used [0x00000000d5b00000,0x00000000d5b00000,0x00000000d5b80000)
 ParOldGen       total 757248K, used 204862K [0x0000000080000000, 0x00000000ae380000, 0x00000000d5580000)
  object space 757248K, 27% used [0x0000000080000000,0x000000008c80f9c8,0x00000000ae380000)
 Metaspace       used 65017K, committed 66240K, reserved 1114112K
  class space    used 8021K, committed 8576K, reserved 1048576K
}
Event: 99.791 GC heap after
{Heap after GC invocations=1603 (full 3):
 PSYoungGen      total 5120K, used 504K [0x00000000d5580000, 0x00000000d5c00000, 0x0000000100000000)
  eden space 4608K, 0% used [0x00000000d5580000,0x00000000d5580000,0x00000000d5a00000)
  from space 512K, 98% used [0x00000000d5b00000,0x00000000d5b7e100,0x00000000d5b80000)
  to   space 1024K, 0% used [0x00000000d5a00000,0x00000000d5a00000,0x00000000d5b00000)
 ParOldGen       total 757248K, used 205152K [0x0000000080000000, 0x00000000ae380000, 0x00000000d5580000)
  object space 757248K, 27% used [0x0000000080000000,0x000000008c858238,0x00000000ae380000)
 Metaspace       used 65017K, committed 66240K, reserved 1114112K
  class space    used 8021K, committed 8576K, reserved 1048576K
}
Event: 99.835 GC heap before
{Heap before GC invocations=1604 (full 3):
 PSYoungGen      total 5120K, used 5109K [0x00000000d5580000, 0x00000000d5c00000, 0x0000000100000000)
  eden space 4608K, 99% used [0x00000000d5580000,0x00000000d59ff388,0x00000000d5a00000)
  from space 512K, 98% used [0x00000000d5b00000,0x00000000d5b7e100,0x00000000d5b80000)
  to   space 1024K, 0% used [0x00000000d5a00000,0x00000000d5a00000,0x00000000d5b00000)
 ParOldGen       total 757248K, used 205152K [0x0000000080000000, 0x00000000ae380000, 0x00000000d5580000)
  object space 757248K, 27% used [0x0000000080000000,0x000000008c858238,0x00000000ae380000)
 Metaspace       used 65017K, committed 66240K, reserved 1114112K
  class space    used 8021K, committed 8576K, reserved 1048576K
}
Event: 99.837 GC heap after
{Heap after GC invocations=1604 (full 3):
 PSYoungGen      total 5632K, used 643K [0x00000000d5580000, 0x00000000d5c00000, 0x0000000100000000)
  eden space 4608K, 0% used [0x00000000d5580000,0x00000000d5580000,0x00000000d5a00000)
  from space 1024K, 62% used [0x00000000d5a00000,0x00000000d5aa0df0,0x00000000d5b00000)
  to   space 1024K, 0% used [0x00000000d5b00000,0x00000000d5b00000,0x00000000d5c00000)
 ParOldGen       total 757248K, used 205753K [0x0000000080000000, 0x00000000ae380000, 0x00000000d5580000)
  object space 757248K, 27% used [0x0000000080000000,0x000000008c8ee5d0,0x00000000ae380000)
 Metaspace       used 65017K, committed 66240K, reserved 1114112K
  class space    used 8021K, committed 8576K, reserved 1048576K
}
Event: 99.886 GC heap before
{Heap before GC invocations=1605 (full 3):
 PSYoungGen      total 5632K, used 5251K [0x00000000d5580000, 0x00000000d5c00000, 0x0000000100000000)
  eden space 4608K, 100% used [0x00000000d5580000,0x00000000d5a00000,0x00000000d5a00000)
  from space 1024K, 62% used [0x00000000d5a00000,0x00000000d5aa0df0,0x00000000d5b00000)
  to   space 1024K, 0% used [0x00000000d5b00000,0x00000000d5b00000,0x00000000d5c00000)
 ParOldGen       total 757248K, used 205753K [0x0000000080000000, 0x00000000ae380000, 0x00000000d5580000)
  object space 757248K, 27% used [0x0000000080000000,0x000000008c8ee5d0,0x00000000ae380000)
 Metaspace       used 65017K, committed 66240K, reserved 1114112K
  class space    used 8021K, committed 8576K, reserved 1048576K
}
Event: 99.889 GC heap after
{Heap after GC invocations=1605 (full 3):
 PSYoungGen      total 5120K, used 288K [0x00000000d5580000, 0x00000000d5b80000, 0x0000000100000000)
  eden space 4608K, 0% used [0x00000000d5580000,0x00000000d5580000,0x00000000d5a00000)
  from space 512K, 56% used [0x00000000d5b00000,0x00000000d5b48000,0x00000000d5b80000)
  to   space 512K, 0% used [0x00000000d5a80000,0x00000000d5a80000,0x00000000d5b00000)
 ParOldGen       total 757248K, used 206324K [0x0000000080000000, 0x00000000ae380000, 0x00000000d5580000)
  object space 757248K, 27% used [0x0000000080000000,0x000000008c97d2e8,0x00000000ae380000)
 Metaspace       used 65017K, committed 66240K, reserved 1114112K
  class space    used 8021K, committed 8576K, reserved 1048576K
}
Event: 100.007 GC heap before
{Heap before GC invocations=1606 (full 3):
 PSYoungGen      total 5120K, used 4896K [0x00000000d5580000, 0x00000000d5b80000, 0x0000000100000000)
  eden space 4608K, 100% used [0x00000000d5580000,0x00000000d5a00000,0x00000000d5a00000)
  from space 512K, 56% used [0x00000000d5b00000,0x00000000d5b48000,0x00000000d5b80000)
  to   space 512K, 0% used [0x00000000d5a80000,0x00000000d5a80000,0x00000000d5b00000)
 ParOldGen       total 757248K, used 206324K [0x0000000080000000, 0x00000000ae380000, 0x00000000d5580000)
  object space 757248K, 27% used [0x0000000080000000,0x000000008c97d2e8,0x00000000ae380000)
 Metaspace       used 65017K, committed 66240K, reserved 1114112K
  class space    used 8021K, committed 8576K, reserved 1048576K
}
Event: 100.009 GC heap after
{Heap after GC invocations=1606 (full 3):
 PSYoungGen      total 5120K, used 320K [0x00000000d5580000, 0x00000000d5b80000, 0x0000000100000000)
  eden space 4608K, 0% used [0x00000000d5580000,0x00000000d5580000,0x00000000d5a00000)
  from space 512K, 62% used [0x00000000d5a80000,0x00000000d5ad0000,0x00000000d5b00000)
  to   space 512K, 0% used [0x00000000d5b00000,0x00000000d5b00000,0x00000000d5b80000)
 ParOldGen       total 757248K, used 206388K [0x0000000080000000, 0x00000000ae380000, 0x00000000d5580000)
  object space 757248K, 27% used [0x0000000080000000,0x000000008c98d2e8,0x00000000ae380000)
 Metaspace       used 65017K, committed 66240K, reserved 1114112K
  class space    used 8021K, committed 8576K, reserved 1048576K
}
Event: 100.206 GC heap before
{Heap before GC invocations=1607 (full 3):
 PSYoungGen      total 5120K, used 4921K [0x00000000d5580000, 0x00000000d5b80000, 0x0000000100000000)
  eden space 4608K, 99% used [0x00000000d5580000,0x00000000d59fe588,0x00000000d5a00000)
  from space 512K, 62% used [0x00000000d5a80000,0x00000000d5ad0000,0x00000000d5b00000)
  to   space 512K, 0% used [0x00000000d5b00000,0x00000000d5b00000,0x00000000d5b80000)
 ParOldGen       total 757248K, used 206388K [0x0000000080000000, 0x00000000ae380000, 0x00000000d5580000)
  object space 757248K, 27% used [0x0000000080000000,0x000000008c98d2e8,0x00000000ae380000)
 Metaspace       used 65017K, committed 66240K, reserved 1114112K
  class space    used 8021K, committed 8576K, reserved 1048576K
}
Event: 100.208 GC heap after
{Heap after GC invocations=1607 (full 3):
 PSYoungGen      total 5120K, used 320K [0x00000000d5580000, 0x00000000d5b80000, 0x0000000100000000)
  eden space 4608K, 0% used [0x00000000d5580000,0x00000000d5580000,0x00000000d5a00000)
  from space 512K, 62% used [0x00000000d5b00000,0x00000000d5b50000,0x00000000d5b80000)
  to   space 512K, 0% used [0x00000000d5a80000,0x00000000d5a80000,0x00000000d5b00000)
 ParOldGen       total 757248K, used 206476K [0x0000000080000000, 0x00000000ae380000, 0x00000000d5580000)
  object space 757248K, 27% used [0x0000000080000000,0x000000008c9a32f8,0x00000000ae380000)
 Metaspace       used 65017K, committed 66240K, reserved 1114112K
  class space    used 8021K, committed 8576K, reserved 1048576K
}
Event: 100.291 GC heap before
{Heap before GC invocations=1608 (full 3):
 PSYoungGen      total 5120K, used 4928K [0x00000000d5580000, 0x00000000d5b80000, 0x0000000100000000)
  eden space 4608K, 100% used [0x00000000d5580000,0x00000000d5a00000,0x00000000d5a00000)
  from space 512K, 62% used [0x00000000d5b00000,0x00000000d5b50000,0x00000000d5b80000)
  to   space 512K, 0% used [0x00000000d5a80000,0x00000000d5a80000,0x00000000d5b00000)
 ParOldGen       total 757248K, used 206476K [0x0000000080000000, 0x00000000ae380000, 0x00000000d5580000)
  object space 757248K, 27% used [0x0000000080000000,0x000000008c9a32f8,0x00000000ae380000)
 Metaspace       used 65017K, committed 66240K, reserved 1114112K
  class space    used 8021K, committed 8576K, reserved 1048576K
}
Event: 100.294 GC heap after
{Heap after GC invocations=1608 (full 3):
 PSYoungGen      total 5120K, used 503K [0x00000000d5580000, 0x00000000d5c00000, 0x0000000100000000)
  eden space 4608K, 0% used [0x00000000d5580000,0x00000000d5580000,0x00000000d5a00000)
  from space 512K, 98% used [0x00000000d5a80000,0x00000000d5afde40,0x00000000d5b00000)
  to   space 1024K, 0% used [0x00000000d5b00000,0x00000000d5b00000,0x00000000d5c00000)
 ParOldGen       total 757248K, used 206730K [0x0000000080000000, 0x00000000ae380000, 0x00000000d5580000)
  object space 757248K, 27% used [0x0000000080000000,0x000000008c9e28f0,0x00000000ae380000)
 Metaspace       used 65017K, committed 66240K, reserved 1114112K
  class space    used 8021K, committed 8576K, reserved 1048576K
}

