# JRE version: OpenJDK Runtime Environment Temurin-21.0.7+6 (21.0.7+6) (build 21.0.7+6-LTS)
# Java VM: OpenJDK 64-Bit Server VM Temurin-21.0.7+6 (21.0.7+6-LTS, mixed mode, sharing, tiered, compressed oops, compressed class ptrs, parallel gc, windows-amd64)
GC Precious Log:
 CardTable entry size: 512
 CPUs: 12 total, 12 available
 Memory: 5989M
 Large Page Support: Disabled
 NUMA Support: Disabled
 Compressed Oops: Enabled (32-bit)
 Alignments: Space 512K, Generation 512K, Heap 2M
 Heap Min Capacity: 100M
 Heap Initial Capacity: 100M
 Heap Max Capacity: 2G
 Pre-touch: Disabled
 Parallel Workers: 10
Heap:
 PSYoungGen      total 17920K, used 9415K [0x00000000d5580000, 0x00000000d6800000, 0x0000000100000000)
  eden space 17408K, 52% used [0x00000000d5580000,0x00000000d5e66838,0x00000000d6680000)
  from space 512K, 90% used [0x00000000d6780000,0x00000000d67f4018,0x00000000d6800000)
  to   space 512K, 0% used [0x00000000d6700000,0x00000000d6700000,0x00000000d6780000)
 ParOldGen       total 745984K, used 745964K [0x0000000080000000, 0x00000000ad880000, 0x00000000d5580000)
  object space 745984K, 99% used [0x0000000080000000,0x00000000ad87b360,0x00000000ad880000)
 Metaspace       used 80593K, committed 82304K, reserved 1179648K
  class space    used 9649K, committed 10432K, reserved 1048576K
GC Heap History (20 events):
Event: 185.065 GC heap after
{Heap after GC invocations=998 (full 3):
 PSYoungGen      total 9728K, used 320K [0x00000000d5580000, 0x00000000d6180000, 0x0000000100000000)
  eden space 9216K, 0% used [0x00000000d5580000,0x00000000d5580000,0x00000000d5e80000)
  from space 512K, 62% used [0x00000000d5e80000,0x00000000d5ed0000,0x00000000d5f00000)
  to   space 512K, 0% used [0x00000000d6100000,0x00000000d6100000,0x00000000d6180000)
 ParOldGen       total 739328K, used 739152K [0x0000000080000000, 0x00000000ad200000, 0x00000000d5580000)
  object space 739328K, 99% used [0x0000000080000000,0x00000000ad1d4210,0x00000000ad200000)
 Metaspace       used 80526K, committed 82176K, reserved 1179648K
  class space    used 9639K, committed 10368K, reserved 1048576K
}
Event: 185.083 GC heap before
{Heap before GC invocations=999 (full 3):
 PSYoungGen      total 9728K, used 9536K [0x00000000d5580000, 0x00000000d6180000, 0x0000000100000000)
  eden space 9216K, 100% used [0x00000000d5580000,0x00000000d5e80000,0x00000000d5e80000)
  from space 512K, 62% used [0x00000000d5e80000,0x00000000d5ed0000,0x00000000d5f00000)
  to   space 512K, 0% used [0x00000000d6100000,0x00000000d6100000,0x00000000d6180000)
 ParOldGen       total 739328K, used 739152K [0x0000000080000000, 0x00000000ad200000, 0x00000000d5580000)
  object space 739328K, 99% used [0x0000000080000000,0x00000000ad1d4210,0x00000000ad200000)
 Metaspace       used 80526K, committed 82176K, reserved 1179648K
  class space    used 9639K, committed 10368K, reserved 1048576K
}
Event: 185.087 GC heap after
{Heap after GC invocations=999 (full 3):
 PSYoungGen      total 11776K, used 352K [0x00000000d5580000, 0x00000000d6180000, 0x0000000100000000)
  eden space 11264K, 0% used [0x00000000d5580000,0x00000000d5580000,0x00000000d6080000)
  from space 512K, 68% used [0x00000000d6100000,0x00000000d6158000,0x00000000d6180000)
  to   space 512K, 0% used [0x00000000d6080000,0x00000000d6080000,0x00000000d6100000)
 ParOldGen       total 739328K, used 739320K [0x0000000080000000, 0x00000000ad200000, 0x00000000d5580000)
  object space 739328K, 99% used [0x0000000080000000,0x00000000ad1fe210,0x00000000ad200000)
 Metaspace       used 80526K, committed 82176K, reserved 1179648K
  class space    used 9639K, committed 10368K, reserved 1048576K
}
Event: 185.112 GC heap before
{Heap before GC invocations=1000 (full 3):
 PSYoungGen      total 11776K, used 11616K [0x00000000d5580000, 0x00000000d6180000, 0x0000000100000000)
  eden space 11264K, 100% used [0x00000000d5580000,0x00000000d6080000,0x00000000d6080000)
  from space 512K, 68% used [0x00000000d6100000,0x00000000d6158000,0x00000000d6180000)
  to   space 512K, 0% used [0x00000000d6080000,0x00000000d6080000,0x00000000d6100000)
 ParOldGen       total 739328K, used 739320K [0x0000000080000000, 0x00000000ad200000, 0x00000000d5580000)
  object space 739328K, 99% used [0x0000000080000000,0x00000000ad1fe210,0x00000000ad200000)
 Metaspace       used 80526K, committed 82176K, reserved 1179648K
  class space    used 9639K, committed 10368K, reserved 1048576K
}
Event: 185.118 GC heap after
{Heap after GC invocations=1000 (full 3):
 PSYoungGen      total 11776K, used 320K [0x00000000d5580000, 0x00000000d6400000, 0x0000000100000000)
  eden space 11264K, 0% used [0x00000000d5580000,0x00000000d5580000,0x00000000d6080000)
  from space 512K, 62% used [0x00000000d6080000,0x00000000d60d0000,0x00000000d6100000)
  to   space 512K, 0% used [0x00000000d6380000,0x00000000d6380000,0x00000000d6400000)
 ParOldGen       total 739840K, used 739528K [0x0000000080000000, 0x00000000ad280000, 0x00000000d5580000)
  object space 739840K, 99% used [0x0000000080000000,0x00000000ad232210,0x00000000ad280000)
 Metaspace       used 80526K, committed 82176K, reserved 1179648K
  class space    used 9639K, committed 10368K, reserved 1048576K
}
Event: 185.140 GC heap before
{Heap before GC invocations=1001 (full 3):
 PSYoungGen      total 11776K, used 11584K [0x00000000d5580000, 0x00000000d6400000, 0x0000000100000000)
  eden space 11264K, 100% used [0x00000000d5580000,0x00000000d6080000,0x00000000d6080000)
  from space 512K, 62% used [0x00000000d6080000,0x00000000d60d0000,0x00000000d6100000)
  to   space 512K, 0% used [0x00000000d6380000,0x00000000d6380000,0x00000000d6400000)
 ParOldGen       total 739840K, used 739528K [0x0000000080000000, 0x00000000ad280000, 0x00000000d5580000)
  object space 739840K, 99% used [0x0000000080000000,0x00000000ad232210,0x00000000ad280000)
 Metaspace       used 80526K, committed 82176K, reserved 1179648K
  class space    used 9639K, committed 10368K, reserved 1048576K
}
Event: 185.144 GC heap after
{Heap after GC invocations=1001 (full 3):
 PSYoungGen      total 11776K, used 488K [0x00000000d5580000, 0x00000000d6400000, 0x0000000100000000)
  eden space 11264K, 0% used [0x00000000d5580000,0x00000000d5580000,0x00000000d6080000)
  from space 512K, 95% used [0x00000000d6380000,0x00000000d63fa000,0x00000000d6400000)
  to   space 1536K, 0% used [0x00000000d6100000,0x00000000d6100000,0x00000000d6280000)
 ParOldGen       total 740352K, used 740232K [0x0000000080000000, 0x00000000ad300000, 0x00000000d5580000)
  object space 740352K, 99% used [0x0000000080000000,0x00000000ad2e2210,0x00000000ad300000)
 Metaspace       used 80526K, committed 82176K, reserved 1179648K
  class space    used 9639K, committed 10368K, reserved 1048576K
}
Event: 185.171 GC heap before
{Heap before GC invocations=1002 (full 3):
 PSYoungGen      total 11776K, used 11752K [0x00000000d5580000, 0x00000000d6400000, 0x0000000100000000)
  eden space 11264K, 100% used [0x00000000d5580000,0x00000000d6080000,0x00000000d6080000)
  from space 512K, 95% used [0x00000000d6380000,0x00000000d63fa000,0x00000000d6400000)
  to   space 1536K, 0% used [0x00000000d6100000,0x00000000d6100000,0x00000000d6280000)
 ParOldGen       total 740352K, used 740232K [0x0000000080000000, 0x00000000ad300000, 0x00000000d5580000)
  object space 740352K, 99% used [0x0000000080000000,0x00000000ad2e2210,0x00000000ad300000)
 Metaspace       used 80526K, committed 82176K, reserved 1179648K
  class space    used 9639K, committed 10368K, reserved 1048576K
}
Event: 185.180 GC heap after
{Heap after GC invocations=1002 (full 3):
 PSYoungGen      total 13312K, used 672K [0x00000000d5580000, 0x00000000d6500000, 0x0000000100000000)
  eden space 11776K, 0% used [0x00000000d5580000,0x00000000d5580000,0x00000000d6100000)
  from space 1536K, 43% used [0x00000000d6100000,0x00000000d61a8000,0x00000000d6280000)
  to   space 1024K, 0% used [0x00000000d6400000,0x00000000d6400000,0x00000000d6500000)
 ParOldGen       total 740864K, used 740736K [0x0000000080000000, 0x00000000ad380000, 0x00000000d5580000)
  object space 740864K, 99% used [0x0000000080000000,0x00000000ad360210,0x00000000ad380000)
 Metaspace       used 80526K, committed 82176K, reserved 1179648K
  class space    used 9639K, committed 10368K, reserved 1048576K
}
Event: 185.223 GC heap before
{Heap before GC invocations=1003 (full 3):
 PSYoungGen      total 13312K, used 12448K [0x00000000d5580000, 0x00000000d6500000, 0x0000000100000000)
  eden space 11776K, 100% used [0x00000000d5580000,0x00000000d6100000,0x00000000d6100000)
  from space 1536K, 43% used [0x00000000d6100000,0x00000000d61a8000,0x00000000d6280000)
  to   space 1024K, 0% used [0x00000000d6400000,0x00000000d6400000,0x00000000d6500000)
 ParOldGen       total 740864K, used 740736K [0x0000000080000000, 0x00000000ad380000, 0x00000000d5580000)
  object space 740864K, 99% used [0x0000000080000000,0x00000000ad360210,0x00000000ad380000)
 Metaspace       used 80533K, committed 82176K, reserved 1179648K
  class space    used 9639K, committed 10368K, reserved 1048576K
}
Event: 185.226 GC heap after
{Heap after GC invocations=1003 (full 3):
 PSYoungGen      total 12288K, used 421K [0x00000000d5580000, 0x00000000d6480000, 0x0000000100000000)
  eden space 11776K, 0% used [0x00000000d5580000,0x00000000d5580000,0x00000000d6100000)
  from space 512K, 82% used [0x00000000d6400000,0x00000000d6469438,0x00000000d6480000)
  to   space 1024K, 0% used [0x00000000d6280000,0x00000000d6280000,0x00000000d6380000)
 ParOldGen       total 741376K, used 741276K [0x0000000080000000, 0x00000000ad400000, 0x00000000d5580000)
  object space 741376K, 99% used [0x0000000080000000,0x00000000ad3e7028,0x00000000ad400000)
 Metaspace       used 80533K, committed 82176K, reserved 1179648K
  class space    used 9639K, committed 10368K, reserved 1048576K
}
Event: 185.264 GC heap before
{Heap before GC invocations=1004 (full 3):
 PSYoungGen      total 12288K, used 12197K [0x00000000d5580000, 0x00000000d6480000, 0x0000000100000000)
  eden space 11776K, 100% used [0x00000000d5580000,0x00000000d6100000,0x00000000d6100000)
  from space 512K, 82% used [0x00000000d6400000,0x00000000d6469438,0x00000000d6480000)
  to   space 1024K, 0% used [0x00000000d6280000,0x00000000d6280000,0x00000000d6380000)
 ParOldGen       total 741376K, used 741276K [0x0000000080000000, 0x00000000ad400000, 0x00000000d5580000)
  object space 741376K, 99% used [0x0000000080000000,0x00000000ad3e7028,0x00000000ad400000)
 Metaspace       used 80533K, committed 82176K, reserved 1179648K
  class space    used 9639K, committed 10368K, reserved 1048576K
}
Event: 185.269 GC heap after
{Heap after GC invocations=1004 (full 3):
 PSYoungGen      total 12800K, used 480K [0x00000000d5580000, 0x00000000d6480000, 0x0000000100000000)
  eden space 11776K, 0% used [0x00000000d5580000,0x00000000d5580000,0x00000000d6100000)
  from space 1024K, 46% used [0x00000000d6280000,0x00000000d62f81b8,0x00000000d6380000)
  to   space 512K, 0% used [0x00000000d6400000,0x00000000d6400000,0x00000000d6480000)
 ParOldGen       total 741888K, used 741552K [0x0000000080000000, 0x00000000ad480000, 0x00000000d5580000)
  object space 741888K, 99% used [0x0000000080000000,0x00000000ad42c3c8,0x00000000ad480000)
 Metaspace       used 80533K, committed 82176K, reserved 1179648K
  class space    used 9639K, committed 10368K, reserved 1048576K
}
Event: 185.297 GC heap before
{Heap before GC invocations=1005 (full 3):
 PSYoungGen      total 12800K, used 12256K [0x00000000d5580000, 0x00000000d6480000, 0x0000000100000000)
  eden space 11776K, 100% used [0x00000000d5580000,0x00000000d6100000,0x00000000d6100000)
  from space 1024K, 46% used [0x00000000d6280000,0x00000000d62f81b8,0x00000000d6380000)
  to   space 512K, 0% used [0x00000000d6400000,0x00000000d6400000,0x00000000d6480000)
 ParOldGen       total 741888K, used 741552K [0x0000000080000000, 0x00000000ad480000, 0x00000000d5580000)
  object space 741888K, 99% used [0x0000000080000000,0x00000000ad42c3c8,0x00000000ad480000)
 Metaspace       used 80533K, committed 82176K, reserved 1179648K
  class space    used 9639K, committed 10368K, reserved 1048576K
}
Event: 185.302 GC heap after
{Heap after GC invocations=1005 (full 3):
 PSYoungGen      total 12288K, used 320K [0x00000000d5580000, 0x00000000d6480000, 0x0000000100000000)
  eden space 11776K, 0% used [0x00000000d5580000,0x00000000d5580000,0x00000000d6100000)
  from space 512K, 62% used [0x00000000d6400000,0x00000000d6450000,0x00000000d6480000)
  to   space 512K, 0% used [0x00000000d6380000,0x00000000d6380000,0x00000000d6400000)
 ParOldGen       total 741888K, used 741785K [0x0000000080000000, 0x00000000ad480000, 0x00000000d5580000)
  object space 741888K, 99% used [0x0000000080000000,0x00000000ad4664f8,0x00000000ad480000)
 Metaspace       used 80533K, committed 82176K, reserved 1179648K
  class space    used 9639K, committed 10368K, reserved 1048576K
}
Event: 185.370 GC heap before
{Heap before GC invocations=1006 (full 3):
 PSYoungGen      total 12288K, used 12096K [0x00000000d5580000, 0x00000000d6480000, 0x0000000100000000)
  eden space 11776K, 100% used [0x00000000d5580000,0x00000000d6100000,0x00000000d6100000)
  from space 512K, 62% used [0x00000000d6400000,0x00000000d6450000,0x00000000d6480000)
  to   space 512K, 0% used [0x00000000d6380000,0x00000000d6380000,0x00000000d6400000)
 ParOldGen       total 741888K, used 741785K [0x0000000080000000, 0x00000000ad480000, 0x00000000d5580000)
  object space 741888K, 99% used [0x0000000080000000,0x00000000ad4664f8,0x00000000ad480000)
 Metaspace       used 80538K, committed 82176K, reserved 1179648K
  class space    used 9639K, committed 10368K, reserved 1048576K
}
Event: 185.375 GC heap after
{Heap after GC invocations=1006 (full 3):
 PSYoungGen      total 12288K, used 459K [0x00000000d5580000, 0x00000000d6480000, 0x0000000100000000)
  eden space 11776K, 0% used [0x00000000d5580000,0x00000000d5580000,0x00000000d6100000)
  from space 512K, 89% used [0x00000000d6380000,0x00000000d63f2cf8,0x00000000d6400000)
  to   space 512K, 0% used [0x00000000d6400000,0x00000000d6400000,0x00000000d6480000)
 ParOldGen       total 743936K, used 743415K [0x0000000080000000, 0x00000000ad680000, 0x00000000d5580000)
  object space 743936K, 99% used [0x0000000080000000,0x00000000ad5fddc0,0x00000000ad680000)
 Metaspace       used 80538K, committed 82176K, reserved 1179648K
  class space    used 9639K, committed 10368K, reserved 1048576K
}
Event: 185.399 GC heap before
{Heap before GC invocations=1007 (full 3):
 PSYoungGen      total 12288K, used 12235K [0x00000000d5580000, 0x00000000d6480000, 0x0000000100000000)
  eden space 11776K, 100% used [0x00000000d5580000,0x00000000d6100000,0x00000000d6100000)
  from space 512K, 89% used [0x00000000d6380000,0x00000000d63f2cf8,0x00000000d6400000)
  to   space 512K, 0% used [0x00000000d6400000,0x00000000d6400000,0x00000000d6480000)
 ParOldGen       total 743936K, used 743415K [0x0000000080000000, 0x00000000ad680000, 0x00000000d5580000)
  object space 743936K, 99% used [0x0000000080000000,0x00000000ad5fddc0,0x00000000ad680000)
 Metaspace       used 80538K, committed 82176K, reserved 1179648K
  class space    used 9639K, committed 10368K, reserved 1048576K
}
Event: 185.405 GC heap after
{Heap after GC invocations=1007 (full 3):
 PSYoungGen      total 12288K, used 512K [0x00000000d5580000, 0x00000000d6480000, 0x0000000100000000)
  eden space 11776K, 0% used [0x00000000d5580000,0x00000000d5580000,0x00000000d6100000)
  from space 512K, 100% used [0x00000000d6400000,0x00000000d6480000,0x00000000d6480000)
  to   space 1024K, 0% used [0x00000000d6280000,0x00000000d6280000,0x00000000d6380000)
 ParOldGen       total 743936K, used 743770K [0x0000000080000000, 0x00000000ad680000, 0x00000000d5580000)
  object space 743936K, 99% used [0x0000000080000000,0x00000000ad656b78,0x00000000ad680000)
 Metaspace       used 80538K, committed 82176K, reserved 1179648K
  class space    used 9639K, committed 10368K, reserved 1048576K
}
Event: 185.427 GC heap before
{Heap before GC invocations=1008 (full 3):
 PSYoungGen      total 12288K, used 12288K [0x00000000d5580000, 0x00000000d6480000, 0x0000000100000000)
  eden space 11776K, 100% used [0x00000000d5580000,0x00000000d6100000,0x00000000d6100000)
  from space 512K, 100% used [0x00000000d6400000,0x00000000d6480000,0x00000000d6480000)
  to   space 1024K, 0% used [0x00000000d6280000,0x00000000d6280000,0x00000000d6380000)
 ParOldGen       total 743936K, used 743770K [0x0000000080000000, 0x00000000ad680000, 0x00000000d5580000)
  object space 743936K, 99% used [0x0000000080000000,0x00000000ad656b78,0x00000000ad680000)
 Metaspace       used 80538K, committed 82176K, reserved 1179648K
  class space    used 9639K, committed 10368K, reserved 1048576K
}

