# JRE version: OpenJDK Runtime Environment Temurin-21.0.7+6 (21.0.7+6) (build 21.0.7+6-LTS)
# Java VM: OpenJDK 64-Bit Server VM Temurin-21.0.7+6 (21.0.7+6-LTS, mixed mode, sharing, tiered, compressed oops, compressed class ptrs, parallel gc, windows-amd64)
GC Precious Log:
 CardTable entry size: 512
 CPUs: 12 total, 12 available
 Memory: 5989M
 Large Page Support: Disabled
 NUMA Support: Disabled
 Compressed Oops: Enabled (32-bit)
 Alignments: Space 512K, Generation 512K, Heap 2M
 Heap Min Capacity: 100M
 Heap Initial Capacity: 100M
 Heap Max Capacity: 2G
 Pre-touch: Disabled
 Parallel Workers: 10
Heap:
 PSYoungGen      total 3072K, used 2306K [0x00000000d5580000, 0x00000000d5980000, 0x0000000100000000)
  eden space 2560K, 74% used [0x00000000d5580000,0x00000000d575bfc0,0x00000000d5800000)
  from space 512K, 78% used [0x00000000d5880000,0x00000000d58e4c08,0x00000000d5900000)
  to   space 512K, 0% used [0x00000000d5800000,0x00000000d5800000,0x00000000d5880000)
 ParOldGen       total 1093120K, used 1093092K [0x0000000080000000, 0x00000000c2b80000, 0x00000000d5580000)
  object space 1093120K, 99% used [0x0000000080000000,0x00000000c2b79090,0x00000000c2b80000)
 Metaspace       used 87283K, committed 89152K, reserved 1179648K
  class space    used 9878K, committed 10752K, reserved 1048576K
GC Heap History (20 events):
Event: 280.400 GC heap before
{Heap before GC invocations=1631 (full 4):
 PSYoungGen      total 2048K, used 1792K [0x00000000d5580000, 0x00000000d5880000, 0x0000000100000000)
  eden space 1536K, 100% used [0x00000000d5580000,0x00000000d5700000,0x00000000d5700000)
  from space 512K, 50% used [0x00000000d5800000,0x00000000d5840000,0x00000000d5880000)
  to   space 512K, 0% used [0x00000000d5780000,0x00000000d5780000,0x00000000d5800000)
 ParOldGen       total 1088512K, used 1088070K [0x0000000080000000, 0x00000000c2700000, 0x00000000d5580000)
  object space 1088512K, 99% used [0x0000000080000000,0x00000000c2691af0,0x00000000c2700000)
 Metaspace       used 87259K, committed 89088K, reserved 1179648K
  class space    used 9877K, committed 10752K, reserved 1048576K
}
Event: 280.405 GC heap after
{Heap after GC invocations=1631 (full 4):
 PSYoungGen      total 2560K, used 256K [0x00000000d5580000, 0x00000000d5880000, 0x0000000100000000)
  eden space 2048K, 0% used [0x00000000d5580000,0x00000000d5580000,0x00000000d5780000)
  from space 512K, 50% used [0x00000000d5780000,0x00000000d57c0000,0x00000000d5800000)
  to   space 512K, 0% used [0x00000000d5800000,0x00000000d5800000,0x00000000d5880000)
 ParOldGen       total 1088512K, used 1088222K [0x0000000080000000, 0x00000000c2700000, 0x00000000d5580000)
  object space 1088512K, 99% used [0x0000000080000000,0x00000000c26b7af0,0x00000000c2700000)
 Metaspace       used 87259K, committed 89088K, reserved 1179648K
  class space    used 9877K, committed 10752K, reserved 1048576K
}
Event: 280.464 GC heap before
{Heap before GC invocations=1632 (full 4):
 PSYoungGen      total 2560K, used 2304K [0x00000000d5580000, 0x00000000d5880000, 0x0000000100000000)
  eden space 2048K, 100% used [0x00000000d5580000,0x00000000d5780000,0x00000000d5780000)
  from space 512K, 50% used [0x00000000d5780000,0x00000000d57c0000,0x00000000d5800000)
  to   space 512K, 0% used [0x00000000d5800000,0x00000000d5800000,0x00000000d5880000)
 ParOldGen       total 1088512K, used 1088222K [0x0000000080000000, 0x00000000c2700000, 0x00000000d5580000)
  object space 1088512K, 99% used [0x0000000080000000,0x00000000c26b7af0,0x00000000c2700000)
 Metaspace       used 87262K, committed 89088K, reserved 1179648K
  class space    used 9877K, committed 10752K, reserved 1048576K
}
Event: 280.469 GC heap after
{Heap after GC invocations=1632 (full 4):
 PSYoungGen      total 2560K, used 288K [0x00000000d5580000, 0x00000000d5880000, 0x0000000100000000)
  eden space 2048K, 0% used [0x00000000d5580000,0x00000000d5580000,0x00000000d5780000)
  from space 512K, 56% used [0x00000000d5800000,0x00000000d5848000,0x00000000d5880000)
  to   space 512K, 0% used [0x00000000d5780000,0x00000000d5780000,0x00000000d5800000)
 ParOldGen       total 1088512K, used 1088334K [0x0000000080000000, 0x00000000c2700000, 0x00000000d5580000)
  object space 1088512K, 99% used [0x0000000080000000,0x00000000c26d3b10,0x00000000c2700000)
 Metaspace       used 87262K, committed 89088K, reserved 1179648K
  class space    used 9877K, committed 10752K, reserved 1048576K
}
Event: 280.566 GC heap before
{Heap before GC invocations=1633 (full 4):
 PSYoungGen      total 2560K, used 2336K [0x00000000d5580000, 0x00000000d5880000, 0x0000000100000000)
  eden space 2048K, 100% used [0x00000000d5580000,0x00000000d5780000,0x00000000d5780000)
  from space 512K, 56% used [0x00000000d5800000,0x00000000d5848000,0x00000000d5880000)
  to   space 512K, 0% used [0x00000000d5780000,0x00000000d5780000,0x00000000d5800000)
 ParOldGen       total 1088512K, used 1088334K [0x0000000080000000, 0x00000000c2700000, 0x00000000d5580000)
  object space 1088512K, 99% used [0x0000000080000000,0x00000000c26d3b10,0x00000000c2700000)
 Metaspace       used 87262K, committed 89088K, reserved 1179648K
  class space    used 9877K, committed 10752K, reserved 1048576K
}
Event: 280.569 GC heap after
{Heap after GC invocations=1633 (full 4):
 PSYoungGen      total 2560K, used 480K [0x00000000d5580000, 0x00000000d5980000, 0x0000000100000000)
  eden space 2048K, 0% used [0x00000000d5580000,0x00000000d5580000,0x00000000d5780000)
  from space 512K, 93% used [0x00000000d5780000,0x00000000d57f8000,0x00000000d5800000)
  to   space 1024K, 0% used [0x00000000d5880000,0x00000000d5880000,0x00000000d5980000)
 ParOldGen       total 1089024K, used 1088534K [0x0000000080000000, 0x00000000c2780000, 0x00000000d5580000)
  object space 1089024K, 99% used [0x0000000080000000,0x00000000c2705b10,0x00000000c2780000)
 Metaspace       used 87262K, committed 89088K, reserved 1179648K
  class space    used 9877K, committed 10752K, reserved 1048576K
}
Event: 280.602 GC heap before
{Heap before GC invocations=1634 (full 4):
 PSYoungGen      total 2560K, used 2410K [0x00000000d5580000, 0x00000000d5980000, 0x0000000100000000)
  eden space 2048K, 94% used [0x00000000d5580000,0x00000000d5762a90,0x00000000d5780000)
  from space 512K, 93% used [0x00000000d5780000,0x00000000d57f8000,0x00000000d5800000)
  to   space 1024K, 0% used [0x00000000d5880000,0x00000000d5880000,0x00000000d5980000)
 ParOldGen       total 1089024K, used 1088534K [0x0000000080000000, 0x00000000c2780000, 0x00000000d5580000)
  object space 1089024K, 99% used [0x0000000080000000,0x00000000c2705b10,0x00000000c2780000)
 Metaspace       used 87271K, committed 89088K, reserved 1179648K
  class space    used 9877K, committed 10752K, reserved 1048576K
}
Event: 280.609 GC heap after
{Heap after GC invocations=1634 (full 4):
 PSYoungGen      total 2560K, used 320K [0x00000000d5580000, 0x00000000d5900000, 0x0000000100000000)
  eden space 2048K, 0% used [0x00000000d5580000,0x00000000d5580000,0x00000000d5780000)
  from space 512K, 62% used [0x00000000d5880000,0x00000000d58d0000,0x00000000d5900000)
  to   space 512K, 0% used [0x00000000d5780000,0x00000000d5780000,0x00000000d5800000)
 ParOldGen       total 1092096K, used 1091814K [0x0000000080000000, 0x00000000c2a80000, 0x00000000d5580000)
  object space 1092096K, 99% used [0x0000000080000000,0x00000000c2a39a30,0x00000000c2a80000)
 Metaspace       used 87271K, committed 89088K, reserved 1179648K
  class space    used 9877K, committed 10752K, reserved 1048576K
}
Event: 281.920 GC heap before
{Heap before GC invocations=1635 (full 4):
 PSYoungGen      total 2560K, used 2368K [0x00000000d5580000, 0x00000000d5900000, 0x0000000100000000)
  eden space 2048K, 100% used [0x00000000d5580000,0x00000000d5780000,0x00000000d5780000)
  from space 512K, 62% used [0x00000000d5880000,0x00000000d58d0000,0x00000000d5900000)
  to   space 512K, 0% used [0x00000000d5780000,0x00000000d5780000,0x00000000d5800000)
 ParOldGen       total 1092096K, used 1091814K [0x0000000080000000, 0x00000000c2a80000, 0x00000000d5580000)
  object space 1092096K, 99% used [0x0000000080000000,0x00000000c2a39a30,0x00000000c2a80000)
 Metaspace       used 87272K, committed 89088K, reserved 1179648K
  class space    used 9877K, committed 10752K, reserved 1048576K
}
Event: 281.925 GC heap after
{Heap after GC invocations=1635 (full 4):
 PSYoungGen      total 2560K, used 500K [0x00000000d5580000, 0x00000000d5980000, 0x0000000100000000)
  eden space 2048K, 0% used [0x00000000d5580000,0x00000000d5580000,0x00000000d5780000)
  from space 512K, 97% used [0x00000000d5780000,0x00000000d57fd200,0x00000000d5800000)
  to   space 1024K, 0% used [0x00000000d5880000,0x00000000d5880000,0x00000000d5980000)
 ParOldGen       total 1092096K, used 1091979K [0x0000000080000000, 0x00000000c2a80000, 0x00000000d5580000)
  object space 1092096K, 99% used [0x0000000080000000,0x00000000c2a62cb0,0x00000000c2a80000)
 Metaspace       used 87272K, committed 89088K, reserved 1179648K
  class space    used 9877K, committed 10752K, reserved 1048576K
}
Event: 281.944 GC heap before
{Heap before GC invocations=1636 (full 4):
 PSYoungGen      total 2560K, used 2548K [0x00000000d5580000, 0x00000000d5980000, 0x0000000100000000)
  eden space 2048K, 99% used [0x00000000d5580000,0x00000000d577fff8,0x00000000d5780000)
  from space 512K, 97% used [0x00000000d5780000,0x00000000d57fd200,0x00000000d5800000)
  to   space 1024K, 0% used [0x00000000d5880000,0x00000000d5880000,0x00000000d5980000)
 ParOldGen       total 1092096K, used 1091979K [0x0000000080000000, 0x00000000c2a80000, 0x00000000d5580000)
  object space 1092096K, 99% used [0x0000000080000000,0x00000000c2a62cb0,0x00000000c2a80000)
 Metaspace       used 87272K, committed 89088K, reserved 1179648K
  class space    used 9877K, committed 10752K, reserved 1048576K
}
Event: 281.947 GC heap after
{Heap after GC invocations=1636 (full 4):
 PSYoungGen      total 3072K, used 640K [0x00000000d5580000, 0x00000000d5980000, 0x0000000100000000)
  eden space 2048K, 0% used [0x00000000d5580000,0x00000000d5580000,0x00000000d5780000)
  from space 1024K, 62% used [0x00000000d5880000,0x00000000d5920000,0x00000000d5980000)
  to   space 1024K, 0% used [0x00000000d5780000,0x00000000d5780000,0x00000000d5880000)
 ParOldGen       total 1092608K, used 1092328K [0x0000000080000000, 0x00000000c2b00000, 0x00000000d5580000)
  object space 1092608K, 99% used [0x0000000080000000,0x00000000c2aba288,0x00000000c2b00000)
 Metaspace       used 87272K, committed 89088K, reserved 1179648K
  class space    used 9877K, committed 10752K, reserved 1048576K
}
Event: 281.954 GC heap before
{Heap before GC invocations=1637 (full 4):
 PSYoungGen      total 3072K, used 2688K [0x00000000d5580000, 0x00000000d5980000, 0x0000000100000000)
  eden space 2048K, 100% used [0x00000000d5580000,0x00000000d5780000,0x00000000d5780000)
  from space 1024K, 62% used [0x00000000d5880000,0x00000000d5920000,0x00000000d5980000)
  to   space 1024K, 0% used [0x00000000d5780000,0x00000000d5780000,0x00000000d5880000)
 ParOldGen       total 1092608K, used 1092328K [0x0000000080000000, 0x00000000c2b00000, 0x00000000d5580000)
  object space 1092608K, 99% used [0x0000000080000000,0x00000000c2aba288,0x00000000c2b00000)
 Metaspace       used 87272K, committed 89088K, reserved 1179648K
  class space    used 9877K, committed 10752K, reserved 1048576K
}
Event: 281.957 GC heap after
{Heap after GC invocations=1637 (full 4):
 PSYoungGen      total 3072K, used 375K [0x00000000d5580000, 0x00000000d5900000, 0x0000000100000000)
  eden space 2048K, 0% used [0x00000000d5580000,0x00000000d5580000,0x00000000d5780000)
  from space 1024K, 36% used [0x00000000d5780000,0x00000000d57dde70,0x00000000d5880000)
  to   space 512K, 0% used [0x00000000d5880000,0x00000000d5880000,0x00000000d5900000)
 ParOldGen       total 1093120K, used 1092674K [0x0000000080000000, 0x00000000c2b80000, 0x00000000d5580000)
  object space 1093120K, 99% used [0x0000000080000000,0x00000000c2b10a50,0x00000000c2b80000)
 Metaspace       used 87272K, committed 89088K, reserved 1179648K
  class space    used 9877K, committed 10752K, reserved 1048576K
}
Event: 281.965 GC heap before
{Heap before GC invocations=1638 (full 4):
 PSYoungGen      total 3072K, used 2423K [0x00000000d5580000, 0x00000000d5900000, 0x0000000100000000)
  eden space 2048K, 100% used [0x00000000d5580000,0x00000000d5780000,0x00000000d5780000)
  from space 1024K, 36% used [0x00000000d5780000,0x00000000d57dde70,0x00000000d5880000)
  to   space 512K, 0% used [0x00000000d5880000,0x00000000d5880000,0x00000000d5900000)
 ParOldGen       total 1093120K, used 1092674K [0x0000000080000000, 0x00000000c2b80000, 0x00000000d5580000)
  object space 1093120K, 99% used [0x0000000080000000,0x00000000c2b10a50,0x00000000c2b80000)
 Metaspace       used 87277K, committed 89152K, reserved 1179648K
  class space    used 9878K, committed 10752K, reserved 1048576K
}
Event: 281.967 GC heap after
{Heap after GC invocations=1638 (full 4):
 PSYoungGen      total 2560K, used 320K [0x00000000d5580000, 0x00000000d5900000, 0x0000000100000000)
  eden space 2048K, 0% used [0x00000000d5580000,0x00000000d5580000,0x00000000d5780000)
  from space 512K, 62% used [0x00000000d5880000,0x00000000d58d0000,0x00000000d5900000)
  to   space 512K, 0% used [0x00000000d5800000,0x00000000d5800000,0x00000000d5880000)
 ParOldGen       total 1093120K, used 1092770K [0x0000000080000000, 0x00000000c2b80000, 0x00000000d5580000)
  object space 1093120K, 99% used [0x0000000080000000,0x00000000c2b28a50,0x00000000c2b80000)
 Metaspace       used 87277K, committed 89152K, reserved 1179648K
  class space    used 9878K, committed 10752K, reserved 1048576K
}
Event: 281.972 GC heap before
{Heap before GC invocations=1639 (full 4):
 PSYoungGen      total 2560K, used 2368K [0x00000000d5580000, 0x00000000d5900000, 0x0000000100000000)
  eden space 2048K, 100% used [0x00000000d5580000,0x00000000d5780000,0x00000000d5780000)
  from space 512K, 62% used [0x00000000d5880000,0x00000000d58d0000,0x00000000d5900000)
  to   space 512K, 0% used [0x00000000d5800000,0x00000000d5800000,0x00000000d5880000)
 ParOldGen       total 1093120K, used 1092770K [0x0000000080000000, 0x00000000c2b80000, 0x00000000d5580000)
  object space 1093120K, 99% used [0x0000000080000000,0x00000000c2b28a50,0x00000000c2b80000)
 Metaspace       used 87277K, committed 89152K, reserved 1179648K
  class space    used 9878K, committed 10752K, reserved 1048576K
}
Event: 281.974 GC heap after
{Heap after GC invocations=1639 (full 4):
 PSYoungGen      total 3072K, used 320K [0x00000000d5580000, 0x00000000d5900000, 0x0000000100000000)
  eden space 2560K, 0% used [0x00000000d5580000,0x00000000d5580000,0x00000000d5800000)
  from space 512K, 62% used [0x00000000d5800000,0x00000000d5850000,0x00000000d5880000)
  to   space 512K, 0% used [0x00000000d5880000,0x00000000d5880000,0x00000000d5900000)
 ParOldGen       total 1093120K, used 1092948K [0x0000000080000000, 0x00000000c2b80000, 0x00000000d5580000)
  object space 1093120K, 99% used [0x0000000080000000,0x00000000c2b55070,0x00000000c2b80000)
 Metaspace       used 87277K, committed 89152K, reserved 1179648K
  class space    used 9878K, committed 10752K, reserved 1048576K
}
Event: 281.982 GC heap before
{Heap before GC invocations=1640 (full 4):
 PSYoungGen      total 3072K, used 2880K [0x00000000d5580000, 0x00000000d5900000, 0x0000000100000000)
  eden space 2560K, 100% used [0x00000000d5580000,0x00000000d5800000,0x00000000d5800000)
  from space 512K, 62% used [0x00000000d5800000,0x00000000d5850000,0x00000000d5880000)
  to   space 512K, 0% used [0x00000000d5880000,0x00000000d5880000,0x00000000d5900000)
 ParOldGen       total 1093120K, used 1092948K [0x0000000080000000, 0x00000000c2b80000, 0x00000000d5580000)
  object space 1093120K, 99% used [0x0000000080000000,0x00000000c2b55070,0x00000000c2b80000)
 Metaspace       used 87278K, committed 89152K, reserved 1179648K
  class space    used 9878K, committed 10752K, reserved 1048576K
}
Event: 282.985 GC heap after
{Heap after GC invocations=1640 (full 4):
 PSYoungGen      total 3072K, used 403K [0x00000000d5580000, 0x00000000d5980000, 0x0000000100000000)
  eden space 2560K, 0% used [0x00000000d5580000,0x00000000d5580000,0x00000000d5800000)
  from space 512K, 78% used [0x00000000d5880000,0x00000000d58e4c08,0x00000000d5900000)
  to   space 512K, 0% used [0x00000000d5800000,0x00000000d5800000,0x00000000d5880000)
 ParOldGen       total 1093120K, used 1093092K [0x0000000080000000, 0x00000000c2b80000, 0x00000000d5580000)
  object space 1093120K, 99% used [0x0000000080000000,0x00000000c2b79090,0x00000000c2b80000)
 Metaspace       used 87278K, committed 89152K, reserved 1179648K
  class space    used 9878K, committed 10752K, reserved 1048576K
}

