# JRE version: OpenJDK Runtime Environment Temurin-21.0.8+9 (21.0.8+9) (build 21.0.8+9-LTS)
# Java VM: OpenJDK 64-Bit Server VM Temurin-21.0.8+9 (21.0.8+9-LTS, mixed mode, sharing, tiered, compressed oops, compressed class ptrs, parallel gc, windows-amd64)
GC Precious Log:
 CardTable entry size: 512
 CPUs: 12 total, 12 available
 Memory: 5989M
 Large Page Support: Disabled
 NUMA Support: Disabled
 Compressed Oops: Enabled (32-bit)
 Alignments: Space 512K, Generation 512K, Heap 2M
 Heap Min Capacity: 100M
 Heap Initial Capacity: 100M
 Heap Max Capacity: 2G
 Pre-touch: Disabled
 Parallel Workers: 10
Heap:
 PSYoungGen      total 6656K, used 4095K [0x00000000d5580000, 0x00000000d5e80000, 0x0000000100000000)
  eden space 3584K, 49% used [0x00000000d5580000,0x00000000d573bc28,0x00000000d5900000)
  from space 3072K, 75% used [0x00000000d5900000,0x00000000d5b44000,0x00000000d5c00000)
  to   space 2560K, 0% used [0x00000000d5c00000,0x00000000d5c00000,0x00000000d5e80000)
 ParOldGen       total 1100288K, used 1099982K [0x0000000080000000, 0x00000000c3280000, 0x00000000d5580000)
  object space 1100288K, 99% used [0x0000000080000000,0x00000000c32338f0,0x00000000c3280000)
 Metaspace       used 84015K, committed 85504K, reserved 1179648K
  class space    used 8287K, committed 9024K, reserved 1048576K
GC Heap History (20 events):
Event: 11394.166 GC heap before
{Heap before GC invocations=4863 (full 6):
 PSYoungGen      total 3584K, used 3168K [0x00000000d5580000, 0x00000000d5b80000, 0x0000000100000000)
  eden space 1536K, 100% used [0x00000000d5580000,0x00000000d5700000,0x00000000d5700000)
  from space 2048K, 79% used [0x00000000d5700000,0x00000000d5898000,0x00000000d5900000)
  to   space 2048K, 0% used [0x00000000d5980000,0x00000000d5980000,0x00000000d5b80000)
 ParOldGen       total 1082368K, used 1082286K [0x0000000080000000, 0x00000000c2100000, 0x00000000d5580000)
  object space 1082368K, 99% used [0x0000000080000000,0x00000000c20eba80,0x00000000c2100000)
 Metaspace       used 83994K, committed 85440K, reserved 1179648K
  class space    used 8287K, committed 9024K, reserved 1048576K
}
Event: 11394.173 GC heap after
{Heap after GC invocations=4863 (full 6):
 PSYoungGen      total 4096K, used 1664K [0x00000000d5580000, 0x00000000d5b80000, 0x0000000100000000)
  eden space 2048K, 0% used [0x00000000d5580000,0x00000000d5580000,0x00000000d5780000)
  from space 2048K, 81% used [0x00000000d5980000,0x00000000d5b20000,0x00000000d5b80000)
  to   space 2048K, 0% used [0x00000000d5780000,0x00000000d5780000,0x00000000d5980000)
 ParOldGen       total 1083904K, used 1083854K [0x0000000080000000, 0x00000000c2280000, 0x00000000d5580000)
  object space 1083904K, 99% used [0x0000000080000000,0x00000000c2273a80,0x00000000c2280000)
 Metaspace       used 83994K, committed 85440K, reserved 1179648K
  class space    used 8287K, committed 9024K, reserved 1048576K
}
Event: 11394.182 GC heap before
{Heap before GC invocations=4864 (full 6):
 PSYoungGen      total 4096K, used 3712K [0x00000000d5580000, 0x00000000d5b80000, 0x0000000100000000)
  eden space 2048K, 100% used [0x00000000d5580000,0x00000000d5780000,0x00000000d5780000)
  from space 2048K, 81% used [0x00000000d5980000,0x00000000d5b20000,0x00000000d5b80000)
  to   space 2048K, 0% used [0x00000000d5780000,0x00000000d5780000,0x00000000d5980000)
 ParOldGen       total 1083904K, used 1083854K [0x0000000080000000, 0x00000000c2280000, 0x00000000d5580000)
  object space 1083904K, 99% used [0x0000000080000000,0x00000000c2273a80,0x00000000c2280000)
 Metaspace       used 83994K, committed 85440K, reserved 1179648K
  class space    used 8287K, committed 9024K, reserved 1048576K
}
Event: 11394.190 GC heap after
{Heap after GC invocations=4864 (full 6):
 PSYoungGen      total 4096K, used 2048K [0x00000000d5580000, 0x00000000d6000000, 0x0000000100000000)
  eden space 2048K, 0% used [0x00000000d5580000,0x00000000d5580000,0x00000000d5780000)
  from space 2048K, 100% used [0x00000000d5780000,0x00000000d5980000,0x00000000d5980000)
  to   space 4096K, 0% used [0x00000000d5c00000,0x00000000d5c00000,0x00000000d6000000)
 ParOldGen       total 1085952K, used 1085486K [0x0000000080000000, 0x00000000c2480000, 0x00000000d5580000)
  object space 1085952K, 99% used [0x0000000080000000,0x00000000c240ba80,0x00000000c2480000)
 Metaspace       used 83994K, committed 85440K, reserved 1179648K
  class space    used 8287K, committed 9024K, reserved 1048576K
}
Event: 11394.200 GC heap before
{Heap before GC invocations=4865 (full 6):
 PSYoungGen      total 4096K, used 4071K [0x00000000d5580000, 0x00000000d6000000, 0x0000000100000000)
  eden space 2048K, 98% used [0x00000000d5580000,0x00000000d5779c48,0x00000000d5780000)
  from space 2048K, 100% used [0x00000000d5780000,0x00000000d5980000,0x00000000d5980000)
  to   space 4096K, 0% used [0x00000000d5c00000,0x00000000d5c00000,0x00000000d6000000)
 ParOldGen       total 1085952K, used 1085486K [0x0000000080000000, 0x00000000c2480000, 0x00000000d5580000)
  object space 1085952K, 99% used [0x0000000080000000,0x00000000c240ba80,0x00000000c2480000)
 Metaspace       used 83994K, committed 85440K, reserved 1179648K
  class space    used 8287K, committed 9024K, reserved 1048576K
}
Event: 11394.207 GC heap after
{Heap after GC invocations=4865 (full 6):
 PSYoungGen      total 4608K, used 2011K [0x00000000d5580000, 0x00000000d5e00000, 0x0000000100000000)
  eden space 2560K, 0% used [0x00000000d5580000,0x00000000d5580000,0x00000000d5800000)
  from space 2048K, 98% used [0x00000000d5c00000,0x00000000d5df6c00,0x00000000d5e00000)
  to   space 3072K, 0% used [0x00000000d5800000,0x00000000d5800000,0x00000000d5b00000)
 ParOldGen       total 1088000K, used 1087494K [0x0000000080000000, 0x00000000c2680000, 0x00000000d5580000)
  object space 1088000K, 99% used [0x0000000080000000,0x00000000c2601a80,0x00000000c2680000)
 Metaspace       used 83994K, committed 85440K, reserved 1179648K
  class space    used 8287K, committed 9024K, reserved 1048576K
}
Event: 11394.277 GC heap before
{Heap before GC invocations=4866 (full 6):
 PSYoungGen      total 4608K, used 3966K [0x00000000d5580000, 0x00000000d5e00000, 0x0000000100000000)
  eden space 2560K, 76% used [0x00000000d5580000,0x00000000d5768e98,0x00000000d5800000)
  from space 2048K, 98% used [0x00000000d5c00000,0x00000000d5df6c00,0x00000000d5e00000)
  to   space 3072K, 0% used [0x00000000d5800000,0x00000000d5800000,0x00000000d5b00000)
 ParOldGen       total 1088000K, used 1087494K [0x0000000080000000, 0x00000000c2680000, 0x00000000d5580000)
  object space 1088000K, 99% used [0x0000000080000000,0x00000000c2601a80,0x00000000c2680000)
 Metaspace       used 83997K, committed 85440K, reserved 1179648K
  class space    used 8287K, committed 9024K, reserved 1048576K
}
Event: 11394.286 GC heap after
{Heap after GC invocations=4866 (full 6):
 PSYoungGen      total 4608K, used 1622K [0x00000000d5580000, 0x00000000d5c80000, 0x0000000100000000)
  eden space 2560K, 0% used [0x00000000d5580000,0x00000000d5580000,0x00000000d5800000)
  from space 2048K, 79% used [0x00000000d5800000,0x00000000d5995800,0x00000000d5a00000)
  to   space 2048K, 0% used [0x00000000d5a80000,0x00000000d5a80000,0x00000000d5c80000)
 ParOldGen       total 1089536K, used 1089038K [0x0000000080000000, 0x00000000c2800000, 0x00000000d5580000)
  object space 1089536K, 99% used [0x0000000080000000,0x00000000c2783a80,0x00000000c2800000)
 Metaspace       used 83997K, committed 85440K, reserved 1179648K
  class space    used 8287K, committed 9024K, reserved 1048576K
}
Event: 11394.457 GC heap before
{Heap before GC invocations=4867 (full 6):
 PSYoungGen      total 4608K, used 3874K [0x00000000d5580000, 0x00000000d5c80000, 0x0000000100000000)
  eden space 2560K, 87% used [0x00000000d5580000,0x00000000d57b30f0,0x00000000d5800000)
  from space 2048K, 79% used [0x00000000d5800000,0x00000000d5995800,0x00000000d5a00000)
  to   space 2048K, 0% used [0x00000000d5a80000,0x00000000d5a80000,0x00000000d5c80000)
 ParOldGen       total 1089536K, used 1089038K [0x0000000080000000, 0x00000000c2800000, 0x00000000d5580000)
  object space 1089536K, 99% used [0x0000000080000000,0x00000000c2783a80,0x00000000c2800000)
 Metaspace       used 83997K, committed 85440K, reserved 1179648K
  class space    used 8287K, committed 9024K, reserved 1048576K
}
Event: 11394.466 GC heap after
{Heap after GC invocations=4867 (full 6):
 PSYoungGen      total 3584K, used 2028K [0x00000000d5580000, 0x00000000d5f80000, 0x0000000100000000)
  eden space 1536K, 0% used [0x00000000d5580000,0x00000000d5580000,0x00000000d5700000)
  from space 2048K, 99% used [0x00000000d5a80000,0x00000000d5c7b000,0x00000000d5c80000)
  to   space 3584K, 0% used [0x00000000d5700000,0x00000000d5700000,0x00000000d5a80000)
 ParOldGen       total 1090560K, used 1090102K [0x0000000080000000, 0x00000000c2900000, 0x00000000d5580000)
  object space 1090560K, 99% used [0x0000000080000000,0x00000000c288da80,0x00000000c2900000)
 Metaspace       used 83997K, committed 85440K, reserved 1179648K
  class space    used 8287K, committed 9024K, reserved 1048576K
}
Event: 11394.473 GC heap before
{Heap before GC invocations=4868 (full 6):
 PSYoungGen      total 3584K, used 3564K [0x00000000d5580000, 0x00000000d5f80000, 0x0000000100000000)
  eden space 1536K, 100% used [0x00000000d5580000,0x00000000d5700000,0x00000000d5700000)
  from space 2048K, 99% used [0x00000000d5a80000,0x00000000d5c7b000,0x00000000d5c80000)
  to   space 3584K, 0% used [0x00000000d5700000,0x00000000d5700000,0x00000000d5a80000)
 ParOldGen       total 1090560K, used 1090102K [0x0000000080000000, 0x00000000c2900000, 0x00000000d5580000)
  object space 1090560K, 99% used [0x0000000080000000,0x00000000c288da80,0x00000000c2900000)
 Metaspace       used 83997K, committed 85440K, reserved 1179648K
  class space    used 8287K, committed 9024K, reserved 1048576K
}
Event: 11394.481 GC heap after
{Heap after GC invocations=4868 (full 6):
 PSYoungGen      total 3584K, used 1627K [0x00000000d5580000, 0x00000000d5c80000, 0x0000000100000000)
  eden space 1536K, 0% used [0x00000000d5580000,0x00000000d5580000,0x00000000d5700000)
  from space 2048K, 79% used [0x00000000d5700000,0x00000000d5896e70,0x00000000d5900000)
  to   space 2560K, 0% used [0x00000000d5a00000,0x00000000d5a00000,0x00000000d5c80000)
 ParOldGen       total 1092608K, used 1092186K [0x0000000080000000, 0x00000000c2b00000, 0x00000000d5580000)
  object space 1092608K, 99% used [0x0000000080000000,0x00000000c2a96a80,0x00000000c2b00000)
 Metaspace       used 83997K, committed 85440K, reserved 1179648K
  class space    used 8287K, committed 9024K, reserved 1048576K
}
Event: 11394.493 GC heap before
{Heap before GC invocations=4869 (full 6):
 PSYoungGen      total 3584K, used 3163K [0x00000000d5580000, 0x00000000d5c80000, 0x0000000100000000)
  eden space 1536K, 100% used [0x00000000d5580000,0x00000000d5700000,0x00000000d5700000)
  from space 2048K, 79% used [0x00000000d5700000,0x00000000d5896e70,0x00000000d5900000)
  to   space 2560K, 0% used [0x00000000d5a00000,0x00000000d5a00000,0x00000000d5c80000)
 ParOldGen       total 1092608K, used 1092186K [0x0000000080000000, 0x00000000c2b00000, 0x00000000d5580000)
  object space 1092608K, 99% used [0x0000000080000000,0x00000000c2a96a80,0x00000000c2b00000)
 Metaspace       used 83997K, committed 85440K, reserved 1179648K
  class space    used 8287K, committed 9024K, reserved 1048576K
}
Event: 11394.501 GC heap after
{Heap after GC invocations=4869 (full 6):
 PSYoungGen      total 4096K, used 1696K [0x00000000d5580000, 0x00000000d5c00000, 0x0000000100000000)
  eden space 2048K, 0% used [0x00000000d5580000,0x00000000d5580000,0x00000000d5780000)
  from space 2048K, 82% used [0x00000000d5a00000,0x00000000d5ba8000,0x00000000d5c00000)
  to   space 2048K, 0% used [0x00000000d5800000,0x00000000d5800000,0x00000000d5a00000)
 ParOldGen       total 1094144K, used 1093750K [0x0000000080000000, 0x00000000c2c80000, 0x00000000d5580000)
  object space 1094144K, 99% used [0x0000000080000000,0x00000000c2c1d8f0,0x00000000c2c80000)
 Metaspace       used 83997K, committed 85440K, reserved 1179648K
  class space    used 8287K, committed 9024K, reserved 1048576K
}
Event: 11394.508 GC heap before
{Heap before GC invocations=4870 (full 6):
 PSYoungGen      total 4096K, used 3744K [0x00000000d5580000, 0x00000000d5c00000, 0x0000000100000000)
  eden space 2048K, 100% used [0x00000000d5580000,0x00000000d5780000,0x00000000d5780000)
  from space 2048K, 82% used [0x00000000d5a00000,0x00000000d5ba8000,0x00000000d5c00000)
  to   space 2048K, 0% used [0x00000000d5800000,0x00000000d5800000,0x00000000d5a00000)
 ParOldGen       total 1094144K, used 1093750K [0x0000000080000000, 0x00000000c2c80000, 0x00000000d5580000)
  object space 1094144K, 99% used [0x0000000080000000,0x00000000c2c1d8f0,0x00000000c2c80000)
 Metaspace       used 83997K, committed 85440K, reserved 1179648K
  class space    used 8287K, committed 9024K, reserved 1048576K
}
Event: 11394.513 GC heap after
{Heap after GC invocations=4870 (full 6):
 PSYoungGen      total 4608K, used 2048K [0x00000000d5580000, 0x00000000d6000000, 0x0000000100000000)
  eden space 2560K, 0% used [0x00000000d5580000,0x00000000d5580000,0x00000000d5800000)
  from space 2048K, 100% used [0x00000000d5800000,0x00000000d5a00000,0x00000000d5a00000)
  to   space 4096K, 0% used [0x00000000d5c00000,0x00000000d5c00000,0x00000000d6000000)
 ParOldGen       total 1095680K, used 1095334K [0x0000000080000000, 0x00000000c2e00000, 0x00000000d5580000)
  object space 1095680K, 99% used [0x0000000080000000,0x00000000c2da98f0,0x00000000c2e00000)
 Metaspace       used 83997K, committed 85440K, reserved 1179648K
  class space    used 8287K, committed 9024K, reserved 1048576K
}
Event: 11394.524 GC heap before
{Heap before GC invocations=4871 (full 6):
 PSYoungGen      total 4608K, used 4608K [0x00000000d5580000, 0x00000000d6000000, 0x0000000100000000)
  eden space 2560K, 100% used [0x00000000d5580000,0x00000000d5800000,0x00000000d5800000)
  from space 2048K, 100% used [0x00000000d5800000,0x00000000d5a00000,0x00000000d5a00000)
  to   space 4096K, 0% used [0x00000000d5c00000,0x00000000d5c00000,0x00000000d6000000)
 ParOldGen       total 1095680K, used 1095334K [0x0000000080000000, 0x00000000c2e00000, 0x00000000d5580000)
  object space 1095680K, 99% used [0x0000000080000000,0x00000000c2da98f0,0x00000000c2e00000)
 Metaspace       used 83997K, committed 85440K, reserved 1179648K
  class space    used 8287K, committed 9024K, reserved 1048576K
}
Event: 11394.531 GC heap after
{Heap after GC invocations=4871 (full 6):
 PSYoungGen      total 6144K, used 2656K [0x00000000d5580000, 0x00000000d5f00000, 0x0000000100000000)
  eden space 3072K, 0% used [0x00000000d5580000,0x00000000d5580000,0x00000000d5880000)
  from space 3072K, 86% used [0x00000000d5c00000,0x00000000d5e98000,0x00000000d5f00000)
  to   space 3072K, 0% used [0x00000000d5900000,0x00000000d5900000,0x00000000d5c00000)
 ParOldGen       total 1097728K, used 1097374K [0x0000000080000000, 0x00000000c3000000, 0x00000000d5580000)
  object space 1097728K, 99% used [0x0000000080000000,0x00000000c2fa78f0,0x00000000c3000000)
 Metaspace       used 83997K, committed 85440K, reserved 1179648K
  class space    used 8287K, committed 9024K, reserved 1048576K
}
Event: 11394.552 GC heap before
{Heap before GC invocations=4872 (full 6):
 PSYoungGen      total 6144K, used 5424K [0x00000000d5580000, 0x00000000d5f00000, 0x0000000100000000)
  eden space 3072K, 90% used [0x00000000d5580000,0x00000000d5834238,0x00000000d5880000)
  from space 3072K, 86% used [0x00000000d5c00000,0x00000000d5e98000,0x00000000d5f00000)
  to   space 3072K, 0% used [0x00000000d5900000,0x00000000d5900000,0x00000000d5c00000)
 ParOldGen       total 1097728K, used 1097374K [0x0000000080000000, 0x00000000c3000000, 0x00000000d5580000)
  object space 1097728K, 99% used [0x0000000080000000,0x00000000c2fa78f0,0x00000000c3000000)
 Metaspace       used 83997K, committed 85440K, reserved 1179648K
  class space    used 8287K, committed 9024K, reserved 1048576K
}
Event: 11394.559 GC heap after
{Heap after GC invocations=4872 (full 6):
 PSYoungGen      total 6656K, used 2320K [0x00000000d5580000, 0x00000000d5e80000, 0x0000000100000000)
  eden space 3584K, 0% used [0x00000000d5580000,0x00000000d5580000,0x00000000d5900000)
  from space 3072K, 75% used [0x00000000d5900000,0x00000000d5b44000,0x00000000d5c00000)
  to   space 2560K, 0% used [0x00000000d5c00000,0x00000000d5c00000,0x00000000d5e80000)
 ParOldGen       total 1100288K, used 1099982K [0x0000000080000000, 0x00000000c3280000, 0x00000000d5580000)
  object space 1100288K, 99% used [0x0000000080000000,0x00000000c32338f0,0x00000000c3280000)
 Metaspace       used 83997K, committed 85440K, reserved 1179648K
  class space    used 8287K, committed 9024K, reserved 1048576K
}

