# JRE version: OpenJDK Runtime Environment Temurin-21.0.7+6 (21.0.7+6) (build 21.0.7+6-LTS)
# Java VM: OpenJDK 64-Bit Server VM Temurin-21.0.7+6 (21.0.7+6-LTS, mixed mode, sharing, tiered, compressed oops, compressed class ptrs, parallel gc, windows-amd64)
GC Precious Log:
 CardTable entry size: 512
 CPUs: 12 total, 12 available
 Memory: 5989M
 Large Page Support: Disabled
 NUMA Support: Disabled
 Compressed Oops: Enabled (32-bit)
 Alignments: Space 512K, Generation 512K, Heap 2M
 Heap Min Capacity: 100M
 Heap Initial Capacity: 100M
 Heap Max Capacity: 2G
 Pre-touch: Disabled
 Parallel Workers: 10
Heap:
 PSYoungGen      total 6656K, used 6656K [0x00000000d5580000, 0x00000000d5f80000, 0x0000000100000000)
  eden space 6144K, 100% used [0x00000000d5580000,0x00000000d5b80000,0x00000000d5b80000)
  from space 512K, 100% used [0x00000000d5d80000,0x00000000d5e00000,0x00000000d5e00000)
  to   space 2048K, 32% used [0x00000000d5b80000,0x00000000d5c24010,0x00000000d5d80000)
 ParOldGen       total 884224K, used 344645K [0x0000000080000000, 0x00000000b5f80000, 0x00000000d5580000)
  object space 884224K, 38% used [0x0000000080000000,0x0000000095091400,0x00000000b5f80000)
 Metaspace       used 85073K, committed 86848K, reserved 1179648K
  class space    used 9779K, committed 10624K, reserved 1048576K
GC Heap History (20 events):
Event: 285.314 GC heap before
{Heap before GC invocations=1588 (full 4):
 PSYoungGen      total 8192K, used 6784K [0x00000000d5580000, 0x00000000d6100000, 0x0000000100000000)
  eden space 6144K, 100% used [0x00000000d5580000,0x00000000d5b80000,0x00000000d5b80000)
  from space 2048K, 31% used [0x00000000d5d80000,0x00000000d5e20000,0x00000000d5f80000)
  to   space 1536K, 0% used [0x00000000d5f80000,0x00000000d5f80000,0x00000000d6100000)
 ParOldGen       total 884224K, used 336290K [0x0000000080000000, 0x00000000b5f80000, 0x00000000d5580000)
  object space 884224K, 38% used [0x0000000080000000,0x0000000094868988,0x00000000b5f80000)
 Metaspace       used 84976K, committed 86784K, reserved 1179648K
  class space    used 9777K, committed 10624K, reserved 1048576K
}
Event: 285.320 GC heap after
{Heap after GC invocations=1588 (full 4):
 PSYoungGen      total 7168K, used 960K [0x00000000d5580000, 0x00000000d6080000, 0x0000000100000000)
  eden space 6144K, 0% used [0x00000000d5580000,0x00000000d5580000,0x00000000d5b80000)
  from space 1024K, 93% used [0x00000000d5f80000,0x00000000d6070000,0x00000000d6080000)
  to   space 1536K, 0% used [0x00000000d5d80000,0x00000000d5d80000,0x00000000d5f00000)
 ParOldGen       total 884224K, used 336762K [0x0000000080000000, 0x00000000b5f80000, 0x00000000d5580000)
  object space 884224K, 38% used [0x0000000080000000,0x00000000948de9c8,0x00000000b5f80000)
 Metaspace       used 84976K, committed 86784K, reserved 1179648K
  class space    used 9777K, committed 10624K, reserved 1048576K
}
Event: 285.483 GC heap before
{Heap before GC invocations=1589 (full 4):
 PSYoungGen      total 7168K, used 7104K [0x00000000d5580000, 0x00000000d6080000, 0x0000000100000000)
  eden space 6144K, 100% used [0x00000000d5580000,0x00000000d5b80000,0x00000000d5b80000)
  from space 1024K, 93% used [0x00000000d5f80000,0x00000000d6070000,0x00000000d6080000)
  to   space 1536K, 0% used [0x00000000d5d80000,0x00000000d5d80000,0x00000000d5f00000)
 ParOldGen       total 884224K, used 336762K [0x0000000080000000, 0x00000000b5f80000, 0x00000000d5580000)
  object space 884224K, 38% used [0x0000000080000000,0x00000000948de9c8,0x00000000b5f80000)
 Metaspace       used 85002K, committed 86784K, reserved 1179648K
  class space    used 9777K, committed 10624K, reserved 1048576K
}
Event: 285.489 GC heap after
{Heap after GC invocations=1589 (full 4):
 PSYoungGen      total 7680K, used 911K [0x00000000d5580000, 0x00000000d6000000, 0x0000000100000000)
  eden space 6144K, 0% used [0x00000000d5580000,0x00000000d5580000,0x00000000d5b80000)
  from space 1536K, 59% used [0x00000000d5d80000,0x00000000d5e63ef8,0x00000000d5f00000)
  to   space 1024K, 0% used [0x00000000d5f00000,0x00000000d5f00000,0x00000000d6000000)
 ParOldGen       total 884224K, used 337548K [0x0000000080000000, 0x00000000b5f80000, 0x00000000d5580000)
  object space 884224K, 38% used [0x0000000080000000,0x00000000949a30e8,0x00000000b5f80000)
 Metaspace       used 85002K, committed 86784K, reserved 1179648K
  class space    used 9777K, committed 10624K, reserved 1048576K
}
Event: 285.530 GC heap before
{Heap before GC invocations=1590 (full 4):
 PSYoungGen      total 7680K, used 7055K [0x00000000d5580000, 0x00000000d6000000, 0x0000000100000000)
  eden space 6144K, 100% used [0x00000000d5580000,0x00000000d5b80000,0x00000000d5b80000)
  from space 1536K, 59% used [0x00000000d5d80000,0x00000000d5e63ef8,0x00000000d5f00000)
  to   space 1024K, 0% used [0x00000000d5f00000,0x00000000d5f00000,0x00000000d6000000)
 ParOldGen       total 884224K, used 337548K [0x0000000080000000, 0x00000000b5f80000, 0x00000000d5580000)
  object space 884224K, 38% used [0x0000000080000000,0x00000000949a30e8,0x00000000b5f80000)
 Metaspace       used 85002K, committed 86784K, reserved 1179648K
  class space    used 9777K, committed 10624K, reserved 1048576K
}
Event: 285.536 GC heap after
{Heap after GC invocations=1590 (full 4):
 PSYoungGen      total 7168K, used 544K [0x00000000d5580000, 0x00000000d6000000, 0x0000000100000000)
  eden space 6144K, 0% used [0x00000000d5580000,0x00000000d5580000,0x00000000d5b80000)
  from space 1024K, 53% used [0x00000000d5f00000,0x00000000d5f88000,0x00000000d6000000)
  to   space 1024K, 0% used [0x00000000d5e00000,0x00000000d5e00000,0x00000000d5f00000)
 ParOldGen       total 884224K, used 338297K [0x0000000080000000, 0x00000000b5f80000, 0x00000000d5580000)
  object space 884224K, 38% used [0x0000000080000000,0x0000000094a5e688,0x00000000b5f80000)
 Metaspace       used 85002K, committed 86784K, reserved 1179648K
  class space    used 9777K, committed 10624K, reserved 1048576K
}
Event: 285.707 GC heap before
{Heap before GC invocations=1591 (full 4):
 PSYoungGen      total 7168K, used 6688K [0x00000000d5580000, 0x00000000d6000000, 0x0000000100000000)
  eden space 6144K, 100% used [0x00000000d5580000,0x00000000d5b80000,0x00000000d5b80000)
  from space 1024K, 53% used [0x00000000d5f00000,0x00000000d5f88000,0x00000000d6000000)
  to   space 1024K, 0% used [0x00000000d5e00000,0x00000000d5e00000,0x00000000d5f00000)
 ParOldGen       total 884224K, used 338297K [0x0000000080000000, 0x00000000b5f80000, 0x00000000d5580000)
  object space 884224K, 38% used [0x0000000080000000,0x0000000094a5e688,0x00000000b5f80000)
 Metaspace       used 85020K, committed 86848K, reserved 1179648K
  class space    used 9777K, committed 10624K, reserved 1048576K
}
Event: 285.713 GC heap after
{Heap after GC invocations=1591 (full 4):
 PSYoungGen      total 7168K, used 1024K [0x00000000d5580000, 0x00000000d5f80000, 0x0000000100000000)
  eden space 6144K, 0% used [0x00000000d5580000,0x00000000d5580000,0x00000000d5b80000)
  from space 1024K, 100% used [0x00000000d5e00000,0x00000000d5f00000,0x00000000d5f00000)
  to   space 512K, 0% used [0x00000000d5f00000,0x00000000d5f00000,0x00000000d5f80000)
 ParOldGen       total 884224K, used 338753K [0x0000000080000000, 0x00000000b5f80000, 0x00000000d5580000)
  object space 884224K, 38% used [0x0000000080000000,0x0000000094ad06c8,0x00000000b5f80000)
 Metaspace       used 85020K, committed 86848K, reserved 1179648K
  class space    used 9777K, committed 10624K, reserved 1048576K
}
Event: 285.826 GC heap before
{Heap before GC invocations=1592 (full 4):
 PSYoungGen      total 7168K, used 7168K [0x00000000d5580000, 0x00000000d5f80000, 0x0000000100000000)
  eden space 6144K, 100% used [0x00000000d5580000,0x00000000d5b80000,0x00000000d5b80000)
  from space 1024K, 100% used [0x00000000d5e00000,0x00000000d5f00000,0x00000000d5f00000)
  to   space 512K, 0% used [0x00000000d5f00000,0x00000000d5f00000,0x00000000d5f80000)
 ParOldGen       total 884224K, used 338753K [0x0000000080000000, 0x00000000b5f80000, 0x00000000d5580000)
  object space 884224K, 38% used [0x0000000080000000,0x0000000094ad06c8,0x00000000b5f80000)
 Metaspace       used 85034K, committed 86848K, reserved 1179648K
  class space    used 9777K, committed 10624K, reserved 1048576K
}
Event: 285.834 GC heap after
{Heap after GC invocations=1592 (full 4):
 PSYoungGen      total 6656K, used 511K [0x00000000d5580000, 0x00000000d5f80000, 0x0000000100000000)
  eden space 6144K, 0% used [0x00000000d5580000,0x00000000d5580000,0x00000000d5b80000)
  from space 512K, 99% used [0x00000000d5f00000,0x00000000d5f7ff08,0x00000000d5f80000)
  to   space 2048K, 0% used [0x00000000d5b80000,0x00000000d5b80000,0x00000000d5d80000)
 ParOldGen       total 884224K, used 340005K [0x0000000080000000, 0x00000000b5f80000, 0x00000000d5580000)
  object space 884224K, 38% used [0x0000000080000000,0x0000000094c09638,0x00000000b5f80000)
 Metaspace       used 85034K, committed 86848K, reserved 1179648K
  class space    used 9777K, committed 10624K, reserved 1048576K
}
Event: 285.928 GC heap before
{Heap before GC invocations=1593 (full 4):
 PSYoungGen      total 6656K, used 6655K [0x00000000d5580000, 0x00000000d5f80000, 0x0000000100000000)
  eden space 6144K, 100% used [0x00000000d5580000,0x00000000d5b80000,0x00000000d5b80000)
  from space 512K, 99% used [0x00000000d5f00000,0x00000000d5f7ff08,0x00000000d5f80000)
  to   space 2048K, 0% used [0x00000000d5b80000,0x00000000d5b80000,0x00000000d5d80000)
 ParOldGen       total 884224K, used 340005K [0x0000000080000000, 0x00000000b5f80000, 0x00000000d5580000)
  object space 884224K, 38% used [0x0000000080000000,0x0000000094c09638,0x00000000b5f80000)
 Metaspace       used 85036K, committed 86848K, reserved 1179648K
  class space    used 9777K, committed 10624K, reserved 1048576K
}
Event: 285.934 GC heap after
{Heap after GC invocations=1593 (full 4):
 PSYoungGen      total 8192K, used 656K [0x00000000d5580000, 0x00000000d5f80000, 0x0000000100000000)
  eden space 6144K, 0% used [0x00000000d5580000,0x00000000d5580000,0x00000000d5b80000)
  from space 2048K, 32% used [0x00000000d5b80000,0x00000000d5c24010,0x00000000d5d80000)
  to   space 1536K, 0% used [0x00000000d5e00000,0x00000000d5e00000,0x00000000d5f80000)
 ParOldGen       total 884224K, used 340550K [0x0000000080000000, 0x00000000b5f80000, 0x00000000d5580000)
  object space 884224K, 38% used [0x0000000080000000,0x0000000094c91960,0x00000000b5f80000)
 Metaspace       used 85036K, committed 86848K, reserved 1179648K
  class space    used 9777K, committed 10624K, reserved 1048576K
}
Event: 286.360 GC heap before
{Heap before GC invocations=1594 (full 4):
 PSYoungGen      total 8192K, used 6800K [0x00000000d5580000, 0x00000000d5f80000, 0x0000000100000000)
  eden space 6144K, 100% used [0x00000000d5580000,0x00000000d5b80000,0x00000000d5b80000)
  from space 2048K, 32% used [0x00000000d5b80000,0x00000000d5c24010,0x00000000d5d80000)
  to   space 1536K, 0% used [0x00000000d5e00000,0x00000000d5e00000,0x00000000d5f80000)
 ParOldGen       total 884224K, used 340550K [0x0000000080000000, 0x00000000b5f80000, 0x00000000d5580000)
  object space 884224K, 38% used [0x0000000080000000,0x0000000094c91960,0x00000000b5f80000)
 Metaspace       used 85047K, committed 86848K, reserved 1179648K
  class space    used 9777K, committed 10624K, reserved 1048576K
}
Event: 286.365 GC heap after
{Heap after GC invocations=1594 (full 4):
 PSYoungGen      total 7680K, used 1329K [0x00000000d5580000, 0x00000000d5f80000, 0x0000000100000000)
  eden space 6144K, 0% used [0x00000000d5580000,0x00000000d5580000,0x00000000d5b80000)
  from space 1536K, 86% used [0x00000000d5e00000,0x00000000d5f4c450,0x00000000d5f80000)
  to   space 1536K, 0% used [0x00000000d5c80000,0x00000000d5c80000,0x00000000d5e00000)
 ParOldGen       total 884224K, used 341014K [0x0000000080000000, 0x00000000b5f80000, 0x00000000d5580000)
  object space 884224K, 38% used [0x0000000080000000,0x0000000094d059a0,0x00000000b5f80000)
 Metaspace       used 85047K, committed 86848K, reserved 1179648K
  class space    used 9777K, committed 10624K, reserved 1048576K
}
Event: 286.676 GC heap before
{Heap before GC invocations=1595 (full 4):
 PSYoungGen      total 7680K, used 7473K [0x00000000d5580000, 0x00000000d5f80000, 0x0000000100000000)
  eden space 6144K, 100% used [0x00000000d5580000,0x00000000d5b80000,0x00000000d5b80000)
  from space 1536K, 86% used [0x00000000d5e00000,0x00000000d5f4c450,0x00000000d5f80000)
  to   space 1536K, 0% used [0x00000000d5c80000,0x00000000d5c80000,0x00000000d5e00000)
 ParOldGen       total 884224K, used 341014K [0x0000000080000000, 0x00000000b5f80000, 0x00000000d5580000)
  object space 884224K, 38% used [0x0000000080000000,0x0000000094d059a0,0x00000000b5f80000)
 Metaspace       used 85057K, committed 86848K, reserved 1179648K
  class space    used 9777K, committed 10624K, reserved 1048576K
}
Event: 286.690 GC heap after
{Heap after GC invocations=1595 (full 4):
 PSYoungGen      total 6656K, used 485K [0x00000000d5580000, 0x00000000d5e80000, 0x0000000100000000)
  eden space 6144K, 0% used [0x00000000d5580000,0x00000000d5580000,0x00000000d5b80000)
  from space 512K, 94% used [0x00000000d5c80000,0x00000000d5cf9608,0x00000000d5d00000)
  to   space 1024K, 0% used [0x00000000d5d80000,0x00000000d5d80000,0x00000000d5e80000)
 ParOldGen       total 884224K, used 341773K [0x0000000080000000, 0x00000000b5f80000, 0x00000000d5580000)
  object space 884224K, 38% used [0x0000000080000000,0x0000000094dc35b0,0x00000000b5f80000)
 Metaspace       used 85057K, committed 86848K, reserved 1179648K
  class space    used 9777K, committed 10624K, reserved 1048576K
}
Event: 286.928 GC heap before
{Heap before GC invocations=1596 (full 4):
 PSYoungGen      total 6656K, used 6629K [0x00000000d5580000, 0x00000000d5e80000, 0x0000000100000000)
  eden space 6144K, 100% used [0x00000000d5580000,0x00000000d5b80000,0x00000000d5b80000)
  from space 512K, 94% used [0x00000000d5c80000,0x00000000d5cf9608,0x00000000d5d00000)
  to   space 1024K, 0% used [0x00000000d5d80000,0x00000000d5d80000,0x00000000d5e80000)
 ParOldGen       total 884224K, used 341773K [0x0000000080000000, 0x00000000b5f80000, 0x00000000d5580000)
  object space 884224K, 38% used [0x0000000080000000,0x0000000094dc35b0,0x00000000b5f80000)
 Metaspace       used 85063K, committed 86848K, reserved 1179648K
  class space    used 9778K, committed 10624K, reserved 1048576K
}
Event: 286.935 GC heap after
{Heap after GC invocations=1596 (full 4):
 PSYoungGen      total 7168K, used 816K [0x00000000d5580000, 0x00000000d5e80000, 0x0000000100000000)
  eden space 6144K, 0% used [0x00000000d5580000,0x00000000d5580000,0x00000000d5b80000)
  from space 1024K, 79% used [0x00000000d5d80000,0x00000000d5e4c010,0x00000000d5e80000)
  to   space 1024K, 0% used [0x00000000d5c80000,0x00000000d5c80000,0x00000000d5d80000)
 ParOldGen       total 884224K, used 342130K [0x0000000080000000, 0x00000000b5f80000, 0x00000000d5580000)
  object space 884224K, 38% used [0x0000000080000000,0x0000000094e1cb50,0x00000000b5f80000)
 Metaspace       used 85063K, committed 86848K, reserved 1179648K
  class space    used 9778K, committed 10624K, reserved 1048576K
}
Event: 287.150 GC heap before
{Heap before GC invocations=1597 (full 4):
 PSYoungGen      total 7168K, used 6960K [0x00000000d5580000, 0x00000000d5e80000, 0x0000000100000000)
  eden space 6144K, 100% used [0x00000000d5580000,0x00000000d5b80000,0x00000000d5b80000)
  from space 1024K, 79% used [0x00000000d5d80000,0x00000000d5e4c010,0x00000000d5e80000)
  to   space 1024K, 0% used [0x00000000d5c80000,0x00000000d5c80000,0x00000000d5d80000)
 ParOldGen       total 884224K, used 342130K [0x0000000080000000, 0x00000000b5f80000, 0x00000000d5580000)
  object space 884224K, 38% used [0x0000000080000000,0x0000000094e1cb50,0x00000000b5f80000)
 Metaspace       used 85067K, committed 86848K, reserved 1179648K
  class space    used 9778K, committed 10624K, reserved 1048576K
}
Event: 287.157 GC heap after
{Heap after GC invocations=1597 (full 4):
 PSYoungGen      total 7168K, used 576K [0x00000000d5580000, 0x00000000d5e00000, 0x0000000100000000)
  eden space 6144K, 0% used [0x00000000d5580000,0x00000000d5580000,0x00000000d5b80000)
  from space 1024K, 56% used [0x00000000d5c80000,0x00000000d5d10020,0x00000000d5d80000)
  to   space 512K, 0% used [0x00000000d5d80000,0x00000000d5d80000,0x00000000d5e00000)
 ParOldGen       total 884224K, used 342834K [0x0000000080000000, 0x00000000b5f80000, 0x00000000d5580000)
  object space 884224K, 38% used [0x0000000080000000,0x0000000094eccb90,0x00000000b5f80000)
 Metaspace       used 85067K, committed 86848K, reserved 1179648K
  class space    used 9778K, committed 10624K, reserved 1048576K
}

