# JRE version: OpenJDK Runtime Environment Temurin-21.0.8+9 (21.0.8+9) (build 21.0.8+9-LTS)
# Java VM: OpenJDK 64-Bit Server VM Temurin-21.0.8+9 (21.0.8+9-LTS, mixed mode, sharing, tiered, compressed oops, compressed class ptrs, parallel gc, windows-amd64)
GC Precious Log:
 CardTable entry size: 512
 CPUs: 12 total, 12 available
 Memory: 5989M
 Large Page Support: Disabled
 NUMA Support: Disabled
 Compressed Oops: Enabled (32-bit)
 Alignments: Space 512K, Generation 512K, Heap 2M
 Heap Min Capacity: 100M
 Heap Initial Capacity: 100M
 Heap Max Capacity: 2G
 Pre-touch: Disabled
 Parallel Workers: 10
Heap:
 PSYoungGen      total 4096K, used 4025K [0x00000000d5580000, 0x00000000d5b00000, 0x0000000100000000)
  eden space 3072K, 100% used [0x00000000d5580000,0x00000000d5880000,0x00000000d5880000)
  from space 1024K, 93% used [0x00000000d5a00000,0x00000000d5aee4c0,0x00000000d5b00000)
  to   space 1024K, 83% used [0x00000000d5880000,0x00000000d5956c80,0x00000000d5980000)
 ParOldGen       total 288768K, used 288767K [0x0000000080000000, 0x0000000091a00000, 0x00000000d5580000)
  object space 288768K, 99% used [0x0000000080000000,0x00000000919fff88,0x0000000091a00000)
 Metaspace       used 65661K, committed 67008K, reserved 1114112K
  class space    used 7464K, committed 8064K, reserved 1048576K
GC Heap History (20 events):
Event: 54.995 GC heap before
{Heap before GC invocations=222 (full 3):
 PSYoungGen      total 3584K, used 3349K [0x00000000d5580000, 0x00000000d5a00000, 0x0000000100000000)
  eden space 2560K, 100% used [0x00000000d5580000,0x00000000d5800000,0x00000000d5800000)
  from space 1024K, 77% used [0x00000000d5900000,0x00000000d59c57c0,0x00000000d5a00000)
  to   space 1024K, 0% used [0x00000000d5800000,0x00000000d5800000,0x00000000d5900000)
 ParOldGen       total 282112K, used 281874K [0x0000000080000000, 0x0000000091380000, 0x00000000d5580000)
  object space 282112K, 99% used [0x0000000080000000,0x0000000091344b18,0x0000000091380000)
 Metaspace       used 65466K, committed 66880K, reserved 1114112K
  class space    used 7459K, committed 8064K, reserved 1048576K
}
Event: 55.006 GC heap after
{Heap after GC invocations=222 (full 3):
 PSYoungGen      total 3584K, used 767K [0x00000000d5580000, 0x00000000d5a00000, 0x0000000100000000)
  eden space 2560K, 0% used [0x00000000d5580000,0x00000000d5580000,0x00000000d5800000)
  from space 1024K, 74% used [0x00000000d5800000,0x00000000d58bff10,0x00000000d5900000)
  to   space 1024K, 0% used [0x00000000d5900000,0x00000000d5900000,0x00000000d5a00000)
 ParOldGen       total 282624K, used 282477K [0x0000000080000000, 0x0000000091400000, 0x00000000d5580000)
  object space 282624K, 99% used [0x0000000080000000,0x00000000913db5b8,0x0000000091400000)
 Metaspace       used 65466K, committed 66880K, reserved 1114112K
  class space    used 7459K, committed 8064K, reserved 1048576K
}
Event: 55.031 GC heap before
{Heap before GC invocations=223 (full 3):
 PSYoungGen      total 3584K, used 3327K [0x00000000d5580000, 0x00000000d5a00000, 0x0000000100000000)
  eden space 2560K, 100% used [0x00000000d5580000,0x00000000d5800000,0x00000000d5800000)
  from space 1024K, 74% used [0x00000000d5800000,0x00000000d58bff10,0x00000000d5900000)
  to   space 1024K, 0% used [0x00000000d5900000,0x00000000d5900000,0x00000000d5a00000)
 ParOldGen       total 282624K, used 282477K [0x0000000080000000, 0x0000000091400000, 0x00000000d5580000)
  object space 282624K, 99% used [0x0000000080000000,0x00000000913db5b8,0x0000000091400000)
 Metaspace       used 65477K, committed 66880K, reserved 1114112K
  class space    used 7460K, committed 8064K, reserved 1048576K
}
Event: 55.037 GC heap after
{Heap after GC invocations=223 (full 3):
 PSYoungGen      total 3584K, used 676K [0x00000000d5580000, 0x00000000d5a00000, 0x0000000100000000)
  eden space 2560K, 0% used [0x00000000d5580000,0x00000000d5580000,0x00000000d5800000)
  from space 1024K, 66% used [0x00000000d5900000,0x00000000d59a9318,0x00000000d5a00000)
  to   space 1024K, 0% used [0x00000000d5800000,0x00000000d5800000,0x00000000d5900000)
 ParOldGen       total 283136K, used 283054K [0x0000000080000000, 0x0000000091480000, 0x00000000d5580000)
  object space 283136K, 99% used [0x0000000080000000,0x000000009146bbf0,0x0000000091480000)
 Metaspace       used 65477K, committed 66880K, reserved 1114112K
  class space    used 7460K, committed 8064K, reserved 1048576K
}
Event: 55.055 GC heap before
{Heap before GC invocations=224 (full 3):
 PSYoungGen      total 3584K, used 3236K [0x00000000d5580000, 0x00000000d5a00000, 0x0000000100000000)
  eden space 2560K, 100% used [0x00000000d5580000,0x00000000d5800000,0x00000000d5800000)
  from space 1024K, 66% used [0x00000000d5900000,0x00000000d59a9318,0x00000000d5a00000)
  to   space 1024K, 0% used [0x00000000d5800000,0x00000000d5800000,0x00000000d5900000)
 ParOldGen       total 283136K, used 283054K [0x0000000080000000, 0x0000000091480000, 0x00000000d5580000)
  object space 283136K, 99% used [0x0000000080000000,0x000000009146bbf0,0x0000000091480000)
 Metaspace       used 65497K, committed 66880K, reserved 1114112K
  class space    used 7460K, committed 8064K, reserved 1048576K
}
Event: 55.060 GC heap after
{Heap after GC invocations=224 (full 3):
 PSYoungGen      total 3584K, used 759K [0x00000000d5580000, 0x00000000d5a00000, 0x0000000100000000)
  eden space 2560K, 0% used [0x00000000d5580000,0x00000000d5580000,0x00000000d5800000)
  from space 1024K, 74% used [0x00000000d5800000,0x00000000d58bdfd8,0x00000000d5900000)
  to   space 1024K, 0% used [0x00000000d5900000,0x00000000d5900000,0x00000000d5a00000)
 ParOldGen       total 283648K, used 283601K [0x0000000080000000, 0x0000000091500000, 0x00000000d5580000)
  object space 283648K, 99% used [0x0000000080000000,0x00000000914f45b8,0x0000000091500000)
 Metaspace       used 65497K, committed 66880K, reserved 1114112K
  class space    used 7460K, committed 8064K, reserved 1048576K
}
Event: 55.106 GC heap before
{Heap before GC invocations=225 (full 3):
 PSYoungGen      total 3584K, used 3319K [0x00000000d5580000, 0x00000000d5a00000, 0x0000000100000000)
  eden space 2560K, 99% used [0x00000000d5580000,0x00000000d57fff78,0x00000000d5800000)
  from space 1024K, 74% used [0x00000000d5800000,0x00000000d58bdfd8,0x00000000d5900000)
  to   space 1024K, 0% used [0x00000000d5900000,0x00000000d5900000,0x00000000d5a00000)
 ParOldGen       total 283648K, used 283601K [0x0000000080000000, 0x0000000091500000, 0x00000000d5580000)
  object space 283648K, 99% used [0x0000000080000000,0x00000000914f45b8,0x0000000091500000)
 Metaspace       used 65513K, committed 66880K, reserved 1114112K
  class space    used 7463K, committed 8064K, reserved 1048576K
}
Event: 55.125 GC heap after
{Heap after GC invocations=225 (full 3):
 PSYoungGen      total 3584K, used 755K [0x00000000d5580000, 0x00000000d5a80000, 0x0000000100000000)
  eden space 2560K, 0% used [0x00000000d5580000,0x00000000d5580000,0x00000000d5800000)
  from space 1024K, 73% used [0x00000000d5900000,0x00000000d59bcc20,0x00000000d5a00000)
  to   space 1024K, 0% used [0x00000000d5800000,0x00000000d5800000,0x00000000d5900000)
 ParOldGen       total 284672K, used 284220K [0x0000000080000000, 0x0000000091600000, 0x00000000d5580000)
  object space 284672K, 99% used [0x0000000080000000,0x000000009158f048,0x0000000091600000)
 Metaspace       used 65513K, committed 66880K, reserved 1114112K
  class space    used 7463K, committed 8064K, reserved 1048576K
}
Event: 55.139 GC heap before
{Heap before GC invocations=226 (full 3):
 PSYoungGen      total 3584K, used 3314K [0x00000000d5580000, 0x00000000d5a80000, 0x0000000100000000)
  eden space 2560K, 99% used [0x00000000d5580000,0x00000000d57fffc0,0x00000000d5800000)
  from space 1024K, 73% used [0x00000000d5900000,0x00000000d59bcc20,0x00000000d5a00000)
  to   space 1024K, 0% used [0x00000000d5800000,0x00000000d5800000,0x00000000d5900000)
 ParOldGen       total 284672K, used 284220K [0x0000000080000000, 0x0000000091600000, 0x00000000d5580000)
  object space 284672K, 99% used [0x0000000080000000,0x000000009158f048,0x0000000091600000)
 Metaspace       used 65517K, committed 66880K, reserved 1114112K
  class space    used 7463K, committed 8064K, reserved 1048576K
}
Event: 55.148 GC heap after
{Heap after GC invocations=226 (full 3):
 PSYoungGen      total 3584K, used 800K [0x00000000d5580000, 0x00000000d5a80000, 0x0000000100000000)
  eden space 2560K, 0% used [0x00000000d5580000,0x00000000d5580000,0x00000000d5800000)
  from space 1024K, 78% used [0x00000000d5800000,0x00000000d58c8110,0x00000000d5900000)
  to   space 1024K, 0% used [0x00000000d5980000,0x00000000d5980000,0x00000000d5a80000)
 ParOldGen       total 285184K, used 284807K [0x0000000080000000, 0x0000000091680000, 0x00000000d5580000)
  object space 285184K, 99% used [0x0000000080000000,0x0000000091621d68,0x0000000091680000)
 Metaspace       used 65517K, committed 66880K, reserved 1114112K
  class space    used 7463K, committed 8064K, reserved 1048576K
}
Event: 55.160 GC heap before
{Heap before GC invocations=227 (full 3):
 PSYoungGen      total 3584K, used 3360K [0x00000000d5580000, 0x00000000d5a80000, 0x0000000100000000)
  eden space 2560K, 100% used [0x00000000d5580000,0x00000000d5800000,0x00000000d5800000)
  from space 1024K, 78% used [0x00000000d5800000,0x00000000d58c8110,0x00000000d5900000)
  to   space 1024K, 0% used [0x00000000d5980000,0x00000000d5980000,0x00000000d5a80000)
 ParOldGen       total 285184K, used 284807K [0x0000000080000000, 0x0000000091680000, 0x00000000d5580000)
  object space 285184K, 99% used [0x0000000080000000,0x0000000091621d68,0x0000000091680000)
 Metaspace       used 65548K, committed 66944K, reserved 1114112K
  class space    used 7463K, committed 8064K, reserved 1048576K
}
Event: 55.165 GC heap after
{Heap after GC invocations=227 (full 3):
 PSYoungGen      total 4096K, used 872K [0x00000000d5580000, 0x00000000d5a80000, 0x0000000100000000)
  eden space 3072K, 0% used [0x00000000d5580000,0x00000000d5580000,0x00000000d5880000)
  from space 1024K, 85% used [0x00000000d5980000,0x00000000d5a5a350,0x00000000d5a80000)
  to   space 1024K, 0% used [0x00000000d5880000,0x00000000d5880000,0x00000000d5980000)
 ParOldGen       total 285696K, used 285371K [0x0000000080000000, 0x0000000091700000, 0x00000000d5580000)
  object space 285696K, 99% used [0x0000000080000000,0x00000000916aef50,0x0000000091700000)
 Metaspace       used 65548K, committed 66944K, reserved 1114112K
  class space    used 7463K, committed 8064K, reserved 1048576K
}
Event: 55.260 GC heap before
{Heap before GC invocations=228 (full 3):
 PSYoungGen      total 4096K, used 3944K [0x00000000d5580000, 0x00000000d5a80000, 0x0000000100000000)
  eden space 3072K, 99% used [0x00000000d5580000,0x00000000d587fff0,0x00000000d5880000)
  from space 1024K, 85% used [0x00000000d5980000,0x00000000d5a5a350,0x00000000d5a80000)
  to   space 1024K, 0% used [0x00000000d5880000,0x00000000d5880000,0x00000000d5980000)
 ParOldGen       total 285696K, used 285371K [0x0000000080000000, 0x0000000091700000, 0x00000000d5580000)
  object space 285696K, 99% used [0x0000000080000000,0x00000000916aef50,0x0000000091700000)
 Metaspace       used 65606K, committed 67008K, reserved 1114112K
  class space    used 7464K, committed 8064K, reserved 1048576K
}
Event: 55.267 GC heap after
{Heap after GC invocations=228 (full 3):
 PSYoungGen      total 4096K, used 849K [0x00000000d5580000, 0x00000000d5b80000, 0x0000000100000000)
  eden space 3072K, 0% used [0x00000000d5580000,0x00000000d5580000,0x00000000d5880000)
  from space 1024K, 83% used [0x00000000d5880000,0x00000000d59547e8,0x00000000d5980000)
  to   space 1024K, 0% used [0x00000000d5a80000,0x00000000d5a80000,0x00000000d5b80000)
 ParOldGen       total 286208K, used 286037K [0x0000000080000000, 0x0000000091780000, 0x00000000d5580000)
  object space 286208K, 99% used [0x0000000080000000,0x00000000917557e8,0x0000000091780000)
 Metaspace       used 65606K, committed 67008K, reserved 1114112K
  class space    used 7464K, committed 8064K, reserved 1048576K
}
Event: 55.297 GC heap before
{Heap before GC invocations=229 (full 3):
 PSYoungGen      total 4096K, used 3921K [0x00000000d5580000, 0x00000000d5b80000, 0x0000000100000000)
  eden space 3072K, 99% used [0x00000000d5580000,0x00000000d587fff8,0x00000000d5880000)
  from space 1024K, 83% used [0x00000000d5880000,0x00000000d59547e8,0x00000000d5980000)
  to   space 1024K, 0% used [0x00000000d5a80000,0x00000000d5a80000,0x00000000d5b80000)
 ParOldGen       total 286208K, used 286037K [0x0000000080000000, 0x0000000091780000, 0x00000000d5580000)
  object space 286208K, 99% used [0x0000000080000000,0x00000000917557e8,0x0000000091780000)
 Metaspace       used 65610K, committed 67008K, reserved 1114112K
  class space    used 7464K, committed 8064K, reserved 1048576K
}
Event: 55.300 GC heap after
{Heap after GC invocations=229 (full 3):
 PSYoungGen      total 4096K, used 748K [0x00000000d5580000, 0x00000000d5b80000, 0x0000000100000000)
  eden space 3072K, 0% used [0x00000000d5580000,0x00000000d5580000,0x00000000d5880000)
  from space 1024K, 73% used [0x00000000d5a80000,0x00000000d5b3b1d8,0x00000000d5b80000)
  to   space 1024K, 0% used [0x00000000d5880000,0x00000000d5880000,0x00000000d5980000)
 ParOldGen       total 286720K, used 286697K [0x0000000080000000, 0x0000000091800000, 0x00000000d5580000)
  object space 286720K, 99% used [0x0000000080000000,0x00000000917fa468,0x0000000091800000)
 Metaspace       used 65610K, committed 67008K, reserved 1114112K
  class space    used 7464K, committed 8064K, reserved 1048576K
}
Event: 55.339 GC heap before
{Heap before GC invocations=230 (full 3):
 PSYoungGen      total 4096K, used 3820K [0x00000000d5580000, 0x00000000d5b80000, 0x0000000100000000)
  eden space 3072K, 100% used [0x00000000d5580000,0x00000000d5880000,0x00000000d5880000)
  from space 1024K, 73% used [0x00000000d5a80000,0x00000000d5b3b1d8,0x00000000d5b80000)
  to   space 1024K, 0% used [0x00000000d5880000,0x00000000d5880000,0x00000000d5980000)
 ParOldGen       total 286720K, used 286697K [0x0000000080000000, 0x0000000091800000, 0x00000000d5580000)
  object space 286720K, 99% used [0x0000000080000000,0x00000000917fa468,0x0000000091800000)
 Metaspace       used 65612K, committed 67008K, reserved 1114112K
  class space    used 7464K, committed 8064K, reserved 1048576K
}
Event: 55.347 GC heap after
{Heap after GC invocations=230 (full 3):
 PSYoungGen      total 4096K, used 849K [0x00000000d5580000, 0x00000000d5b00000, 0x0000000100000000)
  eden space 3072K, 0% used [0x00000000d5580000,0x00000000d5580000,0x00000000d5880000)
  from space 1024K, 82% used [0x00000000d5880000,0x00000000d5954740,0x00000000d5980000)
  to   space 1024K, 0% used [0x00000000d5a00000,0x00000000d5a00000,0x00000000d5b00000)
 ParOldGen       total 287744K, used 287385K [0x0000000080000000, 0x0000000091900000, 0x00000000d5580000)
  object space 287744K, 99% used [0x0000000080000000,0x00000000918a65c0,0x0000000091900000)
 Metaspace       used 65612K, committed 67008K, reserved 1114112K
  class space    used 7464K, committed 8064K, reserved 1048576K
}
Event: 55.397 GC heap before
{Heap before GC invocations=231 (full 3):
 PSYoungGen      total 4096K, used 3921K [0x00000000d5580000, 0x00000000d5b00000, 0x0000000100000000)
  eden space 3072K, 100% used [0x00000000d5580000,0x00000000d5880000,0x00000000d5880000)
  from space 1024K, 82% used [0x00000000d5880000,0x00000000d5954740,0x00000000d5980000)
  to   space 1024K, 0% used [0x00000000d5a00000,0x00000000d5a00000,0x00000000d5b00000)
 ParOldGen       total 287744K, used 287385K [0x0000000080000000, 0x0000000091900000, 0x00000000d5580000)
  object space 287744K, 99% used [0x0000000080000000,0x00000000918a65c0,0x0000000091900000)
 Metaspace       used 65644K, committed 67008K, reserved 1114112K
  class space    used 7464K, committed 8064K, reserved 1048576K
}
Event: 55.406 GC heap after
{Heap after GC invocations=231 (full 3):
 PSYoungGen      total 4096K, used 953K [0x00000000d5580000, 0x00000000d5b00000, 0x0000000100000000)
  eden space 3072K, 0% used [0x00000000d5580000,0x00000000d5580000,0x00000000d5880000)
  from space 1024K, 93% used [0x00000000d5a00000,0x00000000d5aee4c0,0x00000000d5b00000)
  to   space 1024K, 0% used [0x00000000d5880000,0x00000000d5880000,0x00000000d5980000)
 ParOldGen       total 288256K, used 288120K [0x0000000080000000, 0x0000000091980000, 0x00000000d5580000)
  object space 288256K, 99% used [0x0000000080000000,0x000000009195e0c8,0x0000000091980000)
 Metaspace       used 65644K, committed 67008K, reserved 1114112K
  class space    used 7464K, committed 8064K, reserved 1048576K
}

