# JRE version: OpenJDK Runtime Environment Temurin-21.0.8+9 (21.0.8+9) (build 21.0.8+9-LTS)
# Java VM: OpenJDK 64-Bit Server VM Temurin-21.0.8+9 (21.0.8+9-LTS, mixed mode, sharing, tiered, compressed oops, compressed class ptrs, parallel gc, windows-amd64)
GC Precious Log:
 CardTable entry size: 512
 CPUs: 12 total, 12 available
 Memory: 5989M
 Large Page Support: Disabled
 NUMA Support: Disabled
 Compressed Oops: Enabled (32-bit)
 Alignments: Space 512K, Generation 512K, Heap 2M
 Heap Min Capacity: 100M
 Heap Initial Capacity: 100M
 Heap Max Capacity: 2G
 Pre-touch: Disabled
 Parallel Workers: 10
Heap:
 PSYoungGen      total 5632K, used 996K [0x00000000d5580000, 0x00000000d5d00000, 0x0000000100000000)
  eden space 4608K, 0% used [0x00000000d5580000,0x00000000d5580000,0x00000000d5a00000)
  from space 1024K, 97% used [0x00000000d5c00000,0x00000000d5cf9350,0x00000000d5d00000)
  to   space 1536K, 0% used [0x00000000d5a80000,0x00000000d5a80000,0x00000000d5c00000)
 ParOldGen       total 507904K, used 507786K [0x0000000080000000, 0x000000009f000000, 0x00000000d5580000)
  object space 507904K, 99% used [0x0000000080000000,0x000000009efe2980,0x000000009f000000)
 Metaspace       used 82720K, committed 84480K, reserved 1179648K
  class space    used 9829K, committed 10624K, reserved 1048576K
GC Heap History (20 events):
Event: 107.742 GC heap before
{Heap before GC invocations=791 (full 4):
 PSYoungGen      total 5120K, used 4848K [0x00000000d5580000, 0x00000000d5b80000, 0x0000000100000000)
  eden space 4096K, 100% used [0x00000000d5580000,0x00000000d5980000,0x00000000d5980000)
  from space 1024K, 73% used [0x00000000d5a80000,0x00000000d5b3c010,0x00000000d5b80000)
  to   space 1024K, 0% used [0x00000000d5980000,0x00000000d5980000,0x00000000d5a80000)
 ParOldGen       total 500224K, used 500121K [0x0000000080000000, 0x000000009e880000, 0x00000000d5580000)
  object space 500224K, 99% used [0x0000000080000000,0x000000009e866730,0x000000009e880000)
 Metaspace       used 82437K, committed 84160K, reserved 1179648K
  class space    used 9807K, committed 10560K, reserved 1048576K
}
Event: 107.746 GC heap after
{Heap after GC invocations=791 (full 4):
 PSYoungGen      total 5120K, used 480K [0x00000000d5580000, 0x00000000d5b80000, 0x0000000100000000)
  eden space 4096K, 0% used [0x00000000d5580000,0x00000000d5580000,0x00000000d5980000)
  from space 1024K, 46% used [0x00000000d5980000,0x00000000d59f8000,0x00000000d5a80000)
  to   space 1024K, 0% used [0x00000000d5a80000,0x00000000d5a80000,0x00000000d5b80000)
 ParOldGen       total 500736K, used 500654K [0x0000000080000000, 0x000000009e900000, 0x00000000d5580000)
  object space 500736K, 99% used [0x0000000080000000,0x000000009e8eb990,0x000000009e900000)
 Metaspace       used 82437K, committed 84160K, reserved 1179648K
  class space    used 9807K, committed 10560K, reserved 1048576K
}
Event: 107.784 GC heap before
{Heap before GC invocations=792 (full 4):
 PSYoungGen      total 5120K, used 4576K [0x00000000d5580000, 0x00000000d5b80000, 0x0000000100000000)
  eden space 4096K, 100% used [0x00000000d5580000,0x00000000d5980000,0x00000000d5980000)
  from space 1024K, 46% used [0x00000000d5980000,0x00000000d59f8000,0x00000000d5a80000)
  to   space 1024K, 0% used [0x00000000d5a80000,0x00000000d5a80000,0x00000000d5b80000)
 ParOldGen       total 500736K, used 500654K [0x0000000080000000, 0x000000009e900000, 0x00000000d5580000)
  object space 500736K, 99% used [0x0000000080000000,0x000000009e8eb990,0x000000009e900000)
 Metaspace       used 82452K, committed 84160K, reserved 1179648K
  class space    used 9808K, committed 10560K, reserved 1048576K
}
Event: 107.792 GC heap after
{Heap after GC invocations=792 (full 4):
 PSYoungGen      total 5120K, used 640K [0x00000000d5580000, 0x00000000d5b80000, 0x0000000100000000)
  eden space 4096K, 0% used [0x00000000d5580000,0x00000000d5580000,0x00000000d5980000)
  from space 1024K, 62% used [0x00000000d5a80000,0x00000000d5b20000,0x00000000d5b80000)
  to   space 1024K, 0% used [0x00000000d5980000,0x00000000d5980000,0x00000000d5a80000)
 ParOldGen       total 501248K, used 500782K [0x0000000080000000, 0x000000009e980000, 0x00000000d5580000)
  object space 501248K, 99% used [0x0000000080000000,0x000000009e90b990,0x000000009e980000)
 Metaspace       used 82452K, committed 84160K, reserved 1179648K
  class space    used 9808K, committed 10560K, reserved 1048576K
}
Event: 107.832 GC heap before
{Heap before GC invocations=793 (full 4):
 PSYoungGen      total 5120K, used 4736K [0x00000000d5580000, 0x00000000d5b80000, 0x0000000100000000)
  eden space 4096K, 100% used [0x00000000d5580000,0x00000000d5980000,0x00000000d5980000)
  from space 1024K, 62% used [0x00000000d5a80000,0x00000000d5b20000,0x00000000d5b80000)
  to   space 1024K, 0% used [0x00000000d5980000,0x00000000d5980000,0x00000000d5a80000)
 ParOldGen       total 501248K, used 500782K [0x0000000080000000, 0x000000009e980000, 0x00000000d5580000)
  object space 501248K, 99% used [0x0000000080000000,0x000000009e90b990,0x000000009e980000)
 Metaspace       used 82459K, committed 84160K, reserved 1179648K
  class space    used 9808K, committed 10560K, reserved 1048576K
}
Event: 107.841 GC heap after
{Heap after GC invocations=793 (full 4):
 PSYoungGen      total 5120K, used 384K [0x00000000d5580000, 0x00000000d5b00000, 0x0000000100000000)
  eden space 4096K, 0% used [0x00000000d5580000,0x00000000d5580000,0x00000000d5980000)
  from space 1024K, 37% used [0x00000000d5980000,0x00000000d59e0000,0x00000000d5a80000)
  to   space 512K, 0% used [0x00000000d5a80000,0x00000000d5a80000,0x00000000d5b00000)
 ParOldGen       total 501248K, used 501222K [0x0000000080000000, 0x000000009e980000, 0x00000000d5580000)
  object space 501248K, 99% used [0x0000000080000000,0x000000009e9799b0,0x000000009e980000)
 Metaspace       used 82459K, committed 84160K, reserved 1179648K
  class space    used 9808K, committed 10560K, reserved 1048576K
}
Event: 107.861 GC heap before
{Heap before GC invocations=794 (full 4):
 PSYoungGen      total 5120K, used 4480K [0x00000000d5580000, 0x00000000d5b00000, 0x0000000100000000)
  eden space 4096K, 100% used [0x00000000d5580000,0x00000000d5980000,0x00000000d5980000)
  from space 1024K, 37% used [0x00000000d5980000,0x00000000d59e0000,0x00000000d5a80000)
  to   space 512K, 0% used [0x00000000d5a80000,0x00000000d5a80000,0x00000000d5b00000)
 ParOldGen       total 501248K, used 501222K [0x0000000080000000, 0x000000009e980000, 0x00000000d5580000)
  object space 501248K, 99% used [0x0000000080000000,0x000000009e9799b0,0x000000009e980000)
 Metaspace       used 82468K, committed 84160K, reserved 1179648K
  class space    used 9808K, committed 10560K, reserved 1048576K
}
Event: 107.864 GC heap after
{Heap after GC invocations=794 (full 4):
 PSYoungGen      total 4608K, used 384K [0x00000000d5580000, 0x00000000d5b00000, 0x0000000100000000)
  eden space 4096K, 0% used [0x00000000d5580000,0x00000000d5580000,0x00000000d5980000)
  from space 512K, 75% used [0x00000000d5a80000,0x00000000d5ae0000,0x00000000d5b00000)
  to   space 512K, 0% used [0x00000000d5a00000,0x00000000d5a00000,0x00000000d5a80000)
 ParOldGen       total 501760K, used 501422K [0x0000000080000000, 0x000000009ea00000, 0x00000000d5580000)
  object space 501760K, 99% used [0x0000000080000000,0x000000009e9ab9d0,0x000000009ea00000)
 Metaspace       used 82468K, committed 84160K, reserved 1179648K
  class space    used 9808K, committed 10560K, reserved 1048576K
}
Event: 107.883 GC heap before
{Heap before GC invocations=795 (full 4):
 PSYoungGen      total 4608K, used 4480K [0x00000000d5580000, 0x00000000d5b00000, 0x0000000100000000)
  eden space 4096K, 100% used [0x00000000d5580000,0x00000000d5980000,0x00000000d5980000)
  from space 512K, 75% used [0x00000000d5a80000,0x00000000d5ae0000,0x00000000d5b00000)
  to   space 512K, 0% used [0x00000000d5a00000,0x00000000d5a00000,0x00000000d5a80000)
 ParOldGen       total 501760K, used 501422K [0x0000000080000000, 0x000000009ea00000, 0x00000000d5580000)
  object space 501760K, 99% used [0x0000000080000000,0x000000009e9ab9d0,0x000000009ea00000)
 Metaspace       used 82477K, committed 84160K, reserved 1179648K
  class space    used 9809K, committed 10560K, reserved 1048576K
}
Event: 107.889 GC heap after
{Heap after GC invocations=795 (full 4):
 PSYoungGen      total 4608K, used 288K [0x00000000d5580000, 0x00000000d5b00000, 0x0000000100000000)
  eden space 4096K, 0% used [0x00000000d5580000,0x00000000d5580000,0x00000000d5980000)
  from space 512K, 56% used [0x00000000d5a00000,0x00000000d5a48000,0x00000000d5a80000)
  to   space 512K, 0% used [0x00000000d5a80000,0x00000000d5a80000,0x00000000d5b00000)
 ParOldGen       total 502784K, used 502403K [0x0000000080000000, 0x000000009eb00000, 0x00000000d5580000)
  object space 502784K, 99% used [0x0000000080000000,0x000000009eaa0ee0,0x000000009eb00000)
 Metaspace       used 82477K, committed 84160K, reserved 1179648K
  class space    used 9809K, committed 10560K, reserved 1048576K
}
Event: 107.901 GC heap before
{Heap before GC invocations=796 (full 4):
 PSYoungGen      total 4608K, used 4384K [0x00000000d5580000, 0x00000000d5b00000, 0x0000000100000000)
  eden space 4096K, 100% used [0x00000000d5580000,0x00000000d5980000,0x00000000d5980000)
  from space 512K, 56% used [0x00000000d5a00000,0x00000000d5a48000,0x00000000d5a80000)
  to   space 512K, 0% used [0x00000000d5a80000,0x00000000d5a80000,0x00000000d5b00000)
 ParOldGen       total 502784K, used 502403K [0x0000000080000000, 0x000000009eb00000, 0x00000000d5580000)
  object space 502784K, 99% used [0x0000000080000000,0x000000009eaa0ee0,0x000000009eb00000)
 Metaspace       used 82486K, committed 84224K, reserved 1179648K
  class space    used 9809K, committed 10560K, reserved 1048576K
}
Event: 107.906 GC heap after
{Heap after GC invocations=796 (full 4):
 PSYoungGen      total 4608K, used 403K [0x00000000d5580000, 0x00000000d5b00000, 0x0000000100000000)
  eden space 4096K, 0% used [0x00000000d5580000,0x00000000d5580000,0x00000000d5980000)
  from space 512K, 78% used [0x00000000d5a80000,0x00000000d5ae4fa0,0x00000000d5b00000)
  to   space 512K, 0% used [0x00000000d5a00000,0x00000000d5a00000,0x00000000d5a80000)
 ParOldGen       total 502784K, used 502515K [0x0000000080000000, 0x000000009eb00000, 0x00000000d5580000)
  object space 502784K, 99% used [0x0000000080000000,0x000000009eabcee0,0x000000009eb00000)
 Metaspace       used 82486K, committed 84224K, reserved 1179648K
  class space    used 9809K, committed 10560K, reserved 1048576K
}
Event: 107.920 GC heap before
{Heap before GC invocations=797 (full 4):
 PSYoungGen      total 4608K, used 4499K [0x00000000d5580000, 0x00000000d5b00000, 0x0000000100000000)
  eden space 4096K, 100% used [0x00000000d5580000,0x00000000d5980000,0x00000000d5980000)
  from space 512K, 78% used [0x00000000d5a80000,0x00000000d5ae4fa0,0x00000000d5b00000)
  to   space 512K, 0% used [0x00000000d5a00000,0x00000000d5a00000,0x00000000d5a80000)
 ParOldGen       total 502784K, used 502515K [0x0000000080000000, 0x000000009eb00000, 0x00000000d5580000)
  object space 502784K, 99% used [0x0000000080000000,0x000000009eabcee0,0x000000009eb00000)
 Metaspace       used 82491K, committed 84224K, reserved 1179648K
  class space    used 9810K, committed 10560K, reserved 1048576K
}
Event: 107.924 GC heap after
{Heap after GC invocations=797 (full 4):
 PSYoungGen      total 5120K, used 399K [0x00000000d5580000, 0x00000000d5b80000, 0x0000000100000000)
  eden space 4608K, 0% used [0x00000000d5580000,0x00000000d5580000,0x00000000d5a00000)
  from space 512K, 78% used [0x00000000d5a00000,0x00000000d5a63e80,0x00000000d5a80000)
  to   space 512K, 0% used [0x00000000d5b00000,0x00000000d5b00000,0x00000000d5b80000)
 ParOldGen       total 502784K, used 502755K [0x0000000080000000, 0x000000009eb00000, 0x00000000d5580000)
  object space 502784K, 99% used [0x0000000080000000,0x000000009eaf8e30,0x000000009eb00000)
 Metaspace       used 82491K, committed 84224K, reserved 1179648K
  class space    used 9810K, committed 10560K, reserved 1048576K
}
Event: 107.964 GC heap before
{Heap before GC invocations=798 (full 4):
 PSYoungGen      total 5120K, used 5007K [0x00000000d5580000, 0x00000000d5b80000, 0x0000000100000000)
  eden space 4608K, 99% used [0x00000000d5580000,0x00000000d59ffff8,0x00000000d5a00000)
  from space 512K, 78% used [0x00000000d5a00000,0x00000000d5a63e80,0x00000000d5a80000)
  to   space 512K, 0% used [0x00000000d5b00000,0x00000000d5b00000,0x00000000d5b80000)
 ParOldGen       total 502784K, used 502755K [0x0000000080000000, 0x000000009eb00000, 0x00000000d5580000)
  object space 502784K, 99% used [0x0000000080000000,0x000000009eaf8e30,0x000000009eb00000)
 Metaspace       used 82552K, committed 84288K, reserved 1179648K
  class space    used 9812K, committed 10560K, reserved 1048576K
}
Event: 107.971 GC heap after
{Heap after GC invocations=798 (full 4):
 PSYoungGen      total 5120K, used 510K [0x00000000d5580000, 0x00000000d5c00000, 0x0000000100000000)
  eden space 4608K, 0% used [0x00000000d5580000,0x00000000d5580000,0x00000000d5a00000)
  from space 512K, 99% used [0x00000000d5b00000,0x00000000d5b7fa00,0x00000000d5b80000)
  to   space 1024K, 0% used [0x00000000d5a00000,0x00000000d5a00000,0x00000000d5b00000)
 ParOldGen       total 503296K, used 503155K [0x0000000080000000, 0x000000009eb80000, 0x00000000d5580000)
  object space 503296K, 99% used [0x0000000080000000,0x000000009eb5ce30,0x000000009eb80000)
 Metaspace       used 82552K, committed 84288K, reserved 1179648K
  class space    used 9812K, committed 10560K, reserved 1048576K
}
Event: 108.028 GC heap before
{Heap before GC invocations=799 (full 4):
 PSYoungGen      total 5120K, used 5118K [0x00000000d5580000, 0x00000000d5c00000, 0x0000000100000000)
  eden space 4608K, 100% used [0x00000000d5580000,0x00000000d5a00000,0x00000000d5a00000)
  from space 512K, 99% used [0x00000000d5b00000,0x00000000d5b7fa00,0x00000000d5b80000)
  to   space 1024K, 0% used [0x00000000d5a00000,0x00000000d5a00000,0x00000000d5b00000)
 ParOldGen       total 503296K, used 503155K [0x0000000080000000, 0x000000009eb80000, 0x00000000d5580000)
  object space 503296K, 99% used [0x0000000080000000,0x000000009eb5ce30,0x000000009eb80000)
 Metaspace       used 82592K, committed 84352K, reserved 1179648K
  class space    used 9812K, committed 10560K, reserved 1048576K
}
Event: 108.033 GC heap after
{Heap after GC invocations=799 (full 4):
 PSYoungGen      total 5632K, used 1021K [0x00000000d5580000, 0x00000000d5e00000, 0x0000000100000000)
  eden space 4608K, 0% used [0x00000000d5580000,0x00000000d5580000,0x00000000d5a00000)
  from space 1024K, 99% used [0x00000000d5a00000,0x00000000d5aff400,0x00000000d5b00000)
  to   space 2048K, 0% used [0x00000000d5c00000,0x00000000d5c00000,0x00000000d5e00000)
 ParOldGen       total 503808K, used 503698K [0x0000000080000000, 0x000000009ec00000, 0x00000000d5580000)
  object space 503808K, 99% used [0x0000000080000000,0x000000009ebe4830,0x000000009ec00000)
 Metaspace       used 82592K, committed 84352K, reserved 1179648K
  class space    used 9812K, committed 10560K, reserved 1048576K
}
Event: 108.102 GC heap before
{Heap before GC invocations=800 (full 4):
 PSYoungGen      total 5632K, used 5518K [0x00000000d5580000, 0x00000000d5e00000, 0x0000000100000000)
  eden space 4608K, 97% used [0x00000000d5580000,0x00000000d59e4720,0x00000000d5a00000)
  from space 1024K, 99% used [0x00000000d5a00000,0x00000000d5aff400,0x00000000d5b00000)
  to   space 2048K, 0% used [0x00000000d5c00000,0x00000000d5c00000,0x00000000d5e00000)
 ParOldGen       total 503808K, used 503698K [0x0000000080000000, 0x000000009ec00000, 0x00000000d5580000)
  object space 503808K, 99% used [0x0000000080000000,0x000000009ebe4830,0x000000009ec00000)
 Metaspace       used 82646K, committed 84416K, reserved 1179648K
  class space    used 9818K, committed 10624K, reserved 1048576K
}
Event: 108.112 GC heap after
{Heap after GC invocations=800 (full 4):
 PSYoungGen      total 6144K, used 1240K [0x00000000d5580000, 0x00000000d5d80000, 0x0000000100000000)
  eden space 4608K, 0% used [0x00000000d5580000,0x00000000d5580000,0x00000000d5a00000)
  from space 1536K, 80% used [0x00000000d5c00000,0x00000000d5d36000,0x00000000d5d80000)
  to   space 1536K, 0% used [0x00000000d5a80000,0x00000000d5a80000,0x00000000d5c00000)
 ParOldGen       total 504832K, used 504655K [0x0000000080000000, 0x000000009ed00000, 0x00000000d5580000)
  object space 504832K, 99% used [0x0000000080000000,0x000000009ecd3c30,0x000000009ed00000)
 Metaspace       used 82646K, committed 84416K, reserved 1179648K
  class space    used 9818K, committed 10624K, reserved 1048576K
}

