# JRE version: OpenJDK Runtime Environment Temurin-21.0.8+9 (21.0.8+9) (build 21.0.8+9-LTS)
# Java VM: OpenJDK 64-Bit Server VM Temurin-21.0.8+9 (21.0.8+9-LTS, mixed mode, sharing, tiered, compressed oops, compressed class ptrs, parallel gc, windows-amd64)
GC Precious Log:
 CardTable entry size: 512
 CPUs: 12 total, 12 available
 Memory: 5989M
 Large Page Support: Disabled
 NUMA Support: Disabled
 Compressed Oops: Enabled (32-bit)
 Alignments: Space 512K, Generation 512K, Heap 2M
 Heap Min Capacity: 100M
 Heap Initial Capacity: 100M
 Heap Max Capacity: 2G
 Pre-touch: Disabled
 Parallel Workers: 10
Heap:
 PSYoungGen      total 2560K, used 1820K [0x00000000d5580000, 0x00000000d5900000, 0x0000000100000000)
  eden space 1536K, 76% used [0x00000000d5580000,0x00000000d56a5320,0x00000000d5700000)
  from space 1024K, 63% used [0x00000000d5800000,0x00000000d58a1fa0,0x00000000d5900000)
  to   space 1024K, 0% used [0x00000000d5700000,0x00000000d5700000,0x00000000d5800000)
 ParOldGen       total 353280K, used 346513K [0x0000000080000000, 0x0000000095900000, 0x00000000d5580000)
  object space 353280K, 98% used [0x0000000080000000,0x0000000095264488,0x0000000095900000)
 Metaspace       used 71180K, committed 72576K, reserved 1114112K
  class space    used 8283K, committed 8896K, reserved 1048576K
GC Heap History (20 events):
Event: 50.713 GC heap before
{Heap before GC invocations=524 (full 4):
 PSYoungGen      total 3072K, used 2907K [0x00000000d5580000, 0x00000000d5980000, 0x0000000100000000)
  eden space 2048K, 100% used [0x00000000d5580000,0x00000000d5780000,0x00000000d5780000)
  from space 1024K, 83% used [0x00000000d5780000,0x00000000d5856f70,0x00000000d5880000)
  to   space 1024K, 0% used [0x00000000d5880000,0x00000000d5880000,0x00000000d5980000)
 ParOldGen       total 353280K, used 332121K [0x0000000080000000, 0x0000000095900000, 0x00000000d5580000)
  object space 353280K, 94% used [0x0000000080000000,0x0000000094456640,0x0000000095900000)
 Metaspace       used 70193K, committed 71616K, reserved 1114112K
  class space    used 8063K, committed 8704K, reserved 1048576K
}
Event: 50.718 GC heap after
{Heap after GC invocations=524 (full 4):
 PSYoungGen      total 3072K, used 896K [0x00000000d5580000, 0x00000000d5980000, 0x0000000100000000)
  eden space 2048K, 0% used [0x00000000d5580000,0x00000000d5580000,0x00000000d5780000)
  from space 1024K, 87% used [0x00000000d5880000,0x00000000d5960000,0x00000000d5980000)
  to   space 1024K, 0% used [0x00000000d5780000,0x00000000d5780000,0x00000000d5880000)
 ParOldGen       total 353280K, used 333434K [0x0000000080000000, 0x0000000095900000, 0x00000000d5580000)
  object space 353280K, 94% used [0x0000000080000000,0x000000009459eaa0,0x0000000095900000)
 Metaspace       used 70193K, committed 71616K, reserved 1114112K
  class space    used 8063K, committed 8704K, reserved 1048576K
}
Event: 50.744 GC heap before
{Heap before GC invocations=525 (full 4):
 PSYoungGen      total 3072K, used 2944K [0x00000000d5580000, 0x00000000d5980000, 0x0000000100000000)
  eden space 2048K, 100% used [0x00000000d5580000,0x00000000d5780000,0x00000000d5780000)
  from space 1024K, 87% used [0x00000000d5880000,0x00000000d5960000,0x00000000d5980000)
  to   space 1024K, 0% used [0x00000000d5780000,0x00000000d5780000,0x00000000d5880000)
 ParOldGen       total 353280K, used 333434K [0x0000000080000000, 0x0000000095900000, 0x00000000d5580000)
  object space 353280K, 94% used [0x0000000080000000,0x000000009459eaa0,0x0000000095900000)
 Metaspace       used 70303K, committed 71680K, reserved 1114112K
  class space    used 8084K, committed 8704K, reserved 1048576K
}
Event: 50.748 GC heap after
{Heap after GC invocations=525 (full 4):
 PSYoungGen      total 3072K, used 880K [0x00000000d5580000, 0x00000000d5980000, 0x0000000100000000)
  eden space 2048K, 0% used [0x00000000d5580000,0x00000000d5580000,0x00000000d5780000)
  from space 1024K, 85% used [0x00000000d5780000,0x00000000d585c000,0x00000000d5880000)
  to   space 1024K, 0% used [0x00000000d5880000,0x00000000d5880000,0x00000000d5980000)
 ParOldGen       total 353280K, used 334162K [0x0000000080000000, 0x0000000095900000, 0x00000000d5580000)
  object space 353280K, 94% used [0x0000000080000000,0x0000000094654aa0,0x0000000095900000)
 Metaspace       used 70303K, committed 71680K, reserved 1114112K
  class space    used 8084K, committed 8704K, reserved 1048576K
}
Event: 50.778 GC heap before
{Heap before GC invocations=526 (full 4):
 PSYoungGen      total 3072K, used 2928K [0x00000000d5580000, 0x00000000d5980000, 0x0000000100000000)
  eden space 2048K, 100% used [0x00000000d5580000,0x00000000d5780000,0x00000000d5780000)
  from space 1024K, 85% used [0x00000000d5780000,0x00000000d585c000,0x00000000d5880000)
  to   space 1024K, 0% used [0x00000000d5880000,0x00000000d5880000,0x00000000d5980000)
 ParOldGen       total 353280K, used 334162K [0x0000000080000000, 0x0000000095900000, 0x00000000d5580000)
  object space 353280K, 94% used [0x0000000080000000,0x0000000094654aa0,0x0000000095900000)
 Metaspace       used 70383K, committed 71744K, reserved 1114112K
  class space    used 8103K, committed 8704K, reserved 1048576K
}
Event: 50.782 GC heap after
{Heap after GC invocations=526 (full 4):
 PSYoungGen      total 3072K, used 883K [0x00000000d5580000, 0x00000000d5980000, 0x0000000100000000)
  eden space 2048K, 0% used [0x00000000d5580000,0x00000000d5580000,0x00000000d5780000)
  from space 1024K, 86% used [0x00000000d5880000,0x00000000d595cdd8,0x00000000d5980000)
  to   space 1024K, 0% used [0x00000000d5780000,0x00000000d5780000,0x00000000d5880000)
 ParOldGen       total 353280K, used 334881K [0x0000000080000000, 0x0000000095900000, 0x00000000d5580000)
  object space 353280K, 94% used [0x0000000080000000,0x0000000094708548,0x0000000095900000)
 Metaspace       used 70383K, committed 71744K, reserved 1114112K
  class space    used 8103K, committed 8704K, reserved 1048576K
}
Event: 50.809 GC heap before
{Heap before GC invocations=527 (full 4):
 PSYoungGen      total 3072K, used 2917K [0x00000000d5580000, 0x00000000d5980000, 0x0000000100000000)
  eden space 2048K, 99% used [0x00000000d5580000,0x00000000d577c798,0x00000000d5780000)
  from space 1024K, 86% used [0x00000000d5880000,0x00000000d595cdd8,0x00000000d5980000)
  to   space 1024K, 0% used [0x00000000d5780000,0x00000000d5780000,0x00000000d5880000)
 ParOldGen       total 353280K, used 334881K [0x0000000080000000, 0x0000000095900000, 0x00000000d5580000)
  object space 353280K, 94% used [0x0000000080000000,0x0000000094708548,0x0000000095900000)
 Metaspace       used 70467K, committed 71872K, reserved 1114112K
  class space    used 8115K, committed 8768K, reserved 1048576K
}
Event: 50.813 GC heap after
{Heap after GC invocations=527 (full 4):
 PSYoungGen      total 3072K, used 1015K [0x00000000d5580000, 0x00000000d5a80000, 0x0000000100000000)
  eden space 2048K, 0% used [0x00000000d5580000,0x00000000d5580000,0x00000000d5780000)
  from space 1024K, 99% used [0x00000000d5780000,0x00000000d587de90,0x00000000d5880000)
  to   space 1536K, 0% used [0x00000000d5900000,0x00000000d5900000,0x00000000d5a80000)
 ParOldGen       total 353280K, used 335690K [0x0000000080000000, 0x0000000095900000, 0x00000000d5580000)
  object space 353280K, 95% used [0x0000000080000000,0x00000000947d29f0,0x0000000095900000)
 Metaspace       used 70467K, committed 71872K, reserved 1114112K
  class space    used 8115K, committed 8768K, reserved 1048576K
}
Event: 50.849 GC heap before
{Heap before GC invocations=528 (full 4):
 PSYoungGen      total 3072K, used 3063K [0x00000000d5580000, 0x00000000d5a80000, 0x0000000100000000)
  eden space 2048K, 100% used [0x00000000d5580000,0x00000000d5780000,0x00000000d5780000)
  from space 1024K, 99% used [0x00000000d5780000,0x00000000d587de90,0x00000000d5880000)
  to   space 1536K, 0% used [0x00000000d5900000,0x00000000d5900000,0x00000000d5a80000)
 ParOldGen       total 353280K, used 335690K [0x0000000080000000, 0x0000000095900000, 0x00000000d5580000)
  object space 353280K, 95% used [0x0000000080000000,0x00000000947d29f0,0x0000000095900000)
 Metaspace       used 70537K, committed 71936K, reserved 1114112K
  class space    used 8128K, committed 8768K, reserved 1048576K
}
Event: 50.854 GC heap after
{Heap after GC invocations=528 (full 4):
 PSYoungGen      total 3584K, used 1088K [0x00000000d5580000, 0x00000000d5a80000, 0x0000000100000000)
  eden space 2048K, 0% used [0x00000000d5580000,0x00000000d5580000,0x00000000d5780000)
  from space 1536K, 70% used [0x00000000d5900000,0x00000000d5a10000,0x00000000d5a80000)
  to   space 1536K, 0% used [0x00000000d5780000,0x00000000d5780000,0x00000000d5900000)
 ParOldGen       total 353280K, used 336517K [0x0000000080000000, 0x0000000095900000, 0x00000000d5580000)
  object space 353280K, 95% used [0x0000000080000000,0x00000000948a16b8,0x0000000095900000)
 Metaspace       used 70537K, committed 71936K, reserved 1114112K
  class space    used 8128K, committed 8768K, reserved 1048576K
}
Event: 50.886 GC heap before
{Heap before GC invocations=529 (full 4):
 PSYoungGen      total 3584K, used 3135K [0x00000000d5580000, 0x00000000d5a80000, 0x0000000100000000)
  eden space 2048K, 99% used [0x00000000d5580000,0x00000000d577fc88,0x00000000d5780000)
  from space 1536K, 70% used [0x00000000d5900000,0x00000000d5a10000,0x00000000d5a80000)
  to   space 1536K, 0% used [0x00000000d5780000,0x00000000d5780000,0x00000000d5900000)
 ParOldGen       total 353280K, used 336517K [0x0000000080000000, 0x0000000095900000, 0x00000000d5580000)
  object space 353280K, 95% used [0x0000000080000000,0x00000000948a16b8,0x0000000095900000)
 Metaspace       used 70619K, committed 72000K, reserved 1114112K
  class space    used 8142K, committed 8768K, reserved 1048576K
}
Event: 50.890 GC heap after
{Heap after GC invocations=529 (full 4):
 PSYoungGen      total 3072K, used 832K [0x00000000d5580000, 0x00000000d5980000, 0x0000000100000000)
  eden space 2048K, 0% used [0x00000000d5580000,0x00000000d5580000,0x00000000d5780000)
  from space 1024K, 81% used [0x00000000d5780000,0x00000000d5850000,0x00000000d5880000)
  to   space 1024K, 0% used [0x00000000d5880000,0x00000000d5880000,0x00000000d5980000)
 ParOldGen       total 353280K, used 337467K [0x0000000080000000, 0x0000000095900000, 0x00000000d5580000)
  object space 353280K, 95% used [0x0000000080000000,0x000000009498ec08,0x0000000095900000)
 Metaspace       used 70619K, committed 72000K, reserved 1114112K
  class space    used 8142K, committed 8768K, reserved 1048576K
}
Event: 50.922 GC heap before
{Heap before GC invocations=530 (full 4):
 PSYoungGen      total 3072K, used 2870K [0x00000000d5580000, 0x00000000d5980000, 0x0000000100000000)
  eden space 2048K, 99% used [0x00000000d5580000,0x00000000d577d808,0x00000000d5780000)
  from space 1024K, 81% used [0x00000000d5780000,0x00000000d5850000,0x00000000d5880000)
  to   space 1024K, 0% used [0x00000000d5880000,0x00000000d5880000,0x00000000d5980000)
 ParOldGen       total 353280K, used 337467K [0x0000000080000000, 0x0000000095900000, 0x00000000d5580000)
  object space 353280K, 95% used [0x0000000080000000,0x000000009498ec08,0x0000000095900000)
 Metaspace       used 70709K, committed 72128K, reserved 1114112K
  class space    used 8160K, committed 8768K, reserved 1048576K
}
Event: 50.928 GC heap after
{Heap after GC invocations=530 (full 4):
 PSYoungGen      total 3072K, used 851K [0x00000000d5580000, 0x00000000d5980000, 0x0000000100000000)
  eden space 2048K, 0% used [0x00000000d5580000,0x00000000d5580000,0x00000000d5780000)
  from space 1024K, 83% used [0x00000000d5880000,0x00000000d5954e58,0x00000000d5980000)
  to   space 1024K, 0% used [0x00000000d5780000,0x00000000d5780000,0x00000000d5880000)
 ParOldGen       total 353280K, used 338124K [0x0000000080000000, 0x0000000095900000, 0x00000000d5580000)
  object space 353280K, 95% used [0x0000000080000000,0x0000000094a33150,0x0000000095900000)
 Metaspace       used 70709K, committed 72128K, reserved 1114112K
  class space    used 8160K, committed 8768K, reserved 1048576K
}
Event: 50.948 GC heap before
{Heap before GC invocations=531 (full 4):
 PSYoungGen      total 3072K, used 2639K [0x00000000d5580000, 0x00000000d5980000, 0x0000000100000000)
  eden space 2048K, 87% used [0x00000000d5580000,0x00000000d573efb0,0x00000000d5780000)
  from space 1024K, 83% used [0x00000000d5880000,0x00000000d5954e58,0x00000000d5980000)
  to   space 1024K, 0% used [0x00000000d5780000,0x00000000d5780000,0x00000000d5880000)
 ParOldGen       total 353280K, used 338124K [0x0000000080000000, 0x0000000095900000, 0x00000000d5580000)
  object space 353280K, 95% used [0x0000000080000000,0x0000000094a33150,0x0000000095900000)
 Metaspace       used 70775K, committed 72192K, reserved 1114112K
  class space    used 8177K, committed 8832K, reserved 1048576K
}
Event: 50.953 GC heap after
{Heap after GC invocations=531 (full 4):
 PSYoungGen      total 3072K, used 995K [0x00000000d5580000, 0x00000000d5980000, 0x0000000100000000)
  eden space 2048K, 0% used [0x00000000d5580000,0x00000000d5580000,0x00000000d5780000)
  from space 1024K, 97% used [0x00000000d5780000,0x00000000d5878dd8,0x00000000d5880000)
  to   space 1024K, 0% used [0x00000000d5880000,0x00000000d5880000,0x00000000d5980000)
 ParOldGen       total 353280K, used 338777K [0x0000000080000000, 0x0000000095900000, 0x00000000d5580000)
  object space 353280K, 95% used [0x0000000080000000,0x0000000094ad6618,0x0000000095900000)
 Metaspace       used 70775K, committed 72192K, reserved 1114112K
  class space    used 8177K, committed 8832K, reserved 1048576K
}
Event: 50.978 GC heap before
{Heap before GC invocations=532 (full 4):
 PSYoungGen      total 3072K, used 3043K [0x00000000d5580000, 0x00000000d5980000, 0x0000000100000000)
  eden space 2048K, 100% used [0x00000000d5580000,0x00000000d5780000,0x00000000d5780000)
  from space 1024K, 97% used [0x00000000d5780000,0x00000000d5878dd8,0x00000000d5880000)
  to   space 1024K, 0% used [0x00000000d5880000,0x00000000d5880000,0x00000000d5980000)
 ParOldGen       total 353280K, used 338777K [0x0000000080000000, 0x0000000095900000, 0x00000000d5580000)
  object space 353280K, 95% used [0x0000000080000000,0x0000000094ad6618,0x0000000095900000)
 Metaspace       used 70843K, committed 72256K, reserved 1114112K
  class space    used 8194K, committed 8832K, reserved 1048576K
}
Event: 50.982 GC heap after
{Heap after GC invocations=532 (full 4):
 PSYoungGen      total 3072K, used 768K [0x00000000d5580000, 0x00000000d5980000, 0x0000000100000000)
  eden space 2048K, 0% used [0x00000000d5580000,0x00000000d5580000,0x00000000d5780000)
  from space 1024K, 75% used [0x00000000d5880000,0x00000000d5940000,0x00000000d5980000)
  to   space 1024K, 0% used [0x00000000d5780000,0x00000000d5780000,0x00000000d5880000)
 ParOldGen       total 353280K, used 340046K [0x0000000080000000, 0x0000000095900000, 0x00000000d5580000)
  object space 353280K, 96% used [0x0000000080000000,0x0000000094c13990,0x0000000095900000)
 Metaspace       used 70843K, committed 72256K, reserved 1114112K
  class space    used 8194K, committed 8832K, reserved 1048576K
}
Event: 51.009 GC heap before
{Heap before GC invocations=533 (full 4):
 PSYoungGen      total 3072K, used 2816K [0x00000000d5580000, 0x00000000d5980000, 0x0000000100000000)
  eden space 2048K, 100% used [0x00000000d5580000,0x00000000d5780000,0x00000000d5780000)
  from space 1024K, 75% used [0x00000000d5880000,0x00000000d5940000,0x00000000d5980000)
  to   space 1024K, 0% used [0x00000000d5780000,0x00000000d5780000,0x00000000d5880000)
 ParOldGen       total 353280K, used 342734K [0x0000000080000000, 0x0000000095900000, 0x00000000d5580000)
  object space 353280K, 97% used [0x0000000080000000,0x0000000094eb3990,0x0000000095900000)
 Metaspace       used 70920K, committed 72320K, reserved 1114112K
  class space    used 8213K, committed 8832K, reserved 1048576K
}
Event: 51.014 GC heap after
{Heap after GC invocations=533 (full 4):
 PSYoungGen      total 3072K, used 943K [0x00000000d5580000, 0x00000000d5980000, 0x0000000100000000)
  eden space 2048K, 0% used [0x00000000d5580000,0x00000000d5580000,0x00000000d5780000)
  from space 1024K, 92% used [0x00000000d5780000,0x00000000d586bf18,0x00000000d5880000)
  to   space 1024K, 0% used [0x00000000d5880000,0x00000000d5880000,0x00000000d5980000)
 ParOldGen       total 353280K, used 343350K [0x0000000080000000, 0x0000000095900000, 0x00000000d5580000)
  object space 353280K, 97% used [0x0000000080000000,0x0000000094f4d990,0x0000000095900000)
 Metaspace       used 70920K, committed 72320K, reserved 1114112K
  class space    used 8213K, committed 8832K, reserved 1048576K
}

