# JRE version: OpenJDK Runtime Environment Temurin-17.0.12+7 (17.0.12+7) (build 17.0.12+7)
# Java VM: OpenJDK 64-Bit Server VM Temurin-17.0.12+7 (17.0.12+7, mixed mode, sharing, tiered, compressed oops, compressed class ptrs, g1 gc, windows-amd64)
GC Precious Log:
 CPUs: 12 total, 12 available
 Memory: 5989M
 Large Page Support: Disabled
 NUMA Support: Disabled
 Compressed Oops: Enabled (32-bit)
 Heap Region Size: 1M
 Heap Min Capacity: 256M
 Heap Initial Capacity: 256M
 Heap Max Capacity: 512M
 Pre-touch: Disabled
 Parallel Workers: 10
 Concurrent Workers: 3
 Concurrent Refinement Workers: 10
 Periodic GC: Disabled
Heap:
 garbage-first heap   total 262144K, used 155924K [0x00000000e0000000, 0x0000000100000000)
  region size 1024K, 105 young (107520K), 18 survivors (18432K)
 Metaspace       used 64617K, committed 65344K, reserved 393216K
  class space    used 8917K, committed 9280K, reserved 327680K
GC Heap History (20 events):
Event: 0.920 GC heap before
{Heap before GC invocations=0 (full 0):
 garbage-first heap   total 262144K, used 23552K [0x00000000e0000000, 0x0000000100000000)
  region size 1024K, 23 young (23552K), 0 survivors (0K)
 Metaspace       used 1042K, committed 1152K, reserved 393216K
  class space    used 73K, committed 128K, reserved 327680K
}
Event: 0.925 GC heap after
{Heap after GC invocations=1 (full 0):
 garbage-first heap   total 262144K, used 1885K [0x00000000e0000000, 0x0000000100000000)
  region size 1024K, 2 young (2048K), 2 survivors (2048K)
 Metaspace       used 1042K, committed 1152K, reserved 393216K
  class space    used 73K, committed 128K, reserved 327680K
}
Event: 5.665 GC heap before
{Heap before GC invocations=1 (full 0):
 garbage-first heap   total 262144K, used 40797K [0x00000000e0000000, 0x0000000100000000)
  region size 1024K, 38 young (38912K), 2 survivors (2048K)
 Metaspace       used 4364K, committed 4544K, reserved 393216K
  class space    used 546K, committed 640K, reserved 327680K
}
Event: 5.674 GC heap after
{Heap after GC invocations=2 (full 0):
 garbage-first heap   total 262144K, used 10986K [0x00000000e0000000, 0x0000000100000000)
  region size 1024K, 5 young (5120K), 5 survivors (5120K)
 Metaspace       used 4364K, committed 4544K, reserved 393216K
  class space    used 546K, committed 640K, reserved 327680K
}
Event: 10.958 GC heap before
{Heap before GC invocations=2 (full 0):
 garbage-first heap   total 262144K, used 59114K [0x00000000e0000000, 0x0000000100000000)
  region size 1024K, 50 young (51200K), 5 survivors (5120K)
 Metaspace       used 4625K, committed 4864K, reserved 393216K
  class space    used 584K, committed 704K, reserved 327680K
}
Event: 10.969 GC heap after
{Heap after GC invocations=3 (full 0):
 garbage-first heap   total 262144K, used 16178K [0x00000000e0000000, 0x0000000100000000)
  region size 1024K, 5 young (5120K), 5 survivors (5120K)
 Metaspace       used 4625K, committed 4864K, reserved 393216K
  class space    used 584K, committed 704K, reserved 327680K
}
Event: 17.626 GC heap before
{Heap before GC invocations=3 (full 0):
 garbage-first heap   total 262144K, used 124722K [0x00000000e0000000, 0x0000000100000000)
  region size 1024K, 112 young (114688K), 5 survivors (5120K)
 Metaspace       used 21202K, committed 21504K, reserved 393216K
  class space    used 3092K, committed 3264K, reserved 327680K
}
Event: 17.644 GC heap after
{Heap after GC invocations=4 (full 0):
 garbage-first heap   total 262144K, used 23737K [0x00000000e0000000, 0x0000000100000000)
  region size 1024K, 12 young (12288K), 12 survivors (12288K)
 Metaspace       used 21202K, committed 21504K, reserved 393216K
  class space    used 3092K, committed 3264K, reserved 327680K
}
Event: 26.132 GC heap before
{Heap before GC invocations=5 (full 0):
 garbage-first heap   total 262144K, used 143545K [0x00000000e0000000, 0x0000000100000000)
  region size 1024K, 126 young (129024K), 12 survivors (12288K)
 Metaspace       used 35554K, committed 35968K, reserved 393216K
  class space    used 4893K, committed 5056K, reserved 327680K
}
Event: 26.158 GC heap after
{Heap after GC invocations=6 (full 0):
 garbage-first heap   total 262144K, used 33758K [0x00000000e0000000, 0x0000000100000000)
  region size 1024K, 18 young (18432K), 18 survivors (18432K)
 Metaspace       used 35554K, committed 35968K, reserved 393216K
  class space    used 4893K, committed 5056K, reserved 327680K
}
Event: 38.346 GC heap before
{Heap before GC invocations=7 (full 0):
 garbage-first heap   total 262144K, used 174046K [0x00000000e0000000, 0x0000000100000000)
  region size 1024K, 153 young (156672K), 18 survivors (18432K)
 Metaspace       used 48764K, committed 49344K, reserved 393216K
  class space    used 6829K, committed 7104K, reserved 327680K
}
Event: 38.377 GC heap after
{Heap after GC invocations=8 (full 0):
 garbage-first heap   total 262144K, used 40048K [0x00000000e0000000, 0x0000000100000000)
  region size 1024K, 17 young (17408K), 17 survivors (17408K)
 Metaspace       used 48764K, committed 49344K, reserved 393216K
  class space    used 6829K, committed 7104K, reserved 327680K
}
Event: 49.195 GC heap before
{Heap before GC invocations=8 (full 0):
 garbage-first heap   total 262144K, used 179312K [0x00000000e0000000, 0x0000000100000000)
  region size 1024K, 153 young (156672K), 17 survivors (17408K)
 Metaspace       used 56454K, committed 57152K, reserved 393216K
  class space    used 7907K, committed 8192K, reserved 327680K
}
Event: 49.227 GC heap after
{Heap after GC invocations=9 (full 0):
 garbage-first heap   total 262144K, used 51562K [0x00000000e0000000, 0x0000000100000000)
  region size 1024K, 19 young (19456K), 19 survivors (19456K)
 Metaspace       used 56454K, committed 57152K, reserved 393216K
  class space    used 7907K, committed 8192K, reserved 327680K
}
Event: 63.606 GC heap before
{Heap before GC invocations=9 (full 0):
 garbage-first heap   total 262144K, used 187754K [0x00000000e0000000, 0x0000000100000000)
  region size 1024K, 153 young (156672K), 19 survivors (19456K)
 Metaspace       used 58562K, committed 59264K, reserved 393216K
  class space    used 8065K, committed 8384K, reserved 327680K
}
Event: 63.630 GC heap after
{Heap after GC invocations=10 (full 0):
 garbage-first heap   total 262144K, used 55942K [0x00000000e0000000, 0x0000000100000000)
  region size 1024K, 16 young (16384K), 16 survivors (16384K)
 Metaspace       used 58562K, committed 59264K, reserved 393216K
  class space    used 8065K, committed 8384K, reserved 327680K
}
Event: 66.607 GC heap before
{Heap before GC invocations=10 (full 0):
 garbage-first heap   total 262144K, used 93830K [0x00000000e0000000, 0x0000000100000000)
  region size 1024K, 54 young (55296K), 16 survivors (16384K)
 Metaspace       used 59407K, committed 60096K, reserved 393216K
  class space    used 8160K, committed 8512K, reserved 327680K
}
Event: 66.627 GC heap after
{Heap after GC invocations=11 (full 0):
 garbage-first heap   total 262144K, used 57482K [0x00000000e0000000, 0x0000000100000000)
  region size 1024K, 8 young (8192K), 8 survivors (8192K)
 Metaspace       used 59407K, committed 60096K, reserved 393216K
  class space    used 8160K, committed 8512K, reserved 327680K
}
Event: 110.730 GC heap before
{Heap before GC invocations=12 (full 0):
 garbage-first heap   total 262144K, used 204938K [0x00000000e0000000, 0x0000000100000000)
  region size 1024K, 153 young (156672K), 8 survivors (8192K)
 Metaspace       used 64306K, committed 65088K, reserved 393216K
  class space    used 8915K, committed 9280K, reserved 327680K
}
Event: 110.799 GC heap after
{Heap after GC invocations=13 (full 0):
 garbage-first heap   total 262144K, used 67860K [0x00000000e0000000, 0x0000000100000000)
  region size 1024K, 18 young (18432K), 18 survivors (18432K)
 Metaspace       used 64306K, committed 65088K, reserved 393216K
  class space    used 8915K, committed 9280K, reserved 327680K
}

