# JRE version: OpenJDK Runtime Environment Temurin-17.0.12+7 (17.0.12+7) (build 17.0.12+7)
# Java VM: OpenJDK 64-Bit Server VM Temurin-17.0.12+7 (17.0.12+7, mixed mode, sharing, tiered, compressed oops, compressed class ptrs, g1 gc, windows-amd64)
GC Precious Log:
 CPUs: 12 total, 12 available
 Memory: 5989M
 Large Page Support: Disabled
 NUMA Support: Disabled
 Compressed Oops: Enabled (32-bit)
 Heap Region Size: 1M
 Heap Min Capacity: 256M
 Heap Initial Capacity: 256M
 Heap Max Capacity: 512M
 Pre-touch: Disabled
 Parallel Workers: 10
 Concurrent Workers: 3
 Concurrent Refinement Workers: 10
 Periodic GC: Disabled
Heap:
 garbage-first heap   total 262144K, used 196713K [0x00000000e0000000, 0x0000000100000000)
  region size 1024K, 134 young (137216K), 18 survivors (18432K)
 Metaspace       used 69040K, committed 69824K, reserved 393216K
  class space    used 9349K, committed 9728K, reserved 327680K
GC Heap History (20 events):
Event: 2.441 GC heap before
{Heap before GC invocations=2 (full 0):
 garbage-first heap   total 262144K, used 59775K [0x00000000e0000000, 0x0000000100000000)
  region size 1024K, 51 young (52224K), 5 survivors (5120K)
 Metaspace       used 4565K, committed 4672K, reserved 393216K
  class space    used 566K, committed 640K, reserved 327680K
}
Event: 2.451 GC heap after
{Heap after GC invocations=3 (full 0):
 garbage-first heap   total 262144K, used 16217K [0x00000000e0000000, 0x0000000100000000)
  region size 1024K, 5 young (5120K), 5 survivors (5120K)
 Metaspace       used 4565K, committed 4672K, reserved 393216K
  class space    used 566K, committed 640K, reserved 327680K
}
Event: 6.398 GC heap before
{Heap before GC invocations=3 (full 0):
 garbage-first heap   total 262144K, used 129881K [0x00000000e0000000, 0x0000000100000000)
  region size 1024K, 117 young (119808K), 5 survivors (5120K)
 Metaspace       used 21191K, committed 21504K, reserved 393216K
  class space    used 3084K, committed 3264K, reserved 327680K
}
Event: 6.411 GC heap after
{Heap after GC invocations=4 (full 0):
 garbage-first heap   total 262144K, used 23752K [0x00000000e0000000, 0x0000000100000000)
  region size 1024K, 12 young (12288K), 12 survivors (12288K)
 Metaspace       used 21191K, committed 21504K, reserved 393216K
  class space    used 3084K, committed 3264K, reserved 327680K
}
Event: 10.508 GC heap before
{Heap before GC invocations=5 (full 0):
 garbage-first heap   total 262144K, used 141512K [0x00000000e0000000, 0x0000000100000000)
  region size 1024K, 129 young (132096K), 12 survivors (12288K)
 Metaspace       used 35602K, committed 35968K, reserved 393216K
  class space    used 5047K, committed 5184K, reserved 327680K
}
Event: 10.528 GC heap after
{Heap after GC invocations=6 (full 0):
 garbage-first heap   total 262144K, used 32172K [0x00000000e0000000, 0x0000000100000000)
  region size 1024K, 16 young (16384K), 16 survivors (16384K)
 Metaspace       used 35602K, committed 35968K, reserved 393216K
  class space    used 5047K, committed 5184K, reserved 327680K
}
Event: 19.822 GC heap before
{Heap before GC invocations=7 (full 0):
 garbage-first heap   total 262144K, used 179628K [0x00000000e0000000, 0x0000000100000000)
  region size 1024K, 153 young (156672K), 16 survivors (16384K)
 Metaspace       used 53435K, committed 53952K, reserved 393216K
  class space    used 7415K, committed 7680K, reserved 327680K
}
Event: 19.850 GC heap after
{Heap after GC invocations=8 (full 0):
 garbage-first heap   total 262144K, used 39551K [0x00000000e0000000, 0x0000000100000000)
  region size 1024K, 16 young (16384K), 16 survivors (16384K)
 Metaspace       used 53435K, committed 53952K, reserved 393216K
  class space    used 7415K, committed 7680K, reserved 327680K
}
Event: 24.056 GC heap before
{Heap before GC invocations=8 (full 0):
 garbage-first heap   total 262144K, used 133759K [0x00000000e0000000, 0x0000000100000000)
  region size 1024K, 109 young (111616K), 16 survivors (16384K)
 Metaspace       used 59536K, committed 60096K, reserved 393216K
  class space    used 8271K, committed 8512K, reserved 327680K
}
Event: 24.083 GC heap after
{Heap after GC invocations=9 (full 0):
 garbage-first heap   total 262144K, used 48359K [0x00000000e0000000, 0x0000000100000000)
  region size 1024K, 17 young (17408K), 17 survivors (17408K)
 Metaspace       used 59536K, committed 60096K, reserved 393216K
  class space    used 8271K, committed 8512K, reserved 327680K
}
Event: 28.315 GC heap before
{Heap before GC invocations=10 (full 0):
 garbage-first heap   total 262144K, used 187623K [0x00000000e0000000, 0x0000000100000000)
  region size 1024K, 153 young (156672K), 17 survivors (17408K)
 Metaspace       used 61468K, committed 62080K, reserved 393216K
  class space    used 8375K, committed 8640K, reserved 327680K
}
Event: 28.333 GC heap after
{Heap after GC invocations=11 (full 0):
 garbage-first heap   total 262144K, used 54676K [0x00000000e0000000, 0x0000000100000000)
  region size 1024K, 15 young (15360K), 15 survivors (15360K)
 Metaspace       used 61468K, committed 62080K, reserved 393216K
  class space    used 8375K, committed 8640K, reserved 327680K
}
Event: 28.355 GC heap before
{Heap before GC invocations=11 (full 0):
 garbage-first heap   total 262144K, used 55700K [0x00000000e0000000, 0x0000000100000000)
  region size 1024K, 16 young (16384K), 15 survivors (15360K)
 Metaspace       used 61547K, committed 62144K, reserved 393216K
  class space    used 8392K, committed 8640K, reserved 327680K
}
Event: 28.369 GC heap after
{Heap after GC invocations=12 (full 0):
 garbage-first heap   total 262144K, used 55853K [0x00000000e0000000, 0x0000000100000000)
  region size 1024K, 2 young (2048K), 2 survivors (2048K)
 Metaspace       used 61547K, committed 62144K, reserved 393216K
  class space    used 8392K, committed 8640K, reserved 327680K
}
Event: 2603.926 GC heap before
{Heap before GC invocations=12 (full 0):
 garbage-first heap   total 262144K, used 210477K [0x00000000e0000000, 0x0000000100000000)
  region size 1024K, 148 young (151552K), 2 survivors (2048K)
 Metaspace       used 65842K, committed 66496K, reserved 393216K
  class space    used 8994K, committed 9344K, reserved 327680K
}
Event: 2604.006 GC heap after
{Heap after GC invocations=13 (full 0):
 garbage-first heap   total 262144K, used 61469K [0x00000000e0000000, 0x0000000100000000)
  region size 1024K, 8 young (8192K), 8 survivors (8192K)
 Metaspace       used 65842K, committed 66496K, reserved 393216K
  class space    used 8994K, committed 9344K, reserved 327680K
}
Event: 2610.954 GC heap before
{Heap before GC invocations=13 (full 0):
 garbage-first heap   total 262144K, used 204829K [0x00000000e0000000, 0x0000000100000000)
  region size 1024K, 149 young (152576K), 8 survivors (8192K)
 Metaspace       used 66769K, committed 67456K, reserved 393216K
  class space    used 9067K, committed 9408K, reserved 327680K
}
Event: 2610.981 GC heap after
{Heap after GC invocations=14 (full 0):
 garbage-first heap   total 262144K, used 70715K [0x00000000e0000000, 0x0000000100000000)
  region size 1024K, 17 young (17408K), 17 survivors (17408K)
 Metaspace       used 66769K, committed 67456K, reserved 393216K
  class space    used 9067K, committed 9408K, reserved 327680K
}
Event: 3180.553 GC heap before
{Heap before GC invocations=14 (full 0):
 garbage-first heap   total 262144K, used 212027K [0x00000000e0000000, 0x0000000100000000)
  region size 1024K, 150 young (153600K), 17 survivors (17408K)
 Metaspace       used 68817K, committed 69568K, reserved 393216K
  class space    used 9346K, committed 9728K, reserved 327680K
}
Event: 3180.694 GC heap after
{Heap after GC invocations=15 (full 0):
 garbage-first heap   total 262144K, used 73833K [0x00000000e0000000, 0x0000000100000000)
  region size 1024K, 18 young (18432K), 18 survivors (18432K)
 Metaspace       used 68817K, committed 69568K, reserved 393216K
  class space    used 9346K, committed 9728K, reserved 327680K
}

