# JRE version: Java(TM) SE Runtime Environment (21.0.5+9) (build 21.0.5+9-LTS-239)
# Java VM: Java HotSpot(TM) 64-Bit Server VM (21.0.5+9-LTS-239, mixed mode, emulated-client, sharing, tiered, compressed oops, compressed class ptrs, g1 gc, windows-amd64)
GC Precious Log:
 CardTable entry size: 512
 Card Set container configuration: InlinePtr #cards 5 size 8 Array Of Cards #cards 12 size 40 Howl #buckets 4 coarsen threshold 1843 Howl Bitmap #cards 512 size 80 coarsen threshold 460 Card regions per heap region 1 cards per card region 2048
 CPUs: 12 total, 12 available
 Memory: 5989M
 Large Page Support: Disabled
 NUMA Support: Disabled
 Compressed Oops: Enabled (32-bit)
 Heap Region Size: 1M
 Heap Min Capacity: 8M
 Heap Initial Capacity: 94M
 Heap Max Capacity: 1498M
 Pre-touch: Disabled
 Parallel Workers: 10
 Concurrent Workers: 3
 Concurrent Refinement Workers: 10
 Periodic GC: Disabled
Heap:
 garbage-first heap   total 79872K, used 53357K [0x00000000a2600000, 0x0000000100000000)
  region size 1024K, 13 young (13312K), 3 survivors (3072K)
 Metaspace       used 66973K, committed 67712K, reserved 1114112K
  class space    used 9711K, committed 10048K, reserved 1048576K
GC Heap History (20 events):
Event: 10.427 GC heap before
{Heap before GC invocations=8 (full 0):
 garbage-first heap   total 66560K, used 54824K [0x00000000a2600000, 0x0000000100000000)
  region size 1024K, 33 young (33792K), 2 survivors (2048K)
 Metaspace       used 38345K, committed 38912K, reserved 1114112K
  class space    used 5239K, committed 5504K, reserved 1048576K
}
Event: 10.434 GC heap after
{Heap after GC invocations=9 (full 0):
 garbage-first heap   total 79872K, used 25617K [0x00000000a2600000, 0x0000000100000000)
  region size 1024K, 5 young (5120K), 5 survivors (5120K)
 Metaspace       used 38345K, committed 38912K, reserved 1114112K
  class space    used 5239K, committed 5504K, reserved 1048576K
}
Event: 12.359 GC heap before
{Heap before GC invocations=9 (full 0):
 garbage-first heap   total 79872K, used 66577K [0x00000000a2600000, 0x0000000100000000)
  region size 1024K, 45 young (46080K), 5 survivors (5120K)
 Metaspace       used 48293K, committed 48896K, reserved 1114112K
  class space    used 6722K, committed 6976K, reserved 1048576K
}
Event: 12.372 GC heap after
{Heap after GC invocations=10 (full 0):
 garbage-first heap   total 79872K, used 27652K [0x00000000a2600000, 0x0000000100000000)
  region size 1024K, 6 young (6144K), 6 survivors (6144K)
 Metaspace       used 48293K, committed 48896K, reserved 1114112K
  class space    used 6722K, committed 6976K, reserved 1048576K
}
Event: 13.297 GC heap before
{Heap before GC invocations=10 (full 0):
 garbage-first heap   total 79872K, used 40964K [0x00000000a2600000, 0x0000000100000000)
  region size 1024K, 20 young (20480K), 6 survivors (6144K)
 Metaspace       used 51604K, committed 52160K, reserved 1114112K
  class space    used 7257K, committed 7488K, reserved 1048576K
}
Event: 13.307 GC heap after
{Heap after GC invocations=11 (full 0):
 garbage-first heap   total 79872K, used 28230K [0x00000000a2600000, 0x0000000100000000)
  region size 1024K, 4 young (4096K), 4 survivors (4096K)
 Metaspace       used 51604K, committed 52160K, reserved 1114112K
  class space    used 7257K, committed 7488K, reserved 1048576K
}
Event: 18.116 GC heap before
{Heap before GC invocations=12 (full 0):
 garbage-first heap   total 79872K, used 69190K [0x00000000a2600000, 0x0000000100000000)
  region size 1024K, 44 young (45056K), 4 survivors (4096K)
 Metaspace       used 56475K, committed 57152K, reserved 1114112K
  class space    used 7991K, committed 8320K, reserved 1048576K
}
Event: 18.121 GC heap after
{Heap after GC invocations=13 (full 0):
 garbage-first heap   total 79872K, used 30409K [0x00000000a2600000, 0x0000000100000000)
  region size 1024K, 6 young (6144K), 6 survivors (6144K)
 Metaspace       used 56475K, committed 57152K, reserved 1114112K
  class space    used 7991K, committed 8320K, reserved 1048576K
}
Event: 24.360 GC heap before
{Heap before GC invocations=13 (full 0):
 garbage-first heap   total 79872K, used 67273K [0x00000000a2600000, 0x0000000100000000)
  region size 1024K, 42 young (43008K), 6 survivors (6144K)
 Metaspace       used 61684K, committed 62400K, reserved 1114112K
  class space    used 8842K, committed 9152K, reserved 1048576K
}
Event: 24.367 GC heap after
{Heap after GC invocations=14 (full 0):
 garbage-first heap   total 79872K, used 32047K [0x00000000a2600000, 0x0000000100000000)
  region size 1024K, 5 young (5120K), 5 survivors (5120K)
 Metaspace       used 61684K, committed 62400K, reserved 1114112K
  class space    used 8842K, committed 9152K, reserved 1048576K
}
Event: 25.719 GC heap before
{Heap before GC invocations=14 (full 0):
 garbage-first heap   total 79872K, used 68911K [0x00000000a2600000, 0x0000000100000000)
  region size 1024K, 41 young (41984K), 5 survivors (5120K)
 Metaspace       used 63799K, committed 64512K, reserved 1114112K
  class space    used 9267K, committed 9600K, reserved 1048576K
}
Event: 25.724 GC heap after
{Heap after GC invocations=15 (full 0):
 garbage-first heap   total 79872K, used 33973K [0x00000000a2600000, 0x0000000100000000)
  region size 1024K, 5 young (5120K), 5 survivors (5120K)
 Metaspace       used 63799K, committed 64512K, reserved 1114112K
  class space    used 9267K, committed 9600K, reserved 1048576K
}
Event: 27.909 GC heap before
{Heap before GC invocations=15 (full 0):
 garbage-first heap   total 79872K, used 68789K [0x00000000a2600000, 0x0000000100000000)
  region size 1024K, 39 young (39936K), 5 survivors (5120K)
 Metaspace       used 65220K, committed 65920K, reserved 1114112K
  class space    used 9449K, committed 9792K, reserved 1048576K
}
Event: 27.914 GC heap after
{Heap after GC invocations=16 (full 0):
 garbage-first heap   total 79872K, used 35501K [0x00000000a2600000, 0x0000000100000000)
  region size 1024K, 4 young (4096K), 4 survivors (4096K)
 Metaspace       used 65220K, committed 65920K, reserved 1114112K
  class space    used 9449K, committed 9792K, reserved 1048576K
}
Event: 28.043 GC heap before
{Heap before GC invocations=17 (full 0):
 garbage-first heap   total 79872K, used 69293K [0x00000000a2600000, 0x0000000100000000)
  region size 1024K, 37 young (37888K), 4 survivors (4096K)
 Metaspace       used 65232K, committed 65920K, reserved 1114112K
  class space    used 9458K, committed 9792K, reserved 1048576K
}
Event: 28.055 GC heap after
{Heap after GC invocations=18 (full 0):
 garbage-first heap   total 79872K, used 41843K [0x00000000a2600000, 0x0000000100000000)
  region size 1024K, 5 young (5120K), 5 survivors (5120K)
 Metaspace       used 65232K, committed 65920K, reserved 1114112K
  class space    used 9458K, committed 9792K, reserved 1048576K
}
Event: 28.321 GC heap before
{Heap before GC invocations=18 (full 0):
 garbage-first heap   total 79872K, used 68467K [0x00000000a2600000, 0x0000000100000000)
  region size 1024K, 31 young (31744K), 5 survivors (5120K)
 Metaspace       used 65419K, committed 66112K, reserved 1114112K
  class space    used 9506K, committed 9792K, reserved 1048576K
}
Event: 28.327 GC heap after
{Heap after GC invocations=19 (full 0):
 garbage-first heap   total 79872K, used 43167K [0x00000000a2600000, 0x0000000100000000)
  region size 1024K, 2 young (2048K), 2 survivors (2048K)
 Metaspace       used 65419K, committed 66112K, reserved 1114112K
  class space    used 9506K, committed 9792K, reserved 1048576K
}
Event: 28.646 GC heap before
{Heap before GC invocations=19 (full 0):
 garbage-first heap   total 79872K, used 69791K [0x00000000a2600000, 0x0000000100000000)
  region size 1024K, 28 young (28672K), 2 survivors (2048K)
 Metaspace       used 65969K, committed 66624K, reserved 1114112K
  class space    used 9568K, committed 9856K, reserved 1048576K
}
Event: 28.650 GC heap after
{Heap after GC invocations=20 (full 0):
 garbage-first heap   total 79872K, used 44141K [0x00000000a2600000, 0x0000000100000000)
  region size 1024K, 3 young (3072K), 3 survivors (3072K)
 Metaspace       used 65969K, committed 66624K, reserved 1114112K
  class space    used 9568K, committed 9856K, reserved 1048576K
}

